#
# There is insufficient memory for the Java Runtime Environment to continue.
# Native memory allocation (mmap) failed to map 309854208 bytes for committing reserved memory.
# Possible reasons:
#   The system is out of physical RAM or swap space
#   In 32 bit mode, the process size limit was hit
# Possible solutions:
#   Reduce memory load on the system
#   Increase physical memory or swap space
#   Check if swap backing store is full
#   Use 64 bit Java on a 64 bit OS
#   Decrease Java heap size (-Xmx/-Xms)
#   Decrease number of Java threads
#   Decrease Java thread stack sizes (-Xss)
#   Set larger code cache with -XX:ReservedCodeCacheSize=
# This output file may be truncated or incomplete.
#
#  Out of Memory Error (os_linux.cpp:2627), pid=8065, tid=0x00007ff1c5f17700
#
# JRE version: Java(TM) SE Runtime Environment (8.0_121-b13) (build 1.8.0_121-b13)
# Java VM: Java HotSpot(TM) 64-Bit Server VM (25.121-b13 mixed mode linux-amd64 compressed oops)
# Failed to write core dump. Core dumps have been disabled. To enable core dumping, try "ulimit -c unlimited" before starting Java again
#

---------------  T H R E A D  ---------------

Current thread (0x00007ff1dc078000):  VMThread [stack: 0x00007ff1c5e17000,0x00007ff1c5f18000] [id=8075]

Stack: [0x00007ff1c5e17000,0x00007ff1c5f18000],  sp=0x00007ff1c5f160e0,  free space=1020k
Native frames: (J=compiled Java code, j=interpreted, Vv=VM code, C=native code)
V  [libjvm.so+0xac703a]  VMError::report_and_die()+0x2ba
V  [libjvm.so+0x4fc7eb]  report_vm_out_of_memory(char const*, int, unsigned long, VMErrorType, char const*)+0x8b
V  [libjvm.so+0x923c43]  os::Linux::commit_memory_impl(char*, unsigned long, bool)+0x103
V  [libjvm.so+0x924199]  os::pd_commit_memory(char*, unsigned long, unsigned long, bool)+0x29
V  [libjvm.so+0x91e4aa]  os::commit_memory(char*, unsigned long, unsigned long, bool)+0x2a
V  [libjvm.so+0x992f03]  PSVirtualSpace::expand_by(unsigned long)+0x53
V  [libjvm.so+0x9837c0]  PSOldGen::expand(unsigned long)+0x170
V  [libjvm.so+0x9839cb]  PSOldGen::resize(unsigned long)+0x1cb
V  [libjvm.so+0x98b6d1]  PSParallelCompact::invoke_no_policy(bool)+0x991
V  [libjvm.so+0x99102d]  PSScavenge::invoke()+0x1ad
V  [libjvm.so+0x947c10]  ParallelScavengeHeap::failed_mem_allocate(unsigned long)+0x70
V  [libjvm.so+0xac8a57]  VM_ParallelGCFailedAllocation::doit()+0x97
V  [libjvm.so+0xad0535]  VM_Operation::evaluate()+0x55
V  [libjvm.so+0xace90a]  VMThread::evaluate_operation(VM_Operation*)+0xba
V  [libjvm.so+0xacec8e]  VMThread::loop()+0x1ce
V  [libjvm.so+0xacf100]  VMThread::run()+0x70
V  [libjvm.so+0x926268]  java_start(Thread*)+0x108

VM_Operation (0x00007ff1c4b1fe00): ParallelGCFailedAllocation, mode: safepoint, requested by thread 0x00007ff1dc1de800


---------------  P R O C E S S  ---------------

Java Threads: ( => current thread )
  0x00007ff1dc24c800 JavaThread "pool-1-thread-1" [_thread_blocked, id=8101, stack(0x00007ff1c481f000,0x00007ff1c4920000)]
  0x00007ff1dc1e0000 JavaThread "pool-2-thread-4" [_thread_blocked, id=8088, stack(0x00007ff1c4920000,0x00007ff1c4a21000)]
  0x00007ff1dc1de800 JavaThread "pool-2-thread-3" [_thread_blocked, id=8087, stack(0x00007ff1c4a21000,0x00007ff1c4b22000)]
  0x00007ff1dc1dd000 JavaThread "pool-2-thread-2" [_thread_blocked, id=8086, stack(0x00007ff1c4b22000,0x00007ff1c4c23000)]
  0x00007ff1dc1db000 JavaThread "pool-3-thread-1" [_thread_blocked, id=8085, stack(0x00007ff1c4c23000,0x00007ff1c4d24000)]
  0x00007ff1dc1da000 JavaThread "pool-2-thread-1" [_thread_blocked, id=8084, stack(0x00007ff1c4d24000,0x00007ff1c4e25000)]
  0x00007ff1dc0c8800 JavaThread "Service Thread" daemon [_thread_blocked, id=8082, stack(0x00007ff1c502e000,0x00007ff1c512f000)]
  0x00007ff1dc0bd800 JavaThread "C1 CompilerThread2" daemon [_thread_blocked, id=8081, stack(0x00007ff1c512f000,0x00007ff1c5230000)]
  0x00007ff1dc0bb800 JavaThread "C2 CompilerThread1" daemon [_thread_in_native, id=8080, stack(0x00007ff1c5230000,0x00007ff1c5331000)]
  0x00007ff1dc0b8800 JavaThread "C2 CompilerThread0" daemon [_thread_blocked, id=8079, stack(0x00007ff1c5331000,0x00007ff1c5432000)]
  0x00007ff1dc0b7000 JavaThread "Signal Dispatcher" daemon [_thread_blocked, id=8078, stack(0x00007ff1c5432000,0x00007ff1c5533000)]
  0x00007ff1dc084800 JavaThread "Finalizer" daemon [_thread_blocked, id=8077, stack(0x00007ff1c5c15000,0x00007ff1c5d16000)]
  0x00007ff1dc07f800 JavaThread "Reference Handler" daemon [_thread_blocked, id=8076, stack(0x00007ff1c5d16000,0x00007ff1c5e17000)]
  0x00007ff1dc00a000 JavaThread "main" [_thread_blocked, id=8070, stack(0x00007ff1e3558000,0x00007ff1e3659000)]

Other Threads:
=>0x00007ff1dc078000 VMThread [stack: 0x00007ff1c5e17000,0x00007ff1c5f18000] [id=8075]
  0x00007ff1dc0cb000 WatcherThread [stack: 0x00007ff1c4f2d000,0x00007ff1c502e000] [id=8083]

VM state:at safepoint (normal execution)

VM Mutex/Monitor currently owned by a thread:  ([mutex/lock_event])
[0x00007ff1dc005f70] ExpandHeap_lock - owner thread: 0x00007ff1dc078000
[0x00007ff1dc0065f0] Threads_lock - owner thread: 0x00007ff1dc078000
[0x00007ff1dc006af0] Heap_lock - owner thread: 0x00007ff1dc1de800

Heap:
 PSYoungGen      total 1149952K, used 62172K [0x000000076ab00000, 0x00000007c0000000, 0x00000007c0000000)
  eden space 902144K, 0% used [0x000000076ab00000,0x000000076ab00000,0x00000007a1c00000)
  from space 247808K, 25% used [0x00000007a1c00000,0x00000007a58b7088,0x00000007b0e00000)
  to   space 247808K, 0% used [0x00000007b0e00000,0x00000007b0e00000,0x00000007c0000000)
 ParOldGen       total 859136K, used 858673K [0x00000006c0000000, 0x00000006f4700000, 0x000000076ab00000)
  object space 859136K, 99% used [0x00000006c0000000,0x00000006f468c458,0x00000006f4700000)
 Metaspace       used 7089K, capacity 7672K, committed 7936K, reserved 1056768K
  class space    used 652K, capacity 688K, committed 768K, reserved 1048576K

Card table byte_map: [0x00007ff1cc7ff000,0x00007ff1cd000000] byte_map_base: 0x00007ff1c91ff000

Marking Bits: (ParMarkBitMap*) 0x00007ff1e2a35c80
 Begin Bits: [0x00007ff1a8000000, 0x00007ff1ac000000)
 End Bits:   [0x00007ff1ac000000, 0x00007ff1b0000000)

Polling page: 0x00007ff1e367f000

CodeCache: size=245760Kb used=15706Kb max_used=15706Kb free=230053Kb
 bounds [0x00007ff1cd000000, 0x00007ff1cdf70000, 0x00007ff1dc000000]
 total_blobs=3468 nmethods=3199 adapters=182
 compilation: enabled

Compilation events (10 events):
Event: 17.710 Thread 0x00007ff1dc0bd800 3398       3       com.android.dx.ssa.back.FirstFitLocalCombiningAllocator::ssaSetToSpecs (57 bytes)
Event: 17.711 Thread 0x00007ff1dc0bd800 nmethod 3398 0x00007ff1cdf5e010 code [0x00007ff1cdf5e280, 0x00007ff1cdf5f2c8]
Event: 17.736 Thread 0x00007ff1dc0bd800 3400       2       com.android.dx.dex.code.SwitchData::codeSize (27 bytes)
Event: 17.736 Thread 0x00007ff1dc0bd800 nmethod 3400 0x00007ff1cdf5fcd0 code [0x00007ff1cdf5fe40, 0x00007ff1cdf60008]
Event: 17.776 Thread 0x00007ff1dc0bd800 3402       2       com.android.dx.dex.code.OddSpacer::codeSize (7 bytes)
Event: 17.776 Thread 0x00007ff1dc0bd800 nmethod 3402 0x00007ff1cdf600d0 code [0x00007ff1cdf60240, 0x00007ff1cdf60448]
Event: 17.779 Thread 0x00007ff1dc0bd800 3403       2       com.android.dx.dex.code.form.Form31t::isCompatible (38 bytes)
Event: 17.780 Thread 0x00007ff1dc0bd800 nmethod 3403 0x00007ff1cdf60550 code [0x00007ff1cdf606c0, 0x00007ff1cdf60928]
Event: 17.784 Thread 0x00007ff1dc0bd800 3404       2       com.android.dx.dex.code.form.Form31i::isCompatible (66 bytes)
Event: 17.784 Thread 0x00007ff1dc0bd800 nmethod 3404 0x00007ff1cdf60ad0 code [0x00007ff1cdf60c60, 0x00007ff1cdf60f98]

GC Heap History (10 events):
Event: 11.319 GC heap after
Heap after GC invocations=18 (full 4):
 PSYoungGen      total 1156608K, used 120058K [0x000000076ab00000, 0x00000007bd080000, 0x00000007c0000000)
  eden space 988160K, 0% used [0x000000076ab00000,0x000000076ab00000,0x00000007a7000000)
  from space 168448K, 71% used [0x00000007b1f80000,0x00000007b94bead0,0x00000007bc400000)
  to   space 179712K, 0% used [0x00000007a7000000,0x00000007a7000000,0x00000007b1f80000)
 ParOldGen       total 616448K, used 482709K [0x00000006c0000000, 0x00000006e5a00000, 0x000000076ab00000)
  object space 616448K, 78% used [0x00000006c0000000,0x00000006dd765608,0x00000006e5a00000)
 Metaspace       used 6712K, capacity 7320K, committed 7680K, reserved 1056768K
  class space    used 631K, capacity 656K, committed 768K, reserved 1048576K
}
Event: 12.650 GC heap before
{Heap before GC invocations=19 (full 4):
 PSYoungGen      total 1156608K, used 1108218K [0x000000076ab00000, 0x00000007bd080000, 0x00000007c0000000)
  eden space 988160K, 100% used [0x000000076ab00000,0x00000007a7000000,0x00000007a7000000)
  from space 168448K, 71% used [0x00000007b1f80000,0x00000007b94bead0,0x00000007bc400000)
  to   space 179712K, 0% used [0x00000007a7000000,0x00000007a7000000,0x00000007b1f80000)
 ParOldGen       total 616448K, used 482709K [0x00000006c0000000, 0x00000006e5a00000, 0x000000076ab00000)
  object space 616448K, 78% used [0x00000006c0000000,0x00000006dd765608,0x00000006e5a00000)
 Metaspace       used 6716K, capacity 7320K, committed 7680K, reserved 1056768K
  class space    used 631K, capacity 656K, committed 768K, reserved 1048576K
Event: 13.211 GC heap after
Heap after GC invocations=19 (full 4):
 PSYoungGen      total 1167872K, used 179703K [0x000000076ab00000, 0x00000007c0000000, 0x00000007c0000000)
  eden space 988160K, 0% used [0x000000076ab00000,0x000000076ab00000,0x00000007a7000000)
  from space 179712K, 99% used [0x00000007a7000000,0x00000007b1f7dfa8,0x00000007b1f80000)
  to   space 229888K, 0% used [0x00000007b1f80000,0x00000007b1f80000,0x00000007c0000000)
 ParOldGen       total 616448K, used 564290K [0x00000006c0000000, 0x00000006e5a00000, 0x000000076ab00000)
  object space 616448K, 91% used [0x00000006c0000000,0x00000006e2710818,0x00000006e5a00000)
 Metaspace       used 6716K, capacity 7320K, committed 7680K, reserved 1056768K
  class space    used 631K, capacity 656K, committed 768K, reserved 1048576K
}
Event: 13.211 GC heap before
{Heap before GC invocations=20 (full 5):
 PSYoungGen      total 1167872K, used 179703K [0x000000076ab00000, 0x00000007c0000000, 0x00000007c0000000)
  eden space 988160K, 0% used [0x000000076ab00000,0x000000076ab00000,0x00000007a7000000)
  from space 179712K, 99% used [0x00000007a7000000,0x00000007b1f7dfa8,0x00000007b1f80000)
  to   space 229888K, 0% used [0x00000007b1f80000,0x00000007b1f80000,0x00000007c0000000)
 ParOldGen       total 616448K, used 564290K [0x00000006c0000000, 0x00000006e5a00000, 0x000000076ab00000)
  object space 616448K, 91% used [0x00000006c0000000,0x00000006e2710818,0x00000006e5a00000)
 Metaspace       used 6716K, capacity 7320K, committed 7680K, reserved 1056768K
  class space    used 631K, capacity 656K, committed 768K, reserved 1048576K
Event: 14.599 GC heap after
Heap after GC invocations=20 (full 5):
 PSYoungGen      total 1167872K, used 117819K [0x000000076ab00000, 0x00000007c0000000, 0x00000007c0000000)
  eden space 988160K, 0% used [0x000000076ab00000,0x000000076ab00000,0x00000007a7000000)
  from space 179712K, 65% used [0x00000007a7000000,0x00000007ae30ef68,0x00000007b1f80000)
  to   space 229888K, 0% used [0x00000007b1f80000,0x00000007b1f80000,0x00000007c0000000)
 ParOldGen       total 859136K, used 616366K [0x00000006c0000000, 0x00000006f4700000, 0x000000076ab00000)
  object space 859136K, 71% used [0x00000006c0000000,0x00000006e59eba80,0x00000006f4700000)
 Metaspace       used 6716K, capacity 7320K, committed 7680K, reserved 1056768K
  class space    used 631K, capacity 656K, committed 768K, reserved 1048576K
}
Event: 16.070 GC heap before
{Heap before GC invocations=21 (full 5):
 PSYoungGen      total 1167872K, used 1105979K [0x000000076ab00000, 0x00000007c0000000, 0x00000007c0000000)
  eden space 988160K, 100% used [0x000000076ab00000,0x00000007a7000000,0x00000007a7000000)
  from space 179712K, 65% used [0x00000007a7000000,0x00000007ae30ef68,0x00000007b1f80000)
  to   space 229888K, 0% used [0x00000007b1f80000,0x00000007b1f80000,0x00000007c0000000)
 ParOldGen       total 859136K, used 616366K [0x00000006c0000000, 0x00000006f4700000, 0x000000076ab00000)
  object space 859136K, 71% used [0x00000006c0000000,0x00000006e59eba80,0x00000006f4700000)
 Metaspace       used 6852K, capacity 7384K, committed 7680K, reserved 1056768K
  class space    used 640K, capacity 656K, committed 768K, reserved 1048576K
Event: 16.515 GC heap after
Heap after GC invocations=21 (full 5):
 PSYoungGen      total 1132032K, used 147932K [0x000000076ab00000, 0x00000007c0000000, 0x00000007c0000000)
  eden space 902144K, 0% used [0x000000076ab00000,0x000000076ab00000,0x00000007a1c00000)
  from space 229888K, 64% used [0x00000007b1f80000,0x00000007baff71b8,0x00000007c0000000)
  to   space 247808K, 0% used [0x00000007a1c00000,0x00000007a1c00000,0x00000007b0e00000)
 ParOldGen       total 859136K, used 734136K [0x00000006c0000000, 0x00000006f4700000, 0x000000076ab00000)
  object space 859136K, 85% used [0x00000006c0000000,0x00000006eccee228,0x00000006f4700000)
 Metaspace       used 6852K, capacity 7384K, committed 7680K, reserved 1056768K
  class space    used 640K, capacity 656K, committed 768K, reserved 1048576K
}
Event: 17.804 GC heap before
{Heap before GC invocations=22 (full 5):
 PSYoungGen      total 1132032K, used 1050076K [0x000000076ab00000, 0x00000007c0000000, 0x00000007c0000000)
  eden space 902144K, 100% used [0x000000076ab00000,0x00000007a1c00000,0x00000007a1c00000)
  from space 229888K, 64% used [0x00000007b1f80000,0x00000007baff71b8,0x00000007c0000000)
  to   space 247808K, 0% used [0x00000007a1c00000,0x00000007a1c00000,0x00000007b0e00000)
 ParOldGen       total 859136K, used 734136K [0x00000006c0000000, 0x00000006f4700000, 0x000000076ab00000)
  object space 859136K, 85% used [0x00000006c0000000,0x00000006eccee228,0x00000006f4700000)
 Metaspace       used 7089K, capacity 7672K, committed 7936K, reserved 1056768K
  class space    used 652K, capacity 688K, committed 768K, reserved 1048576K
Event: 18.029 GC heap after
Heap after GC invocations=22 (full 5):
 PSYoungGen      total 1149952K, used 247789K [0x000000076ab00000, 0x00000007c0000000, 0x00000007c0000000)
  eden space 902144K, 0% used [0x000000076ab00000,0x000000076ab00000,0x00000007a1c00000)
  from space 247808K, 99% used [0x00000007a1c00000,0x00000007b0dfb570,0x00000007b0e00000)
  to   space 247808K, 0% used [0x00000007b0e00000,0x00000007b0e00000,0x00000007c0000000)
 ParOldGen       total 859136K, used 760263K [0x00000006c0000000, 0x00000006f4700000, 0x000000076ab00000)
  object space 859136K, 88% used [0x00000006c0000000,0x00000006ee671cc0,0x00000006f4700000)
 Metaspace       used 7089K, capacity 7672K, committed 7936K, reserved 1056768K
  class space    used 652K, capacity 688K, committed 768K, reserved 1048576K
}
Event: 18.029 GC heap before
{Heap before GC invocations=23 (full 6):
 PSYoungGen      total 1149952K, used 247789K [0x000000076ab00000, 0x00000007c0000000, 0x00000007c0000000)
  eden space 902144K, 0% used [0x000000076ab00000,0x000000076ab00000,0x00000007a1c00000)
  from space 247808K, 99% used [0x00000007a1c00000,0x00000007b0dfb570,0x00000007b0e00000)
  to   space 247808K, 0% used [0x00000007b0e00000,0x00000007b0e00000,0x00000007c0000000)
 ParOldGen       total 859136K, used 760263K [0x00000006c0000000, 0x00000006f4700000, 0x000000076ab00000)
  object space 859136K, 88% used [0x00000006c0000000,0x00000006ee671cc0,0x00000006f4700000)
 Metaspace       used 7089K, capacity 7672K, committed 7936K, reserved 1056768K
  class space    used 652K, capacity 688K, committed 768K, reserved 1048576K

Deoptimization events (10 events):
Event: 16.924 Thread 0x00007ff1dc1e0000 Uncommon trap: reason=class_check action=maybe_recompile pc=0x00007ff1cd3c8bc8 method=com.android.dx.ssa.back.InterferenceGraph.add(II)V @ 19
Event: 16.924 Thread 0x00007ff1dc1e0000 Uncommon trap: reason=class_check action=maybe_recompile pc=0x00007ff1cd3c8bc8 method=com.android.dx.ssa.back.InterferenceGraph.add(II)V @ 19
Event: 16.947 Thread 0x00007ff1dc1e0000 Uncommon trap: reason=class_check action=maybe_recompile pc=0x00007ff1cdb8b594 method=com.android.dx.ssa.back.InterferenceGraph.mergeInterferenceSet(ILcom/android/dx/util/IntSet;)V @ 20
Event: 16.947 Thread 0x00007ff1dc1e0000 Uncommon trap: reason=class_check action=maybe_recompile pc=0x00007ff1cdb8b594 method=com.android.dx.ssa.back.InterferenceGraph.mergeInterferenceSet(ILcom/android/dx/util/IntSet;)V @ 20
Event: 16.947 Thread 0x00007ff1dc1e0000 Uncommon trap: reason=class_check action=maybe_recompile pc=0x00007ff1cdb8b594 method=com.android.dx.ssa.back.InterferenceGraph.mergeInterferenceSet(ILcom/android/dx/util/IntSet;)V @ 20
Event: 16.947 Thread 0x00007ff1dc1e0000 Uncommon trap: reason=class_check action=maybe_recompile pc=0x00007ff1cdb8b594 method=com.android.dx.ssa.back.InterferenceGraph.mergeInterferenceSet(ILcom/android/dx/util/IntSet;)V @ 20
Event: 17.172 Thread 0x00007ff1dc24c800 Uncommon trap: reason=unstable_if action=reinterpret pc=0x00007ff1cd2851ec method=java.util.TreeMap.put(Ljava/lang/Object;Ljava/lang/Object;)Ljava/lang/Object; @ 163
Event: 17.191 Thread 0x00007ff1dc24c800 Uncommon trap: reason=unstable_if action=reinterpret pc=0x00007ff1cdc7cb5c method=com.android.dx.rop.code.RegisterSpecSet.equals(Ljava/lang/Object;)Z @ 30
Event: 17.591 Thread 0x00007ff1dc1e0000 Uncommon trap: reason=unstable_if action=reinterpret pc=0x00007ff1cde1689c method=java.util.BitSet.nextClearBit(I)I @ 70
Event: 17.596 Thread 0x00007ff1dc1e0000 Uncommon trap: reason=unstable_if action=reinterpret pc=0x00007ff1cdcf8370 method=java.util.BitSet.nextClearBit(I)I @ 70

Internal exceptions (10 events):
Event: 0.054 Thread 0x00007ff1dc00a000 Exception <a 'java/lang/NoSuchMethodError': Method sun.misc.Unsafe.prefetchRead(Ljava/lang/Object;J)V name or signature does not match> (0x000000076ab07f90) thrown at [/HUDSON3/workspace/8-2-build-linux-amd64/jdk8u121/8372/hotspot/src/share/vm/prims/jni.c
Event: 0.429 Thread 0x00007ff1dc00a000 Implicit null exception at 0x00007ff1cd30f522 to 0x00007ff1cd30f623
Event: 0.553 Thread 0x00007ff1dc1de800 Implicit null exception at 0x00007ff1cd34cc27 to 0x00007ff1cd34f385
Event: 0.689 Thread 0x00007ff1dc1de800 Implicit null exception at 0x00007ff1cd464310 to 0x00007ff1cd4644f9
Event: 0.852 Thread 0x00007ff1dc1dd000 Exception <a 'java/lang/ArrayIndexOutOfBoundsException': 18> (0x0000000772465440) thrown at [/HUDSON3/workspace/8-2-build-linux-amd64/jdk8u121/8372/hotspot/src/share/vm/interpreter/interpreterRuntime.cpp, line 366]
Event: 0.852 Thread 0x00007ff1dc1dd000 Exception <a 'java/lang/ArrayIndexOutOfBoundsException': 145> (0x0000000772466fc0) thrown at [/HUDSON3/workspace/8-2-build-linux-amd64/jdk8u121/8372/hotspot/src/share/vm/interpreter/interpreterRuntime.cpp, line 366]
Event: 0.852 Thread 0x00007ff1dc1dd000 Exception <a 'java/lang/ArrayIndexOutOfBoundsException': 40> (0x00000007724682a8) thrown at [/HUDSON3/workspace/8-2-build-linux-amd64/jdk8u121/8372/hotspot/src/share/vm/interpreter/interpreterRuntime.cpp, line 366]
Event: 7.171 Thread 0x00007ff1dc1e0000 Implicit null exception at 0x00007ff1cd606f25 to 0x00007ff1cd607f49
Event: 15.218 Thread 0x00007ff1dc1de800 Implicit null exception at 0x00007ff1cd3ea2af to 0x00007ff1cd3ea741
Event: 15.969 Thread 0x00007ff1dc1da000 Implicit null exception at 0x00007ff1cd3cafb7 to 0x00007ff1cd3cb3d9

Events (10 events):
Event: 17.728 Thread 0x00007ff1dc1da000 DEOPT UNPACKING pc=0x00007ff1cd047633 sp=0x00007ff1c4e23140 mode 0
Event: 17.731 Thread 0x00007ff1dc1dd000 DEOPT PACKING pc=0x00007ff1cd45ca74 sp=0x00007ff1c4c20dc0
Event: 17.731 Thread 0x00007ff1dc1dd000 DEOPT UNPACKING pc=0x00007ff1cd047633 sp=0x00007ff1c4c20ac0 mode 0
Event: 17.748 Thread 0x00007ff1dc1da000 DEOPT PACKING pc=0x00007ff1cd45ca74 sp=0x00007ff1c4e22ec0
Event: 17.748 Thread 0x00007ff1dc1da000 DEOPT UNPACKING pc=0x00007ff1cd047633 sp=0x00007ff1c4e22bc0 mode 0
Event: 17.766 Thread 0x00007ff1dc1da000 DEOPT PACKING pc=0x00007ff1cd7498f4 sp=0x00007ff1c4e23340
Event: 17.766 Thread 0x00007ff1dc1da000 DEOPT UNPACKING pc=0x00007ff1cd047633 sp=0x00007ff1c4e23140 mode 0
Event: 17.780 Thread 0x00007ff1dc00a000 DEOPT PACKING pc=0x00007ff1cd45ca74 sp=0x00007ff1e36567d0
Event: 17.780 Thread 0x00007ff1dc00a000 DEOPT UNPACKING pc=0x00007ff1cd047633 sp=0x00007ff1e36564d0 mode 0
Event: 17.802 Executing VM operation: ParallelGCFailedAllocation


Dynamic libraries:
00400000-00401000 r-xp 00000000 08:01 2491894                            /usr/lib/jvm/java-8-oracle/bin/java
00600000-00601000 rw-p 00000000 08:01 2491894                            /usr/lib/jvm/java-8-oracle/bin/java
012e6000-01307000 rw-p 00000000 00:00 0                                  [heap]
6c0000000-6f4700000 rw-p 00000000 00:00 0 
706e80000-76ab00000 ---p 00000000 00:00 0 
76ab00000-7c0000000 rw-p 00000000 00:00 0 
7c0000000-7c00c0000 rw-p 00000000 00:00 0 
7c00c0000-800000000 ---p 00000000 00:00 0 
7ff170000000-7ff170030000 rw-p 00000000 00:00 0 
7ff170030000-7ff174000000 ---p 00000000 00:00 0 
7ff174000000-7ff174024000 rw-p 00000000 00:00 0 
7ff174024000-7ff178000000 ---p 00000000 00:00 0 
7ff178000000-7ff178031000 rw-p 00000000 00:00 0 
7ff178031000-7ff17c000000 ---p 00000000 00:00 0 
7ff17c000000-7ff17c02a000 rw-p 00000000 00:00 0 
7ff17c02a000-7ff180000000 ---p 00000000 00:00 0 
7ff180000000-7ff180030000 rw-p 00000000 00:00 0 
7ff180030000-7ff184000000 ---p 00000000 00:00 0 
7ff184000000-7ff184021000 rw-p 00000000 00:00 0 
7ff184021000-7ff188000000 ---p 00000000 00:00 0 
7ff188000000-7ff188021000 rw-p 00000000 00:00 0 
7ff188021000-7ff18c000000 ---p 00000000 00:00 0 
7ff18c000000-7ff18c021000 rw-p 00000000 00:00 0 
7ff18c021000-7ff190000000 ---p 00000000 00:00 0 
7ff190000000-7ff191acb000 rw-p 00000000 00:00 0 
7ff191acb000-7ff194000000 ---p 00000000 00:00 0 
7ff194000000-7ff194b80000 rw-p 00000000 00:00 0 
7ff194b80000-7ff198000000 ---p 00000000 00:00 0 
7ff198000000-7ff198021000 rw-p 00000000 00:00 0 
7ff198021000-7ff19c000000 ---p 00000000 00:00 0 
7ff19c000000-7ff19d044000 rw-p 00000000 00:00 0 
7ff19d044000-7ff1a0000000 ---p 00000000 00:00 0 
7ff1a0000000-7ff1a0021000 rw-p 00000000 00:00 0 
7ff1a0021000-7ff1a4000000 ---p 00000000 00:00 0 
7ff1a4000000-7ff1a4021000 rw-p 00000000 00:00 0 
7ff1a4021000-7ff1a8000000 ---p 00000000 00:00 0 
7ff1a8000000-7ff1b0000000 rw-p 00000000 00:00 0 
7ff1b0000000-7ff1b0021000 rw-p 00000000 00:00 0 
7ff1b0021000-7ff1b4000000 ---p 00000000 00:00 0 
7ff1b4000000-7ff1b428f000 rw-p 00000000 00:00 0 
7ff1b428f000-7ff1b8000000 ---p 00000000 00:00 0 
7ff1b8000000-7ff1b8021000 rw-p 00000000 00:00 0 
7ff1b8021000-7ff1bc000000 ---p 00000000 00:00 0 
7ff1c0000000-7ff1c0021000 rw-p 00000000 00:00 0 
7ff1c0021000-7ff1c4000000 ---p 00000000 00:00 0 
7ff1c481f000-7ff1c4822000 ---p 00000000 00:00 0 
7ff1c4822000-7ff1c4920000 rw-p 00000000 00:00 0 
7ff1c4920000-7ff1c4923000 ---p 00000000 00:00 0 
7ff1c4923000-7ff1c4a21000 rw-p 00000000 00:00 0 
7ff1c4a21000-7ff1c4a24000 ---p 00000000 00:00 0 
7ff1c4a24000-7ff1c4b22000 rw-p 00000000 00:00 0 
7ff1c4b22000-7ff1c4b25000 ---p 00000000 00:00 0 
7ff1c4b25000-7ff1c4c23000 rw-p 00000000 00:00 0 
7ff1c4c23000-7ff1c4c26000 ---p 00000000 00:00 0 
7ff1c4c26000-7ff1c4d24000 rw-p 00000000 00:00 0 
7ff1c4d24000-7ff1c4d27000 ---p 00000000 00:00 0 
7ff1c4d27000-7ff1c4e25000 rw-p 00000000 00:00 0 
7ff1c4e25000-7ff1c4f2d000 r--s 00dbc000 08:01 393233                     /home/hemant/Workspace/AndroidStudioProjects/android/MyCity4Kids/MyCity4Kids/build/intermediates/transforms/jarMerging/debug/jars/1/1f/combined.jar
7ff1c4f2d000-7ff1c4f2e000 ---p 00000000 00:00 0 
7ff1c4f2e000-7ff1c502e000 rw-p 00000000 00:00 0 
7ff1c502e000-7ff1c5031000 ---p 00000000 00:00 0 
7ff1c5031000-7ff1c512f000 rw-p 00000000 00:00 0 
7ff1c512f000-7ff1c5132000 ---p 00000000 00:00 0 
7ff1c5132000-7ff1c5230000 rw-p 00000000 00:00 0 
7ff1c5230000-7ff1c5233000 ---p 00000000 00:00 0 
7ff1c5233000-7ff1c5331000 rw-p 00000000 00:00 0 
7ff1c5331000-7ff1c5334000 ---p 00000000 00:00 0 
7ff1c5334000-7ff1c5432000 rw-p 00000000 00:00 0 
7ff1c5432000-7ff1c5435000 ---p 00000000 00:00 0 
7ff1c5435000-7ff1c5533000 rw-p 00000000 00:00 0 
7ff1c5533000-7ff1c5c15000 r--p 00000000 08:01 2366464                    /usr/lib/locale/locale-archive
7ff1c5c15000-7ff1c5c18000 ---p 00000000 00:00 0 
7ff1c5c18000-7ff1c5d16000 rw-p 00000000 00:00 0 
7ff1c5d16000-7ff1c5d19000 ---p 00000000 00:00 0 
7ff1c5d19000-7ff1c5e17000 rw-p 00000000 00:00 0 
7ff1c5e17000-7ff1c5e18000 ---p 00000000 00:00 0 
7ff1c5e18000-7ff1c6e27000 rw-p 00000000 00:00 0 
7ff1c6e27000-7ff1c7000000 r--s 03d3e000 08:01 2889715                    /usr/lib/jvm/java-8-oracle/jre/lib/rt.jar
7ff1c7000000-7ff1c7700000 rw-p 00000000 00:00 0 
7ff1c7700000-7ff1c7800000 ---p 00000000 00:00 0 
7ff1c7800000-7ff1c8000000 rw-p 00000000 00:00 0 
7ff1c8000000-7ff1c8021000 rw-p 00000000 00:00 0 
7ff1c8021000-7ff1cc000000 ---p 00000000 00:00 0 
7ff1cc03e000-7ff1cc1a8000 rw-p 00000000 00:00 0 
7ff1cc1a8000-7ff1cc1a9000 ---p 00000000 00:00 0 
7ff1cc1a9000-7ff1cc44d000 rw-p 00000000 00:00 0 
7ff1cc44d000-7ff1cc7ff000 ---p 00000000 00:00 0 
7ff1cc7ff000-7ff1cc9a3000 rw-p 00000000 00:00 0 
7ff1cc9a3000-7ff1ccd54000 ---p 00000000 00:00 0 
7ff1ccd54000-7ff1ccfff000 rw-p 00000000 00:00 0 
7ff1ccfff000-7ff1cd000000 rw-p 00000000 00:00 0 
7ff1cd000000-7ff1cdf70000 rwxp 00000000 00:00 0 
7ff1cdf70000-7ff1dc000000 ---p 00000000 00:00 0 
7ff1dc000000-7ff1dc433000 rw-p 00000000 00:00 0 
7ff1dc433000-7ff1e0000000 ---p 00000000 00:00 0 
7ff1e0010000-7ff1e0011000 ---p 00000000 00:00 0 
7ff1e0011000-7ff1e0111000 rw-p 00000000 00:00 0 
7ff1e0111000-7ff1e0112000 ---p 00000000 00:00 0 
7ff1e0112000-7ff1e0212000 rw-p 00000000 00:00 0 
7ff1e0212000-7ff1e0213000 ---p 00000000 00:00 0 
7ff1e0213000-7ff1e0351000 rw-p 00000000 00:00 0 
7ff1e0351000-7ff1e06d3000 ---p 00000000 00:00 0 
7ff1e06d3000-7ff1e06ed000 r-xp 00000000 08:01 2889636                    /usr/lib/jvm/java-8-oracle/jre/lib/amd64/libzip.so
7ff1e06ed000-7ff1e08ed000 ---p 0001a000 08:01 2889636                    /usr/lib/jvm/java-8-oracle/jre/lib/amd64/libzip.so
7ff1e08ed000-7ff1e08ee000 rw-p 0001a000 08:01 2889636                    /usr/lib/jvm/java-8-oracle/jre/lib/amd64/libzip.so
7ff1e08ee000-7ff1e08f8000 r-xp 00000000 08:01 3943366                    /lib/x86_64-linux-gnu/libnss_files-2.19.so
7ff1e08f8000-7ff1e0af7000 ---p 0000a000 08:01 3943366                    /lib/x86_64-linux-gnu/libnss_files-2.19.so
7ff1e0af7000-7ff1e0af8000 r--p 00009000 08:01 3943366                    /lib/x86_64-linux-gnu/libnss_files-2.19.so
7ff1e0af8000-7ff1e0af9000 rw-p 0000a000 08:01 3943366                    /lib/x86_64-linux-gnu/libnss_files-2.19.so
7ff1e0af9000-7ff1e0b04000 r-xp 00000000 08:01 3943358                    /lib/x86_64-linux-gnu/libnss_nis-2.19.so
7ff1e0b04000-7ff1e0d03000 ---p 0000b000 08:01 3943358                    /lib/x86_64-linux-gnu/libnss_nis-2.19.so
7ff1e0d03000-7ff1e0d04000 r--p 0000a000 08:01 3943358                    /lib/x86_64-linux-gnu/libnss_nis-2.19.so
7ff1e0d04000-7ff1e0d05000 rw-p 0000b000 08:01 3943358                    /lib/x86_64-linux-gnu/libnss_nis-2.19.so
7ff1e0d05000-7ff1e0d1c000 r-xp 00000000 08:01 3943354                    /lib/x86_64-linux-gnu/libnsl-2.19.so
7ff1e0d1c000-7ff1e0f1b000 ---p 00017000 08:01 3943354                    /lib/x86_64-linux-gnu/libnsl-2.19.so
7ff1e0f1b000-7ff1e0f1c000 r--p 00016000 08:01 3943354                    /lib/x86_64-linux-gnu/libnsl-2.19.so
7ff1e0f1c000-7ff1e0f1d000 rw-p 00017000 08:01 3943354                    /lib/x86_64-linux-gnu/libnsl-2.19.so
7ff1e0f1d000-7ff1e0f1f000 rw-p 00000000 00:00 0 
7ff1e0f1f000-7ff1e0f28000 r-xp 00000000 08:01 3943353                    /lib/x86_64-linux-gnu/libnss_compat-2.19.so
7ff1e0f28000-7ff1e1127000 ---p 00009000 08:01 3943353                    /lib/x86_64-linux-gnu/libnss_compat-2.19.so
7ff1e1127000-7ff1e1128000 r--p 00008000 08:01 3943353                    /lib/x86_64-linux-gnu/libnss_compat-2.19.so
7ff1e1128000-7ff1e1129000 rw-p 00009000 08:01 3943353                    /lib/x86_64-linux-gnu/libnss_compat-2.19.so
7ff1e1129000-7ff1e1154000 r-xp 00000000 08:01 2889671                    /usr/lib/jvm/java-8-oracle/jre/lib/amd64/libjava.so
7ff1e1154000-7ff1e1353000 ---p 0002b000 08:01 2889671                    /usr/lib/jvm/java-8-oracle/jre/lib/amd64/libjava.so
7ff1e1353000-7ff1e1355000 rw-p 0002a000 08:01 2889671                    /usr/lib/jvm/java-8-oracle/jre/lib/amd64/libjava.so
7ff1e1355000-7ff1e1362000 r-xp 00000000 08:01 2889678                    /usr/lib/jvm/java-8-oracle/jre/lib/amd64/libverify.so
7ff1e1362000-7ff1e1561000 ---p 0000d000 08:01 2889678                    /usr/lib/jvm/java-8-oracle/jre/lib/amd64/libverify.so
7ff1e1561000-7ff1e1563000 rw-p 0000c000 08:01 2889678                    /usr/lib/jvm/java-8-oracle/jre/lib/amd64/libverify.so
7ff1e1563000-7ff1e156a000 r-xp 00000000 08:01 3943362                    /lib/x86_64-linux-gnu/librt-2.19.so
7ff1e156a000-7ff1e1769000 ---p 00007000 08:01 3943362                    /lib/x86_64-linux-gnu/librt-2.19.so
7ff1e1769000-7ff1e176a000 r--p 00006000 08:01 3943362                    /lib/x86_64-linux-gnu/librt-2.19.so
7ff1e176a000-7ff1e176b000 rw-p 00007000 08:01 3943362                    /lib/x86_64-linux-gnu/librt-2.19.so
7ff1e176b000-7ff1e1870000 r-xp 00000000 08:01 3938640                    /lib/x86_64-linux-gnu/libm-2.19.so
7ff1e1870000-7ff1e1a6f000 ---p 00105000 08:01 3938640                    /lib/x86_64-linux-gnu/libm-2.19.so
7ff1e1a6f000-7ff1e1a70000 r--p 00104000 08:01 3938640                    /lib/x86_64-linux-gnu/libm-2.19.so
7ff1e1a70000-7ff1e1a71000 rw-p 00105000 08:01 3938640                    /lib/x86_64-linux-gnu/libm-2.19.so
7ff1e1a71000-7ff1e273f000 r-xp 00000000 08:01 2889645                    /usr/lib/jvm/java-8-oracle/jre/lib/amd64/server/libjvm.so
7ff1e273f000-7ff1e293f000 ---p 00cce000 08:01 2889645                    /usr/lib/jvm/java-8-oracle/jre/lib/amd64/server/libjvm.so
7ff1e293f000-7ff1e2a18000 rw-p 00cce000 08:01 2889645                    /usr/lib/jvm/java-8-oracle/jre/lib/amd64/server/libjvm.so
7ff1e2a18000-7ff1e2a63000 rw-p 00000000 00:00 0 
7ff1e2a63000-7ff1e2c1d000 r-xp 00000000 08:01 3943363                    /lib/x86_64-linux-gnu/libc-2.19.so
7ff1e2c1d000-7ff1e2e1d000 ---p 001ba000 08:01 3943363                    /lib/x86_64-linux-gnu/libc-2.19.so
7ff1e2e1d000-7ff1e2e21000 r--p 001ba000 08:01 3943363                    /lib/x86_64-linux-gnu/libc-2.19.so
7ff1e2e21000-7ff1e2e23000 rw-p 001be000 08:01 3943363                    /lib/x86_64-linux-gnu/libc-2.19.so
7ff1e2e23000-7ff1e2e28000 rw-p 00000000 00:00 0 
7ff1e2e28000-7ff1e2e2b000 r-xp 00000000 08:01 3943350                    /lib/x86_64-linux-gnu/libdl-2.19.so
7ff1e2e2b000-7ff1e302a000 ---p 00003000 08:01 3943350                    /lib/x86_64-linux-gnu/libdl-2.19.so
7ff1e302a000-7ff1e302b000 r--p 00002000 08:01 3943350                    /lib/x86_64-linux-gnu/libdl-2.19.so
7ff1e302b000-7ff1e302c000 rw-p 00003000 08:01 3943350                    /lib/x86_64-linux-gnu/libdl-2.19.so
7ff1e302c000-7ff1e3041000 r-xp 00000000 08:01 2491932                    /usr/lib/jvm/java-8-oracle/lib/amd64/jli/libjli.so
7ff1e3041000-7ff1e3241000 ---p 00015000 08:01 2491932                    /usr/lib/jvm/java-8-oracle/lib/amd64/jli/libjli.so
7ff1e3241000-7ff1e3242000 rw-p 00015000 08:01 2491932                    /usr/lib/jvm/java-8-oracle/lib/amd64/jli/libjli.so
7ff1e3242000-7ff1e325b000 r-xp 00000000 08:01 3943355                    /lib/x86_64-linux-gnu/libpthread-2.19.so
7ff1e325b000-7ff1e345a000 ---p 00019000 08:01 3943355                    /lib/x86_64-linux-gnu/libpthread-2.19.so
7ff1e345a000-7ff1e345b000 r--p 00018000 08:01 3943355                    /lib/x86_64-linux-gnu/libpthread-2.19.so
7ff1e345b000-7ff1e345c000 rw-p 00019000 08:01 3943355                    /lib/x86_64-linux-gnu/libpthread-2.19.so
7ff1e345c000-7ff1e3460000 rw-p 00000000 00:00 0 
7ff1e3460000-7ff1e3483000 r-xp 00000000 08:01 3943356                    /lib/x86_64-linux-gnu/ld-2.19.so
7ff1e3485000-7ff1e3558000 rw-p 00000000 00:00 0 
7ff1e3558000-7ff1e355b000 ---p 00000000 00:00 0 
7ff1e355b000-7ff1e365d000 rw-p 00000000 00:00 0 
7ff1e3667000-7ff1e3668000 rw-p 00000000 00:00 0 
7ff1e3668000-7ff1e3676000 r--s 000e0000 08:01 6426979                    /home/hemant/Android/Sdk/build-tools/25.0.2/lib/dx.jar
7ff1e3676000-7ff1e367e000 rw-s 00000000 08:01 4595915                    /tmp/hsperfdata_hemant/8065
7ff1e367e000-7ff1e367f000 rw-p 00000000 00:00 0 
7ff1e367f000-7ff1e3680000 ---p 00000000 00:00 0 
7ff1e3680000-7ff1e3682000 rw-p 00000000 00:00 0 
7ff1e3682000-7ff1e3683000 r--p 00022000 08:01 3943356                    /lib/x86_64-linux-gnu/ld-2.19.so
7ff1e3683000-7ff1e3684000 rw-p 00023000 08:01 3943356                    /lib/x86_64-linux-gnu/ld-2.19.so
7ff1e3684000-7ff1e3685000 rw-p 00000000 00:00 0 
7ffdcee9f000-7ffdceec0000 rw-p 00000000 00:00 0                          [stack]
7ffdcef48000-7ffdcef4a000 r--p 00000000 00:00 0                          [vvar]
7ffdcef4a000-7ffdcef4c000 r-xp 00000000 00:00 0                          [vdso]
ffffffffff600000-ffffffffff601000 r-xp 00000000 00:00 0                  [vsyscall]

VM Arguments:
jvm_args: -Djava.awt.headless=true -Xmx4g -Dfile.encoding=UTF-8 -Duser.country=IN -Duser.language=en -Duser.variant 
java_command: com.android.dx.command.Main --dex --num-threads=4 --multi-dex --main-dex-list /home/hemant/Workspace/AndroidStudioProjects/android/MyCity4Kids/MyCity4Kids/build/intermediates/multi-dex/debug/maindexlist.txt --output /home/hemant/Workspace/AndroidStudioProjects/android/MyCity4Kids/MyCity4Kids/build/intermediates/transforms/dex/debug/folders/1000/1f/main /home/hemant/Workspace/AndroidStudioProjects/android/MyCity4Kids/MyCity4Kids/build/intermediates/transforms/jarMerging/debug/jars/1/1f/combined.jar
java_class_path (initial): /home/hemant/Android/Sdk/build-tools/25.0.2/lib/dx.jar
Launcher Type: SUN_STANDARD

Environment Variables:
JAVA_HOME=/usr/lib/jvm/java-8-oracle
PATH=/usr/local/sbin:/usr/local/bin:/usr/sbin:/usr/bin:/sbin:/bin:/usr/games:/usr/local/games:/usr/lib/jvm/java-8-oracle/bin:/usr/lib/jvm/java-8-oracle/db/bin:/usr/lib/jvm/java-8-oracle/jre/bin
SHELL=/bin/bash
DISPLAY=:0

Signal Handlers:
SIGSEGV: [libjvm.so+0xac78c0], sa_mask[0]=11111111011111111101111111111110, sa_flags=SA_RESTART|SA_SIGINFO
SIGBUS: [libjvm.so+0xac78c0], sa_mask[0]=11111111011111111101111111111110, sa_flags=SA_RESTART|SA_SIGINFO
SIGFPE: [libjvm.so+0x920ac0], sa_mask[0]=11111111011111111101111111111110, sa_flags=SA_RESTART|SA_SIGINFO
SIGPIPE: [libjvm.so+0x920ac0], sa_mask[0]=11111111011111111101111111111110, sa_flags=SA_RESTART|SA_SIGINFO
SIGXFSZ: [libjvm.so+0x920ac0], sa_mask[0]=11111111011111111101111111111110, sa_flags=SA_RESTART|SA_SIGINFO
SIGILL: [libjvm.so+0x920ac0], sa_mask[0]=11111111011111111101111111111110, sa_flags=SA_RESTART|SA_SIGINFO
SIGUSR1: SIG_DFL, sa_mask[0]=00000000000000000000000000000000, sa_flags=none
SIGUSR2: [libjvm.so+0x922300], sa_mask[0]=00100000000000000000000000000000, sa_flags=SA_RESTART|SA_SIGINFO
SIGHUP: [libjvm.so+0x923700], sa_mask[0]=11111111011111111101111111111110, sa_flags=SA_RESTART|SA_SIGINFO
SIGINT: [libjvm.so+0x923700], sa_mask[0]=11111111011111111101111111111110, sa_flags=SA_RESTART|SA_SIGINFO
SIGTERM: [libjvm.so+0x923700], sa_mask[0]=11111111011111111101111111111110, sa_flags=SA_RESTART|SA_SIGINFO
SIGQUIT: [libjvm.so+0x923700], sa_mask[0]=11111111011111111101111111111110, sa_flags=SA_RESTART|SA_SIGINFO


---------------  S Y S T E M  ---------------

OS:DISTRIB_ID=Ubuntu
DISTRIB_RELEASE=14.04
DISTRIB_CODENAME=trusty
DISTRIB_DESCRIPTION="Ubuntu 14.04.5 LTS"

uname:Linux 4.4.0-66-generic #87~14.04.1-Ubuntu SMP Fri Mar 3 17:32:36 UTC 2017 x86_64
libc:glibc 2.19 NPTL 2.19 
rlimit: STACK 8192k, CORE 0k, NPROC 30943, NOFILE 4096, AS infinity
load average:11.66 3.46 2.02

/proc/meminfo:
MemTotal:        8056312 kB
MemFree:          167668 kB
MemAvailable:     143316 kB
Buffers:            1272 kB
Cached:           454436 kB
SwapCached:        20892 kB
Active:          6205516 kB
Inactive:        1274792 kB
Active(anon):    6124524 kB
Inactive(anon):  1199060 kB
Active(file):      80992 kB
Inactive(file):    75732 kB
Unevictable:         760 kB
Mlocked:             760 kB
SwapTotal:       7812092 kB
SwapFree:            232 kB
Dirty:               208 kB
Writeback:            56 kB
AnonPages:       7007776 kB
Mapped:           222220 kB
Shmem:            298056 kB
Slab:             150832 kB
SReclaimable:      68084 kB
SUnreclaim:        82748 kB
KernelStack:       22864 kB
PageTables:       136208 kB
NFS_Unstable:          0 kB
Bounce:                0 kB
WritebackTmp:          0 kB
CommitLimit:    11840248 kB
Committed_AS:   29481664 kB
VmallocTotal:   34359738367 kB
VmallocUsed:           0 kB
VmallocChunk:          0 kB
HardwareCorrupted:     0 kB
AnonHugePages:    628736 kB
CmaTotal:              0 kB
CmaFree:               0 kB
HugePages_Total:       0
HugePages_Free:        0
HugePages_Rsvd:        0
HugePages_Surp:        0
Hugepagesize:       2048 kB
DirectMap4k:      466920 kB
DirectMap2M:     7802880 kB
DirectMap1G:           0 kB


CPU:total 4 (4 cores per cpu, 1 threads per core) family 6 model 94 stepping 3, cmov, cx8, fxsr, mmx, sse, sse2, sse3, ssse3, sse4.1, sse4.2, popcnt, avx, avx2, aes, clmul, erms, rtm, 3dnowpref, lzcnt, tsc, tscinvbit, bmi1, bmi2, adx

/proc/cpuinfo:
processor	: 0
vendor_id	: GenuineIntel
cpu family	: 6
model		: 94
model name	: Intel(R) Core(TM) i5-6600K CPU @ 3.50GHz
stepping	: 3
microcode	: 0x74
cpu MHz		: 3599.941
cache size	: 6144 KB
physical id	: 0
siblings	: 4
core id		: 0
cpu cores	: 4
apicid		: 0
initial apicid	: 0
fpu		: yes
fpu_exception	: yes
cpuid level	: 22
wp		: yes
flags		: fpu vme de pse tsc msr pae mce cx8 apic sep mtrr pge mca cmov pat pse36 clflush dts acpi mmx fxsr sse sse2 ss ht tm pbe syscall nx pdpe1gb rdtscp lm constant_tsc art arch_perfmon pebs bts rep_good nopl xtopology nonstop_tsc aperfmperf eagerfpu pni pclmulqdq dtes64 monitor ds_cpl vmx est tm2 ssse3 sdbg fma cx16 xtpr pdcm pcid sse4_1 sse4_2 x2apic movbe popcnt tsc_deadline_timer aes xsave avx f16c rdrand lahf_lm abm 3dnowprefetch intel_pt tpr_shadow vnmi flexpriority ept vpid fsgsbase tsc_adjust bmi1 hle avx2 smep bmi2 erms invpcid rtm mpx rdseed adx smap clflushopt xsaveopt xsavec xgetbv1 dtherm ida arat pln pts hwp hwp_notify hwp_act_window hwp_epp
bugs		:
bogomips	: 7007.90
clflush size	: 64
cache_alignment	: 64
address sizes	: 39 bits physical, 48 bits virtual
power management:

processor	: 1
vendor_id	: GenuineIntel
cpu family	: 6
model		: 94
model name	: Intel(R) Core(TM) i5-6600K CPU @ 3.50GHz
stepping	: 3
microcode	: 0x74
cpu MHz		: 3599.941
cache size	: 6144 KB
physical id	: 0
siblings	: 4
core id		: 1
cpu cores	: 4
apicid		: 2
initial apicid	: 2
fpu		: yes
fpu_exception	: yes
cpuid level	: 22
wp		: yes
flags		: fpu vme de pse tsc msr pae mce cx8 apic sep mtrr pge mca cmov pat pse36 clflush dts acpi mmx fxsr sse sse2 ss ht tm pbe syscall nx pdpe1gb rdtscp lm constant_tsc art arch_perfmon pebs bts rep_good nopl xtopology nonstop_tsc aperfmperf eagerfpu pni pclmulqdq dtes64 monitor ds_cpl vmx est tm2 ssse3 sdbg fma cx16 xtpr pdcm pcid sse4_1 sse4_2 x2apic movbe popcnt tsc_deadline_timer aes xsave avx f16c rdrand lahf_lm abm 3dnowprefetch intel_pt tpr_shadow vnmi flexpriority ept vpid fsgsbase tsc_adjust bmi1 hle avx2 smep bmi2 erms invpcid rtm mpx rdseed adx smap clflushopt xsaveopt xsavec xgetbv1 dtherm ida arat pln pts hwp hwp_notify hwp_act_window hwp_epp
bugs		:
bogomips	: 7007.90
clflush size	: 64
cache_alignment	: 64
address sizes	: 39 bits physical, 48 bits virtual
power management:

processor	: 2
vendor_id	: GenuineIntel
cpu family	: 6
model		: 94
model name	: Intel(R) Core(TM) i5-6600K CPU @ 3.50GHz
stepping	: 3
microcode	: 0x74
cpu MHz		: 3600.078
cache size	: 6144 KB
physical id	: 0
siblings	: 4
core id		: 2
cpu cores	: 4
apicid		: 4
initial apicid	: 4
fpu		: yes
fpu_exception	: yes
cpuid level	: 22
wp		: yes
flags		: fpu vme de pse tsc msr pae mce cx8 apic sep mtrr pge mca cmov pat pse36 clflush dts acpi mmx fxsr sse sse2 ss ht tm pbe syscall nx pdpe1gb rdtscp lm constant_tsc art arch_perfmon pebs bts rep_good nopl xtopology nonstop_tsc aperfmperf eagerfpu pni pclmulqdq dtes64 monitor ds_cpl vmx est tm2 ssse3 sdbg fma cx16 xtpr pdcm pcid sse4_1 sse4_2 x2apic movbe popcnt tsc_deadline_timer aes xsave avx f16c rdrand lahf_lm abm 3dnowprefetch intel_pt tpr_shadow vnmi flexpriority ept vpid fsgsbase tsc_adjust bmi1 hle avx2 smep bmi2 erms invpcid rtm mpx rdseed adx smap clflushopt xsaveopt xsavec xgetbv1 dtherm ida arat pln pts hwp hwp_notify hwp_act_window hwp_epp
bugs		:
bogomips	: 7007.90
clflush size	: 64
cache_alignment	: 64
address sizes	: 39 bits physical, 48 bits virtual
power management:

processor	: 3
vendor_id	: GenuineIntel
cpu family	: 6
model		: 94
model name	: Intel(R) Core(TM) i5-6600K CPU @ 3.50GHz
stepping	: 3
microcode	: 0x74
cpu MHz		: 3599.941
cache size	: 6144 KB
physical id	: 0
siblings	: 4
core id		: 3
cpu cores	: 4
apicid		: 6
initial apicid	: 6
fpu		: yes
fpu_exception	: yes
cpuid level	: 22
wp		: yes
flags		: fpu vme de pse tsc msr pae mce cx8 apic sep mtrr pge mca cmov pat pse36 clflush dts acpi mmx fxsr sse sse2 ss ht tm pbe syscall nx pdpe1gb rdtscp lm constant_tsc art arch_perfmon pebs bts rep_good nopl xtopology nonstop_tsc aperfmperf eagerfpu pni pclmulqdq dtes64 monitor ds_cpl vmx est tm2 ssse3 sdbg fma cx16 xtpr pdcm pcid sse4_1 sse4_2 x2apic movbe popcnt tsc_deadline_timer aes xsave avx f16c rdrand lahf_lm abm 3dnowprefetch intel_pt tpr_shadow vnmi flexpriority ept vpid fsgsbase tsc_adjust bmi1 hle avx2 smep bmi2 erms invpcid rtm mpx rdseed adx smap clflushopt xsaveopt xsavec xgetbv1 dtherm ida arat pln pts hwp hwp_notify hwp_act_window hwp_epp
bugs		:
bogomips	: 7007.90
clflush size	: 64
cache_alignment	: 64
address sizes	: 39 bits physical, 48 bits virtual
power management:



Memory: 4k page, physical 8056312k(167668k free), swap 7812092k(244k free)

vm_info: Java HotSpot(TM) 64-Bit Server VM (25.121-b13) for linux-amd64 JRE (1.8.0_121-b13), built on Dec 12 2016 16:36:53 by "java_re" with gcc 4.3.0 20080428 (Red Hat 4.3.0-8)

time: Tue Jun  6 18:16:41 2017
elapsed time: 27 seconds (0d 0h 0m 27s)

