#
# There is insufficient memory for the Java Runtime Environment to continue.
# Native memory allocation (mmap) failed to map 225443840 bytes for committing reserved memory.
# Possible reasons:
#   The system is out of physical RAM or swap space
#   In 32 bit mode, the process size limit was hit
# Possible solutions:
#   Reduce memory load on the system
#   Increase physical memory or swap space
#   Check if swap backing store is full
#   Use 64 bit Java on a 64 bit OS
#   Decrease Java heap size (-Xmx/-Xms)
#   Decrease number of Java threads
#   Decrease Java thread stack sizes (-Xss)
#   Set larger code cache with -XX:ReservedCodeCacheSize=
# This output file may be truncated or incomplete.
#
#  Out of Memory Error (os_linux.cpp:2627), pid=7494, tid=0x00007f66c8c31700
#
# JRE version: Java(TM) SE Runtime Environment (8.0_121-b13) (build 1.8.0_121-b13)
# Java VM: Java HotSpot(TM) 64-Bit Server VM (25.121-b13 mixed mode linux-amd64 compressed oops)
# Failed to write core dump. Core dumps have been disabled. To enable core dumping, try "ulimit -c unlimited" before starting Java again
#

---------------  T H R E A D  ---------------

Current thread (0x00007f66dc078000):  VMThread [stack: 0x00007f66c8b31000,0x00007f66c8c32000] [id=7504]

Stack: [0x00007f66c8b31000,0x00007f66c8c32000],  sp=0x00007f66c8c30260,  free space=1020k
Native frames: (J=compiled Java code, j=interpreted, Vv=VM code, C=native code)
V  [libjvm.so+0xac703a]  VMError::report_and_die()+0x2ba
V  [libjvm.so+0x4fc7eb]  report_vm_out_of_memory(char const*, int, unsigned long, VMErrorType, char const*)+0x8b
V  [libjvm.so+0x923c43]  os::Linux::commit_memory_impl(char*, unsigned long, bool)+0x103
V  [libjvm.so+0x924199]  os::pd_commit_memory(char*, unsigned long, unsigned long, bool)+0x29
V  [libjvm.so+0x91e4aa]  os::commit_memory(char*, unsigned long, unsigned long, bool)+0x2a
V  [libjvm.so+0x992f03]  PSVirtualSpace::expand_by(unsigned long)+0x53
V  [libjvm.so+0x9837c0]  PSOldGen::expand(unsigned long)+0x170
V  [libjvm.so+0x9839cb]  PSOldGen::resize(unsigned long)+0x1cb
V  [libjvm.so+0x98b6d1]  PSParallelCompact::invoke_no_policy(bool)+0x991
V  [libjvm.so+0x99102d]  PSScavenge::invoke()+0x1ad
V  [libjvm.so+0x947c10]  ParallelScavengeHeap::failed_mem_allocate(unsigned long)+0x70
V  [libjvm.so+0xac8a57]  VM_ParallelGCFailedAllocation::doit()+0x97
V  [libjvm.so+0xad0535]  VM_Operation::evaluate()+0x55
V  [libjvm.so+0xace90a]  VMThread::evaluate_operation(VM_Operation*)+0xba
V  [libjvm.so+0xacec8e]  VMThread::loop()+0x1ce
V  [libjvm.so+0xacf100]  VMThread::run()+0x70
V  [libjvm.so+0x926268]  java_start(Thread*)+0x108

VM_Operation (0x00007f669baf2d70): ParallelGCFailedAllocation, mode: safepoint, requested by thread 0x00007f66dc191000


---------------  P R O C E S S  ---------------

Java Threads: ( => current thread )
  0x00007f66dc197800 JavaThread "pool-2-thread-4" [_thread_blocked, id=7525, stack(0x00007f669b5f0000,0x00007f669b6f1000)]
  0x00007f66dc196000 JavaThread "pool-2-thread-3" [_thread_blocked, id=7524, stack(0x00007f669b6f1000,0x00007f669b7f2000)]
  0x00007f66dc194800 JavaThread "pool-2-thread-2" [_thread_blocked, id=7523, stack(0x00007f669b7f2000,0x00007f669b8f3000)]
  0x00007f66dc193800 JavaThread "pool-3-thread-1" [_thread_blocked, id=7522, stack(0x00007f669b8f3000,0x00007f669b9f4000)]
  0x00007f66dc191000 JavaThread "pool-2-thread-1" [_thread_blocked, id=7521, stack(0x00007f669b9f4000,0x00007f669baf5000)]
  0x00007f66dc0ca800 JavaThread "Service Thread" daemon [_thread_blocked, id=7515, stack(0x00007f669bcfd000,0x00007f669bdfe000)]
  0x00007f66dc0bd800 JavaThread "C1 CompilerThread2" daemon [_thread_blocked, id=7514, stack(0x00007f669bdfe000,0x00007f669beff000)]
  0x00007f66dc0bb800 JavaThread "C2 CompilerThread1" daemon [_thread_blocked, id=7513, stack(0x00007f669beff000,0x00007f669c000000)]
  0x00007f66dc0b8800 JavaThread "C2 CompilerThread0" daemon [_thread_blocked, id=7512, stack(0x00007f66c804b000,0x00007f66c814c000)]
  0x00007f66dc0b7000 JavaThread "Signal Dispatcher" daemon [_thread_blocked, id=7511, stack(0x00007f66c814c000,0x00007f66c824d000)]
  0x00007f66dc084800 JavaThread "Finalizer" daemon [_thread_blocked, id=7508, stack(0x00007f66c892f000,0x00007f66c8a30000)]
  0x00007f66dc07f800 JavaThread "Reference Handler" daemon [_thread_blocked, id=7506, stack(0x00007f66c8a30000,0x00007f66c8b31000)]
  0x00007f66dc00a000 JavaThread "main" [_thread_blocked, id=7499, stack(0x00007f66e223b000,0x00007f66e233c000)]

Other Threads:
=>0x00007f66dc078000 VMThread [stack: 0x00007f66c8b31000,0x00007f66c8c32000] [id=7504]
  0x00007f66dc0cd000 WatcherThread [stack: 0x00007f669bbfc000,0x00007f669bcfd000] [id=7516]

VM state:at safepoint (normal execution)

VM Mutex/Monitor currently owned by a thread:  ([mutex/lock_event])
[0x00007f66dc005f70] ExpandHeap_lock - owner thread: 0x00007f66dc078000
[0x00007f66dc0065f0] Threads_lock - owner thread: 0x00007f66dc078000
[0x00007f66dc006af0] Heap_lock - owner thread: 0x00007f66dc191000

Heap:
 PSYoungGen      total 1110528K, used 72447K [0x000000076ab00000, 0x00000007c0000000, 0x00000007c0000000)
  eden space 948224K, 0% used [0x000000076ab00000,0x000000076ab00000,0x00000007a4900000)
  from space 162304K, 44% used [0x00000007b5600000,0x00000007b9cbfd68,0x00000007bf480000)
  to   space 224768K, 0% used [0x00000007a4900000,0x00000007a4900000,0x00000007b2480000)
 ParOldGen       total 559104K, used 559005K [0x00000006c0000000, 0x00000006e2200000, 0x000000076ab00000)
  object space 559104K, 99% used [0x00000006c0000000,0x00000006e21e7528,0x00000006e2200000)
 Metaspace       used 6697K, capacity 7320K, committed 7680K, reserved 1056768K
  class space    used 631K, capacity 656K, committed 768K, reserved 1048576K

Card table byte_map: [0x00007f66cb7bd000,0x00007f66cbfbe000] byte_map_base: 0x00007f66c81bd000

Marking Bits: (ParMarkBitMap*) 0x00007f66e1718c80
 Begin Bits: [0x00007f66ac000000, 0x00007f66b0000000)
 End Bits:   [0x00007f66b0000000, 0x00007f66b4000000)

Polling page: 0x00007f66e2362000

CodeCache: size=245760Kb used=14138Kb max_used=14150Kb free=231621Kb
 bounds [0x00007f66cc37e000, 0x00007f66cd15e000, 0x00007f66db37e000]
 total_blobs=2934 nmethods=2665 adapters=182
 compilation: enabled

Compilation events (10 events):
Event: 18.604 Thread 0x00007f66dc0bd800 2877       2       java.util.HashMap$TreeNode::split (218 bytes)
Event: 18.604 Thread 0x00007f66dc0bd800 nmethod 2877 0x00007f66cd1160d0 code [0x00007f66cd1162c0, 0x00007f66cd1169f8]
Event: 18.604 Thread 0x00007f66dc0bd800 2878       2       java.util.HashMap::replacementNode (21 bytes)
Event: 18.605 Thread 0x00007f66dc0bd800 nmethod 2878 0x00007f66cd0ec390 code [0x00007f66cd0ec500, 0x00007f66cd0ec710]
Event: 18.605 Thread 0x00007f66dc0b8800 nmethod 2865 0x00007f66cd150a50 code [0x00007f66cd150f80, 0x00007f66cd156508]
Event: 18.605 Thread 0x00007f66dc0b8800 2875       4       com.android.dx.ssa.SsaMethod::makeExitBlock (134 bytes)
Event: 18.682 Thread 0x00007f66dc0b8800 nmethod 2875 0x00007f66cd14a950 code [0x00007f66cd14abc0, 0x00007f66cd14c408]
Event: 18.682 Thread 0x00007f66dc0b8800 2859       4       com.android.dx.ssa.back.FirstFitLocalCombiningAllocator::handleLocalAssociatedOther (151 bytes)
Event: 18.725 Thread 0x00007f66dc0bd800 2880       3       com.android.dx.dex.file.AnnotationSetItem::<init> (83 bytes)
Event: 18.726 Thread 0x00007f66dc0bd800 nmethod 2880 0x00007f66cd1004d0 code [0x00007f66cd100780, 0x00007f66cd101be8]

GC Heap History (10 events):
Event: 12.642 GC heap after
Heap after GC invocations=14 (full 3):
 PSYoungGen      total 748032K, used 66703K [0x000000076ab00000, 0x00000007afb00000, 0x00000007c0000000)
  eden space 644608K, 0% used [0x000000076ab00000,0x000000076ab00000,0x0000000792080000)
  from space 103424K, 64% used [0x0000000792080000,0x00000007961a3e98,0x0000000798580000)
  to   space 145408K, 0% used [0x00000007a6d00000,0x00000007a6d00000,0x00000007afb00000)
 ParOldGen       total 387072K, used 252656K [0x00000006c0000000, 0x00000006d7a00000, 0x000000076ab00000)
  object space 387072K, 65% used [0x00000006c0000000,0x00000006cf6bc220,0x00000006d7a00000)
 Metaspace       used 6675K, capacity 7320K, committed 7680K, reserved 1056768K
  class space    used 630K, capacity 656K, committed 768K, reserved 1048576K
}
Event: 13.669 GC heap before
{Heap before GC invocations=15 (full 3):
 PSYoungGen      total 748032K, used 711311K [0x000000076ab00000, 0x00000007afb00000, 0x00000007c0000000)
  eden space 644608K, 100% used [0x000000076ab00000,0x0000000792080000,0x0000000792080000)
  from space 103424K, 64% used [0x0000000792080000,0x00000007961a3e98,0x0000000798580000)
  to   space 145408K, 0% used [0x00000007a6d00000,0x00000007a6d00000,0x00000007afb00000)
 ParOldGen       total 387072K, used 252656K [0x00000006c0000000, 0x00000006d7a00000, 0x000000076ab00000)
  object space 387072K, 65% used [0x00000006c0000000,0x00000006cf6bc220,0x00000006d7a00000)
 Metaspace       used 6684K, capacity 7320K, committed 7680K, reserved 1056768K
  class space    used 631K, capacity 656K, committed 768K, reserved 1048576K
Event: 14.086 GC heap after
Heap after GC invocations=15 (full 3):
 PSYoungGen      total 987648K, used 68969K [0x000000076ab00000, 0x00000007afb80000, 0x00000007c0000000)
  eden space 842240K, 0% used [0x000000076ab00000,0x000000076ab00000,0x000000079e180000)
  from space 145408K, 47% used [0x00000007a6d00000,0x00000007ab05a500,0x00000007afb00000)
  to   space 142848K, 0% used [0x000000079e180000,0x000000079e180000,0x00000007a6d00000)
 ParOldGen       total 387072K, used 320084K [0x00000006c0000000, 0x00000006d7a00000, 0x000000076ab00000)
  object space 387072K, 82% used [0x00000006c0000000,0x00000006d3895300,0x00000006d7a00000)
 Metaspace       used 6684K, capacity 7320K, committed 7680K, reserved 1056768K
  class space    used 631K, capacity 656K, committed 768K, reserved 1048576K
}
Event: 14.086 GC heap before
{Heap before GC invocations=16 (full 4):
 PSYoungGen      total 987648K, used 68969K [0x000000076ab00000, 0x00000007afb80000, 0x00000007c0000000)
  eden space 842240K, 0% used [0x000000076ab00000,0x000000076ab00000,0x000000079e180000)
  from space 145408K, 47% used [0x00000007a6d00000,0x00000007ab05a500,0x00000007afb00000)
  to   space 142848K, 0% used [0x000000079e180000,0x000000079e180000,0x00000007a6d00000)
 ParOldGen       total 387072K, used 320084K [0x00000006c0000000, 0x00000006d7a00000, 0x000000076ab00000)
  object space 387072K, 82% used [0x00000006c0000000,0x00000006d3895300,0x00000006d7a00000)
 Metaspace       used 6684K, capacity 7320K, committed 7680K, reserved 1056768K
  class space    used 631K, capacity 656K, committed 768K, reserved 1048576K
Event: 14.935 GC heap after
Heap after GC invocations=16 (full 4):
 PSYoungGen      total 987648K, used 0K [0x000000076ab00000, 0x00000007afb80000, 0x00000007c0000000)
  eden space 842240K, 0% used [0x000000076ab00000,0x000000076ab00000,0x000000079e180000)
  from space 145408K, 0% used [0x00000007a6d00000,0x00000007a6d00000,0x00000007afb00000)
  to   space 142848K, 0% used [0x000000079e180000,0x000000079e180000,0x00000007a6d00000)
 ParOldGen       total 559104K, used 381588K [0x00000006c0000000, 0x00000006e2200000, 0x000000076ab00000)
  object space 559104K, 68% used [0x00000006c0000000,0x00000006d74a5070,0x00000006e2200000)
 Metaspace       used 6684K, capacity 7320K, committed 7680K, reserved 1056768K
  class space    used 631K, capacity 656K, committed 768K, reserved 1048576K
}
Event: 16.858 GC heap before
{Heap before GC invocations=17 (full 4):
 PSYoungGen      total 987648K, used 842240K [0x000000076ab00000, 0x00000007afb80000, 0x00000007c0000000)
  eden space 842240K, 100% used [0x000000076ab00000,0x000000079e180000,0x000000079e180000)
  from space 145408K, 0% used [0x00000007a6d00000,0x00000007a6d00000,0x00000007afb00000)
  to   space 142848K, 0% used [0x000000079e180000,0x000000079e180000,0x00000007a6d00000)
 ParOldGen       total 559104K, used 381588K [0x00000006c0000000, 0x00000006e2200000, 0x000000076ab00000)
  object space 559104K, 68% used [0x00000006c0000000,0x00000006d74a5070,0x00000006e2200000)
 Metaspace       used 6687K, capacity 7320K, committed 7680K, reserved 1056768K
  class space    used 631K, capacity 656K, committed 768K, reserved 1048576K
Event: 17.264 GC heap after
Heap after GC invocations=17 (full 4):
 PSYoungGen      total 985088K, used 128410K [0x000000076ab00000, 0x00000007bf480000, 0x00000007c0000000)
  eden space 842240K, 0% used [0x000000076ab00000,0x000000076ab00000,0x000000079e180000)
  from space 142848K, 89% used [0x000000079e180000,0x00000007a5ee6bb0,0x00000007a6d00000)
  to   space 162304K, 0% used [0x00000007b5600000,0x00000007b5600000,0x00000007bf480000)
 ParOldGen       total 559104K, used 381588K [0x00000006c0000000, 0x00000006e2200000, 0x000000076ab00000)
  object space 559104K, 68% used [0x00000006c0000000,0x00000006d74a5070,0x00000006e2200000)
 Metaspace       used 6687K, capacity 7320K, committed 7680K, reserved 1056768K
  class space    used 631K, capacity 656K, committed 768K, reserved 1048576K
}
Event: 18.737 GC heap before
{Heap before GC invocations=18 (full 4):
 PSYoungGen      total 985088K, used 970650K [0x000000076ab00000, 0x00000007bf480000, 0x00000007c0000000)
  eden space 842240K, 100% used [0x000000076ab00000,0x000000079e180000,0x000000079e180000)
  from space 142848K, 89% used [0x000000079e180000,0x00000007a5ee6bb0,0x00000007a6d00000)
  to   space 162304K, 0% used [0x00000007b5600000,0x00000007b5600000,0x00000007bf480000)
 ParOldGen       total 559104K, used 381588K [0x00000006c0000000, 0x00000006e2200000, 0x000000076ab00000)
  object space 559104K, 68% used [0x00000006c0000000,0x00000006d74a5070,0x00000006e2200000)
 Metaspace       used 6697K, capacity 7320K, committed 7680K, reserved 1056768K
  class space    used 631K, capacity 656K, committed 768K, reserved 1048576K
Event: 19.571 GC heap after
Heap after GC invocations=18 (full 4):
 PSYoungGen      total 1110528K, used 162290K [0x000000076ab00000, 0x00000007c0000000, 0x00000007c0000000)
  eden space 948224K, 0% used [0x000000076ab00000,0x000000076ab00000,0x00000007a4900000)
  from space 162304K, 99% used [0x00000007b5600000,0x00000007bf47c9b0,0x00000007bf480000)
  to   space 224768K, 0% used [0x00000007a4900000,0x00000007a4900000,0x00000007b2480000)
 ParOldGen       total 559104K, used 475097K [0x00000006c0000000, 0x00000006e2200000, 0x000000076ab00000)
  object space 559104K, 84% used [0x00000006c0000000,0x00000006dcff66d8,0x00000006e2200000)
 Metaspace       used 6697K, capacity 7320K, committed 7680K, reserved 1056768K
  class space    used 631K, capacity 656K, committed 768K, reserved 1048576K
}
Event: 19.571 GC heap before
{Heap before GC invocations=19 (full 5):
 PSYoungGen      total 1110528K, used 162290K [0x000000076ab00000, 0x00000007c0000000, 0x00000007c0000000)
  eden space 948224K, 0% used [0x000000076ab00000,0x000000076ab00000,0x00000007a4900000)
  from space 162304K, 99% used [0x00000007b5600000,0x00000007bf47c9b0,0x00000007bf480000)
  to   space 224768K, 0% used [0x00000007a4900000,0x00000007a4900000,0x00000007b2480000)
 ParOldGen       total 559104K, used 475097K [0x00000006c0000000, 0x00000006e2200000, 0x000000076ab00000)
  object space 559104K, 84% used [0x00000006c0000000,0x00000006dcff66d8,0x00000006e2200000)
 Metaspace       used 6697K, capacity 7320K, committed 7680K, reserved 1056768K
  class space    used 631K, capacity 656K, committed 768K, reserved 1048576K

Deoptimization events (10 events):
Event: 15.869 Thread 0x00007f66dc191000 Uncommon trap: reason=unstable_if action=reinterpret pc=0x00007f66cc6e3f60 method=com.android.dx.ssa.SsaMethod.getExitBlock()Lcom/android/dx/ssa/SsaBasicBlock; @ 4
Event: 15.869 Thread 0x00007f66dc191000 Uncommon trap: reason=unstable_if action=reinterpret pc=0x00007f66cce4ecf0 method=com.android.dx.ssa.SsaMethod.getExitBlock()Lcom/android/dx/ssa/SsaBasicBlock; @ 4
Event: 16.177 Thread 0x00007f66dc00a000 Uncommon trap: reason=unstable_if action=reinterpret pc=0x00007f66ccfe1144 method=java.util.HashMap$TreeNode.find(ILjava/lang/Object;Ljava/lang/Class;)Ljava/util/HashMap$TreeNode; @ 102
Event: 16.366 Thread 0x00007f66dc197800 Uncommon trap: reason=unstable_if action=reinterpret pc=0x00007f66cd03cb28 method=com.android.dx.ssa.InterferenceRegisterMapper.interferes(III)Z @ 69
Event: 16.400 Thread 0x00007f66dc194800 Uncommon trap: reason=unstable_if action=reinterpret pc=0x00007f66cd010770 method=com.android.dx.rop.code.BasicBlockList.preferredSuccessorOf(Lcom/android/dx/rop/code/BasicBlock;)Lcom/android/dx/rop/code/BasicBlock; @ 58
Event: 16.717 Thread 0x00007f66dc196000 Uncommon trap: reason=bimorphic action=maybe_recompile pc=0x00007f66ccfc1ba8 method=com.android.dx.cf.code.BytecodeArray.parseInstruction(ILcom/android/dx/cf/code/BytecodeArray$Visitor;)I @ 1477
Event: 16.717 Thread 0x00007f66dc196000 Uncommon trap: reason=bimorphic action=maybe_recompile pc=0x00007f66ccfc1ba8 method=com.android.dx.cf.code.BytecodeArray.parseInstruction(ILcom/android/dx/cf/code/BytecodeArray$Visitor;)I @ 1477
Event: 16.786 Thread 0x00007f66dc197800 Uncommon trap: reason=unstable_if action=reinterpret pc=0x00007f66cd020d78 method=com.android.dx.cf.code.Ropper.processBlock(Lcom/android/dx/cf/code/ByteBlock;Lcom/android/dx/cf/code/Frame;[I)V @ 651
Event: 16.835 Thread 0x00007f66dc191000 Uncommon trap: reason=unstable_if action=reinterpret pc=0x00007f66cd0a2880 method=com.android.dx.rop.code.LocalVariableInfo.mergeStarts(ILcom/android/dx/rop/code/RegisterSpecSet;)Z @ 31
Event: 17.899 Thread 0x00007f66dc191000 Uncommon trap: reason=unstable_if action=reinterpret pc=0x00007f66cd0fb2e4 method=com.android.dx.cf.code.Merger.isPossiblyAssignableFrom(Lcom/android/dx/rop/type/TypeBearer;Lcom/android/dx/rop/type/TypeBearer;)Z @ 131

Internal exceptions (7 events):
Event: 0.216 Thread 0x00007f66dc00a000 Exception <a 'java/lang/NoSuchMethodError': Method sun.misc.Unsafe.defineClass(Ljava/lang/String;[BII)Ljava/lang/Class; name or signature does not match> (0x000000076ab07ca8) thrown at [/HUDSON3/workspace/8-2-build-linux-amd64/jdk8u121/8372/hotspot/src/sh
Event: 0.217 Thread 0x00007f66dc00a000 Exception <a 'java/lang/NoSuchMethodError': Method sun.misc.Unsafe.prefetchRead(Ljava/lang/Object;J)V name or signature does not match> (0x000000076ab07f90) thrown at [/HUDSON3/workspace/8-2-build-linux-amd64/jdk8u121/8372/hotspot/src/share/vm/prims/jni.c
Event: 2.122 Thread 0x00007f66dc191000 Implicit null exception at 0x00007f66cc6e4909 to 0x00007f66cc6e6f71
Event: 2.325 Thread 0x00007f66dc00a000 Implicit null exception at 0x00007f66cc69b73a to 0x00007f66cc69dba9
Event: 2.744 Thread 0x00007f66dc196000 Exception <a 'java/lang/ArrayIndexOutOfBoundsException': 18> (0x000000076f615b10) thrown at [/HUDSON3/workspace/8-2-build-linux-amd64/jdk8u121/8372/hotspot/src/share/vm/interpreter/interpreterRuntime.cpp, line 366]
Event: 2.744 Thread 0x00007f66dc196000 Exception <a 'java/lang/ArrayIndexOutOfBoundsException': 145> (0x000000076f617690) thrown at [/HUDSON3/workspace/8-2-build-linux-amd64/jdk8u121/8372/hotspot/src/share/vm/interpreter/interpreterRuntime.cpp, line 366]
Event: 2.747 Thread 0x00007f66dc196000 Exception <a 'java/lang/ArrayIndexOutOfBoundsException': 40> (0x000000076f618978) thrown at [/HUDSON3/workspace/8-2-build-linux-amd64/jdk8u121/8372/hotspot/src/share/vm/interpreter/interpreterRuntime.cpp, line 366]

Events (10 events):
Event: 18.550 Thread 0x00007f66dc191000 DEOPT UNPACKING pc=0x00007f66cc3c5633 sp=0x00007f669baf2ce0 mode 0
Event: 18.562 Thread 0x00007f66dc191000 DEOPT PACKING pc=0x00007f66cc89ec41 sp=0x00007f669baf2e90
Event: 18.562 Thread 0x00007f66dc191000 DEOPT UNPACKING pc=0x00007f66cc3c5633 sp=0x00007f669baf2ce0 mode 0
Event: 18.587 Thread 0x00007f66dc196000 DEOPT PACKING pc=0x00007f66cc89e77d sp=0x00007f669b7efd10
Event: 18.587 Thread 0x00007f66dc196000 DEOPT UNPACKING pc=0x00007f66cc3c5633 sp=0x00007f669b7efb60 mode 0
Event: 18.601 Thread 0x00007f66dc00a000 DEOPT PACKING pc=0x00007f66cc89ec58 sp=0x00007f66e2339720
Event: 18.601 Thread 0x00007f66dc00a000 DEOPT UNPACKING pc=0x00007f66cc3c5633 sp=0x00007f66e2339570 mode 0
Event: 18.714 Thread 0x00007f66dc197800 DEOPT PACKING pc=0x00007f66cc9522a9 sp=0x00007f669b6eed50
Event: 18.714 Thread 0x00007f66dc197800 DEOPT UNPACKING pc=0x00007f66cc3c5633 sp=0x00007f669b6eeb00 mode 0
Event: 18.736 Executing VM operation: ParallelGCFailedAllocation


Dynamic libraries:
00400000-00401000 r-xp 00000000 08:01 2491894                            /usr/lib/jvm/java-8-oracle/bin/java
00600000-00601000 rw-p 00000000 08:01 2491894                            /usr/lib/jvm/java-8-oracle/bin/java
022b1000-022d2000 rw-p 00000000 00:00 0                                  [heap]
6c0000000-6e2200000 rw-p 00000000 00:00 0 
6ef900000-76ab00000 ---p 00000000 00:00 0 
76ab00000-7c0000000 rw-p 00000000 00:00 0 
7c0000000-7c00c0000 rw-p 00000000 00:00 0 
7c00c0000-800000000 ---p 00000000 00:00 0 
7f6674000000-7f6674033000 rw-p 00000000 00:00 0 
7f6674033000-7f6678000000 ---p 00000000 00:00 0 
7f6678000000-7f6678035000 rw-p 00000000 00:00 0 
7f6678035000-7f667c000000 ---p 00000000 00:00 0 
7f667c000000-7f667c021000 rw-p 00000000 00:00 0 
7f667c021000-7f6680000000 ---p 00000000 00:00 0 
7f6680000000-7f6680023000 rw-p 00000000 00:00 0 
7f6680023000-7f6684000000 ---p 00000000 00:00 0 
7f6684000000-7f6684021000 rw-p 00000000 00:00 0 
7f6684021000-7f6688000000 ---p 00000000 00:00 0 
7f6688000000-7f668802b000 rw-p 00000000 00:00 0 
7f668802b000-7f668c000000 ---p 00000000 00:00 0 
7f668c000000-7f668c94a000 rw-p 00000000 00:00 0 
7f668c94a000-7f6690000000 ---p 00000000 00:00 0 
7f6690000000-7f6690021000 rw-p 00000000 00:00 0 
7f6690021000-7f6694000000 ---p 00000000 00:00 0 
7f6694000000-7f6695a4c000 rw-p 00000000 00:00 0 
7f6695a4c000-7f6698000000 ---p 00000000 00:00 0 
7f669b5f0000-7f669b5f3000 ---p 00000000 00:00 0 
7f669b5f3000-7f669b6f1000 rw-p 00000000 00:00 0 
7f669b6f1000-7f669b6f4000 ---p 00000000 00:00 0 
7f669b6f4000-7f669b7f2000 rw-p 00000000 00:00 0 
7f669b7f2000-7f669b7f5000 ---p 00000000 00:00 0 
7f669b7f5000-7f669b8f3000 rw-p 00000000 00:00 0 
7f669b8f3000-7f669b8f6000 ---p 00000000 00:00 0 
7f669b8f6000-7f669b9f4000 rw-p 00000000 00:00 0 
7f669b9f4000-7f669b9f7000 ---p 00000000 00:00 0 
7f669b9f7000-7f669baf5000 rw-p 00000000 00:00 0 
7f669baf5000-7f669bbfc000 r--s 00da9000 08:01 393233                     /home/hemant/Workspace/AndroidStudioProjects/android/MyCity4Kids/MyCity4Kids/build/intermediates/transforms/jarMerging/debug/jars/1/1f/combined.jar
7f669bbfc000-7f669bbfd000 ---p 00000000 00:00 0 
7f669bbfd000-7f669bcfd000 rw-p 00000000 00:00 0 
7f669bcfd000-7f669bd00000 ---p 00000000 00:00 0 
7f669bd00000-7f669bdfe000 rw-p 00000000 00:00 0 
7f669bdfe000-7f669be01000 ---p 00000000 00:00 0 
7f669be01000-7f669beff000 rw-p 00000000 00:00 0 
7f669beff000-7f669bf02000 ---p 00000000 00:00 0 
7f669bf02000-7f669c000000 rw-p 00000000 00:00 0 
7f669c000000-7f669c021000 rw-p 00000000 00:00 0 
7f669c021000-7f66a0000000 ---p 00000000 00:00 0 
7f66a0000000-7f66a16de000 rw-p 00000000 00:00 0 
7f66a16de000-7f66a4000000 ---p 00000000 00:00 0 
7f66a4000000-7f66a4021000 rw-p 00000000 00:00 0 
7f66a4021000-7f66a8000000 ---p 00000000 00:00 0 
7f66a8000000-7f66a8021000 rw-p 00000000 00:00 0 
7f66a8021000-7f66ac000000 ---p 00000000 00:00 0 
7f66ac000000-7f66b4000000 rw-p 00000000 00:00 0 
7f66b4000000-7f66b4021000 rw-p 00000000 00:00 0 
7f66b4021000-7f66b8000000 ---p 00000000 00:00 0 
7f66b8000000-7f66b828f000 rw-p 00000000 00:00 0 
7f66b828f000-7f66bc000000 ---p 00000000 00:00 0 
7f66bc000000-7f66bc021000 rw-p 00000000 00:00 0 
7f66bc021000-7f66c0000000 ---p 00000000 00:00 0 
7f66c0000000-7f66c0021000 rw-p 00000000 00:00 0 
7f66c0021000-7f66c4000000 ---p 00000000 00:00 0 
7f66c4000000-7f66c4021000 rw-p 00000000 00:00 0 
7f66c4021000-7f66c8000000 ---p 00000000 00:00 0 
7f66c804b000-7f66c804e000 ---p 00000000 00:00 0 
7f66c804e000-7f66c814c000 rw-p 00000000 00:00 0 
7f66c814c000-7f66c814f000 ---p 00000000 00:00 0 
7f66c814f000-7f66c824d000 rw-p 00000000 00:00 0 
7f66c824d000-7f66c892f000 r--p 00000000 08:01 2366464                    /usr/lib/locale/locale-archive
7f66c892f000-7f66c8932000 ---p 00000000 00:00 0 
7f66c8932000-7f66c8a30000 rw-p 00000000 00:00 0 
7f66c8a30000-7f66c8a33000 ---p 00000000 00:00 0 
7f66c8a33000-7f66c8b31000 rw-p 00000000 00:00 0 
7f66c8b31000-7f66c8b32000 ---p 00000000 00:00 0 
7f66c8b32000-7f66c9c14000 rw-p 00000000 00:00 0 
7f66c9c14000-7f66c9ded000 r--s 03d3e000 08:01 2889715                    /usr/lib/jvm/java-8-oracle/jre/lib/rt.jar
7f66c9ded000-7f66ca523000 rw-p 00000000 00:00 0 
7f66ca523000-7f66ca663000 ---p 00000000 00:00 0 
7f66ca663000-7f66cae63000 rw-p 00000000 00:00 0 
7f66cae63000-7f66cae64000 ---p 00000000 00:00 0 
7f66cae64000-7f66caf64000 rw-p 00000000 00:00 0 
7f66caf64000-7f66caf65000 ---p 00000000 00:00 0 
7f66caf65000-7f66cb065000 rw-p 00000000 00:00 0 
7f66cb065000-7f66cb066000 ---p 00000000 00:00 0 
7f66cb066000-7f66cb166000 rw-p 00000000 00:00 0 
7f66cb166000-7f66cb167000 ---p 00000000 00:00 0 
7f66cb167000-7f66cb378000 rw-p 00000000 00:00 0 
7f66cb378000-7f66cb7bd000 ---p 00000000 00:00 0 
7f66cb7bd000-7f66cb8ce000 rw-p 00000000 00:00 0 
7f66cb8ce000-7f66cbd12000 ---p 00000000 00:00 0 
7f66cbd12000-7f66cbfbd000 rw-p 00000000 00:00 0 
7f66cbfbd000-7f66cbff6000 rw-p 00000000 00:00 0 
7f66cbff6000-7f66cc37e000 ---p 00000000 00:00 0 
7f66cc37e000-7f66cd15e000 rwxp 00000000 00:00 0 
7f66cd15e000-7f66db37e000 ---p 00000000 00:00 0 
7f66db37e000-7f66db398000 r-xp 00000000 08:01 2889636                    /usr/lib/jvm/java-8-oracle/jre/lib/amd64/libzip.so
7f66db398000-7f66db598000 ---p 0001a000 08:01 2889636                    /usr/lib/jvm/java-8-oracle/jre/lib/amd64/libzip.so
7f66db598000-7f66db599000 rw-p 0001a000 08:01 2889636                    /usr/lib/jvm/java-8-oracle/jre/lib/amd64/libzip.so
7f66db599000-7f66db5a3000 r-xp 00000000 08:01 3943366                    /lib/x86_64-linux-gnu/libnss_files-2.19.so
7f66db5a3000-7f66db7a2000 ---p 0000a000 08:01 3943366                    /lib/x86_64-linux-gnu/libnss_files-2.19.so
7f66db7a2000-7f66db7a3000 r--p 00009000 08:01 3943366                    /lib/x86_64-linux-gnu/libnss_files-2.19.so
7f66db7a3000-7f66db7a4000 rw-p 0000a000 08:01 3943366                    /lib/x86_64-linux-gnu/libnss_files-2.19.so
7f66db7a4000-7f66db7af000 r-xp 00000000 08:01 3943358                    /lib/x86_64-linux-gnu/libnss_nis-2.19.so
7f66db7af000-7f66db9ae000 ---p 0000b000 08:01 3943358                    /lib/x86_64-linux-gnu/libnss_nis-2.19.so
7f66db9ae000-7f66db9af000 r--p 0000a000 08:01 3943358                    /lib/x86_64-linux-gnu/libnss_nis-2.19.so
7f66db9af000-7f66db9b0000 rw-p 0000b000 08:01 3943358                    /lib/x86_64-linux-gnu/libnss_nis-2.19.so
7f66db9b0000-7f66db9c7000 r-xp 00000000 08:01 3943354                    /lib/x86_64-linux-gnu/libnsl-2.19.so
7f66db9c7000-7f66dbbc6000 ---p 00017000 08:01 3943354                    /lib/x86_64-linux-gnu/libnsl-2.19.so
7f66dbbc6000-7f66dbbc7000 r--p 00016000 08:01 3943354                    /lib/x86_64-linux-gnu/libnsl-2.19.so
7f66dbbc7000-7f66dbbc8000 rw-p 00017000 08:01 3943354                    /lib/x86_64-linux-gnu/libnsl-2.19.so
7f66dbbc8000-7f66dbbca000 rw-p 00000000 00:00 0 
7f66dbbca000-7f66dbbd3000 r-xp 00000000 08:01 3943353                    /lib/x86_64-linux-gnu/libnss_compat-2.19.so
7f66dbbd3000-7f66dbdd2000 ---p 00009000 08:01 3943353                    /lib/x86_64-linux-gnu/libnss_compat-2.19.so
7f66dbdd2000-7f66dbdd3000 r--p 00008000 08:01 3943353                    /lib/x86_64-linux-gnu/libnss_compat-2.19.so
7f66dbdd3000-7f66dbdd4000 rw-p 00009000 08:01 3943353                    /lib/x86_64-linux-gnu/libnss_compat-2.19.so
7f66dbdd4000-7f66dbdff000 r-xp 00000000 08:01 2889671                    /usr/lib/jvm/java-8-oracle/jre/lib/amd64/libjava.so
7f66dbdff000-7f66dbffe000 ---p 0002b000 08:01 2889671                    /usr/lib/jvm/java-8-oracle/jre/lib/amd64/libjava.so
7f66dbffe000-7f66dc000000 rw-p 0002a000 08:01 2889671                    /usr/lib/jvm/java-8-oracle/jre/lib/amd64/libjava.so
7f66dc000000-7f66dc3c6000 rw-p 00000000 00:00 0 
7f66dc3c6000-7f66e0000000 ---p 00000000 00:00 0 
7f66e0017000-7f66e0038000 rw-p 00000000 00:00 0 
7f66e0038000-7f66e0045000 r-xp 00000000 08:01 2889678                    /usr/lib/jvm/java-8-oracle/jre/lib/amd64/libverify.so
7f66e0045000-7f66e0244000 ---p 0000d000 08:01 2889678                    /usr/lib/jvm/java-8-oracle/jre/lib/amd64/libverify.so
7f66e0244000-7f66e0246000 rw-p 0000c000 08:01 2889678                    /usr/lib/jvm/java-8-oracle/jre/lib/amd64/libverify.so
7f66e0246000-7f66e024d000 r-xp 00000000 08:01 3943362                    /lib/x86_64-linux-gnu/librt-2.19.so
7f66e024d000-7f66e044c000 ---p 00007000 08:01 3943362                    /lib/x86_64-linux-gnu/librt-2.19.so
7f66e044c000-7f66e044d000 r--p 00006000 08:01 3943362                    /lib/x86_64-linux-gnu/librt-2.19.so
7f66e044d000-7f66e044e000 rw-p 00007000 08:01 3943362                    /lib/x86_64-linux-gnu/librt-2.19.so
7f66e044e000-7f66e0553000 r-xp 00000000 08:01 3938640                    /lib/x86_64-linux-gnu/libm-2.19.so
7f66e0553000-7f66e0752000 ---p 00105000 08:01 3938640                    /lib/x86_64-linux-gnu/libm-2.19.so
7f66e0752000-7f66e0753000 r--p 00104000 08:01 3938640                    /lib/x86_64-linux-gnu/libm-2.19.so
7f66e0753000-7f66e0754000 rw-p 00105000 08:01 3938640                    /lib/x86_64-linux-gnu/libm-2.19.so
7f66e0754000-7f66e1422000 r-xp 00000000 08:01 2889645                    /usr/lib/jvm/java-8-oracle/jre/lib/amd64/server/libjvm.so
7f66e1422000-7f66e1622000 ---p 00cce000 08:01 2889645                    /usr/lib/jvm/java-8-oracle/jre/lib/amd64/server/libjvm.so
7f66e1622000-7f66e16fb000 rw-p 00cce000 08:01 2889645                    /usr/lib/jvm/java-8-oracle/jre/lib/amd64/server/libjvm.so
7f66e16fb000-7f66e1746000 rw-p 00000000 00:00 0 
7f66e1746000-7f66e1900000 r-xp 00000000 08:01 3943363                    /lib/x86_64-linux-gnu/libc-2.19.so
7f66e1900000-7f66e1b00000 ---p 001ba000 08:01 3943363                    /lib/x86_64-linux-gnu/libc-2.19.so
7f66e1b00000-7f66e1b04000 r--p 001ba000 08:01 3943363                    /lib/x86_64-linux-gnu/libc-2.19.so
7f66e1b04000-7f66e1b06000 rw-p 001be000 08:01 3943363                    /lib/x86_64-linux-gnu/libc-2.19.so
7f66e1b06000-7f66e1b0b000 rw-p 00000000 00:00 0 
7f66e1b0b000-7f66e1b0e000 r-xp 00000000 08:01 3943350                    /lib/x86_64-linux-gnu/libdl-2.19.so
7f66e1b0e000-7f66e1d0d000 ---p 00003000 08:01 3943350                    /lib/x86_64-linux-gnu/libdl-2.19.so
7f66e1d0d000-7f66e1d0e000 r--p 00002000 08:01 3943350                    /lib/x86_64-linux-gnu/libdl-2.19.so
7f66e1d0e000-7f66e1d0f000 rw-p 00003000 08:01 3943350                    /lib/x86_64-linux-gnu/libdl-2.19.so
7f66e1d0f000-7f66e1d24000 r-xp 00000000 08:01 2491932                    /usr/lib/jvm/java-8-oracle/lib/amd64/jli/libjli.so
7f66e1d24000-7f66e1f24000 ---p 00015000 08:01 2491932                    /usr/lib/jvm/java-8-oracle/lib/amd64/jli/libjli.so
7f66e1f24000-7f66e1f25000 rw-p 00015000 08:01 2491932                    /usr/lib/jvm/java-8-oracle/lib/amd64/jli/libjli.so
7f66e1f25000-7f66e1f3e000 r-xp 00000000 08:01 3943355                    /lib/x86_64-linux-gnu/libpthread-2.19.so
7f66e1f3e000-7f66e213d000 ---p 00019000 08:01 3943355                    /lib/x86_64-linux-gnu/libpthread-2.19.so
7f66e213d000-7f66e213e000 r--p 00018000 08:01 3943355                    /lib/x86_64-linux-gnu/libpthread-2.19.so
7f66e213e000-7f66e213f000 rw-p 00019000 08:01 3943355                    /lib/x86_64-linux-gnu/libpthread-2.19.so
7f66e213f000-7f66e2143000 rw-p 00000000 00:00 0 
7f66e2143000-7f66e2166000 r-xp 00000000 08:01 3943356                    /lib/x86_64-linux-gnu/ld-2.19.so
7f66e2168000-7f66e223b000 rw-p 00000000 00:00 0 
7f66e223b000-7f66e223e000 ---p 00000000 00:00 0 
7f66e223e000-7f66e2340000 rw-p 00000000 00:00 0 
7f66e234a000-7f66e234b000 rw-p 00000000 00:00 0 
7f66e234b000-7f66e2359000 r--s 000e0000 08:01 6426979                    /home/hemant/Android/Sdk/build-tools/25.0.2/lib/dx.jar
7f66e2359000-7f66e2361000 rw-s 00000000 08:01 4605040                    /tmp/hsperfdata_hemant/7494
7f66e2361000-7f66e2362000 rw-p 00000000 00:00 0 
7f66e2362000-7f66e2363000 ---p 00000000 00:00 0 
7f66e2363000-7f66e2365000 rw-p 00000000 00:00 0 
7f66e2365000-7f66e2366000 r--p 00022000 08:01 3943356                    /lib/x86_64-linux-gnu/ld-2.19.so
7f66e2366000-7f66e2367000 rw-p 00023000 08:01 3943356                    /lib/x86_64-linux-gnu/ld-2.19.so
7f66e2367000-7f66e2368000 rw-p 00000000 00:00 0 
7ffd2a81e000-7ffd2a83f000 rw-p 00000000 00:00 0                          [stack]
7ffd2a9a5000-7ffd2a9a7000 r--p 00000000 00:00 0                          [vvar]
7ffd2a9a7000-7ffd2a9a9000 r-xp 00000000 00:00 0                          [vdso]
ffffffffff600000-ffffffffff601000 r-xp 00000000 00:00 0                  [vsyscall]

VM Arguments:
jvm_args: -Djava.awt.headless=true -Xmx4g -Dfile.encoding=UTF-8 -Duser.country=IN -Duser.language=en -Duser.variant 
java_command: com.android.dx.command.Main --dex --num-threads=4 --multi-dex --main-dex-list /home/hemant/Workspace/AndroidStudioProjects/android/MyCity4Kids/MyCity4Kids/build/intermediates/multi-dex/debug/maindexlist.txt --output /home/hemant/Workspace/AndroidStudioProjects/android/MyCity4Kids/MyCity4Kids/build/intermediates/transforms/dex/debug/folders/1000/1f/main /home/hemant/Workspace/AndroidStudioProjects/android/MyCity4Kids/MyCity4Kids/build/intermediates/transforms/jarMerging/debug/jars/1/1f/combined.jar
java_class_path (initial): /home/hemant/Android/Sdk/build-tools/25.0.2/lib/dx.jar
Launcher Type: SUN_STANDARD

Environment Variables:
JAVA_HOME=/usr/lib/jvm/java-8-oracle
PATH=/usr/local/sbin:/usr/local/bin:/usr/sbin:/usr/bin:/sbin:/bin:/usr/games:/usr/local/games:/usr/lib/jvm/java-8-oracle/bin:/usr/lib/jvm/java-8-oracle/db/bin:/usr/lib/jvm/java-8-oracle/jre/bin
SHELL=/bin/bash
DISPLAY=:0

Signal Handlers:
SIGSEGV: [libjvm.so+0xac78c0], sa_mask[0]=11111111011111111101111111111110, sa_flags=SA_RESTART|SA_SIGINFO
SIGBUS: [libjvm.so+0xac78c0], sa_mask[0]=11111111011111111101111111111110, sa_flags=SA_RESTART|SA_SIGINFO
SIGFPE: [libjvm.so+0x920ac0], sa_mask[0]=11111111011111111101111111111110, sa_flags=SA_RESTART|SA_SIGINFO
SIGPIPE: [libjvm.so+0x920ac0], sa_mask[0]=11111111011111111101111111111110, sa_flags=SA_RESTART|SA_SIGINFO
SIGXFSZ: [libjvm.so+0x920ac0], sa_mask[0]=11111111011111111101111111111110, sa_flags=SA_RESTART|SA_SIGINFO
SIGILL: [libjvm.so+0x920ac0], sa_mask[0]=11111111011111111101111111111110, sa_flags=SA_RESTART|SA_SIGINFO
SIGUSR1: SIG_DFL, sa_mask[0]=00000000000000000000000000000000, sa_flags=none
SIGUSR2: [libjvm.so+0x922300], sa_mask[0]=00100000000000000000000000000000, sa_flags=SA_RESTART|SA_SIGINFO
SIGHUP: [libjvm.so+0x923700], sa_mask[0]=11111111011111111101111111111110, sa_flags=SA_RESTART|SA_SIGINFO
SIGINT: [libjvm.so+0x923700], sa_mask[0]=11111111011111111101111111111110, sa_flags=SA_RESTART|SA_SIGINFO
SIGTERM: [libjvm.so+0x923700], sa_mask[0]=11111111011111111101111111111110, sa_flags=SA_RESTART|SA_SIGINFO
SIGQUIT: [libjvm.so+0x923700], sa_mask[0]=11111111011111111101111111111110, sa_flags=SA_RESTART|SA_SIGINFO


---------------  S Y S T E M  ---------------

OS:DISTRIB_ID=Ubuntu
DISTRIB_RELEASE=14.04
DISTRIB_CODENAME=trusty
DISTRIB_DESCRIPTION="Ubuntu 14.04.5 LTS"

uname:Linux 4.4.0-66-generic #87~14.04.1-Ubuntu SMP Fri Mar 3 17:32:36 UTC 2017 x86_64
libc:glibc 2.19 NPTL 2.19 
rlimit: STACK 8192k, CORE 0k, NPROC 30943, NOFILE 4096, AS infinity
load average:5.62 1.86 1.00

/proc/meminfo:
MemTotal:        8056312 kB
MemFree:          127460 kB
MemAvailable:      75952 kB
Buffers:            1212 kB
Cached:           679864 kB
SwapCached:        43528 kB
Active:          6222868 kB
Inactive:        1279436 kB
Active(anon):    6171272 kB
Inactive(anon):  1234288 kB
Active(file):      51596 kB
Inactive(file):    45148 kB
Unevictable:         696 kB
Mlocked:             696 kB
SwapTotal:       7812092 kB
SwapFree:          18544 kB
Dirty:               432 kB
Writeback:             0 kB
AnonPages:       6780820 kB
Mapped:           494576 kB
Shmem:            583460 kB
Slab:             155540 kB
SReclaimable:      73760 kB
SUnreclaim:        81780 kB
KernelStack:       24784 kB
PageTables:       140840 kB
NFS_Unstable:          0 kB
Bounce:                0 kB
WritebackTmp:          0 kB
CommitLimit:    11840248 kB
Committed_AS:   31508928 kB
VmallocTotal:   34359738367 kB
VmallocUsed:           0 kB
VmallocChunk:          0 kB
HardwareCorrupted:     0 kB
AnonHugePages:    282624 kB
CmaTotal:              0 kB
CmaFree:               0 kB
HugePages_Total:       0
HugePages_Free:        0
HugePages_Rsvd:        0
HugePages_Surp:        0
Hugepagesize:       2048 kB
DirectMap4k:      786408 kB
DirectMap2M:     7483392 kB
DirectMap1G:           0 kB


CPU:total 4 (4 cores per cpu, 1 threads per core) family 6 model 94 stepping 3, cmov, cx8, fxsr, mmx, sse, sse2, sse3, ssse3, sse4.1, sse4.2, popcnt, avx, avx2, aes, clmul, erms, rtm, 3dnowpref, lzcnt, tsc, tscinvbit, bmi1, bmi2, adx

/proc/cpuinfo:
processor	: 0
vendor_id	: GenuineIntel
cpu family	: 6
model		: 94
model name	: Intel(R) Core(TM) i5-6600K CPU @ 3.50GHz
stepping	: 3
microcode	: 0x74
cpu MHz		: 1445.117
cache size	: 6144 KB
physical id	: 0
siblings	: 4
core id		: 0
cpu cores	: 4
apicid		: 0
initial apicid	: 0
fpu		: yes
fpu_exception	: yes
cpuid level	: 22
wp		: yes
flags		: fpu vme de pse tsc msr pae mce cx8 apic sep mtrr pge mca cmov pat pse36 clflush dts acpi mmx fxsr sse sse2 ss ht tm pbe syscall nx pdpe1gb rdtscp lm constant_tsc art arch_perfmon pebs bts rep_good nopl xtopology nonstop_tsc aperfmperf eagerfpu pni pclmulqdq dtes64 monitor ds_cpl vmx est tm2 ssse3 sdbg fma cx16 xtpr pdcm pcid sse4_1 sse4_2 x2apic movbe popcnt tsc_deadline_timer aes xsave avx f16c rdrand lahf_lm abm 3dnowprefetch intel_pt tpr_shadow vnmi flexpriority ept vpid fsgsbase tsc_adjust bmi1 hle avx2 smep bmi2 erms invpcid rtm mpx rdseed adx smap clflushopt xsaveopt xsavec xgetbv1 dtherm ida arat pln pts hwp hwp_notify hwp_act_window hwp_epp
bugs		:
bogomips	: 7007.89
clflush size	: 64
cache_alignment	: 64
address sizes	: 39 bits physical, 48 bits virtual
power management:

processor	: 1
vendor_id	: GenuineIntel
cpu family	: 6
model		: 94
model name	: Intel(R) Core(TM) i5-6600K CPU @ 3.50GHz
stepping	: 3
microcode	: 0x74
cpu MHz		: 1877.832
cache size	: 6144 KB
physical id	: 0
siblings	: 4
core id		: 1
cpu cores	: 4
apicid		: 2
initial apicid	: 2
fpu		: yes
fpu_exception	: yes
cpuid level	: 22
wp		: yes
flags		: fpu vme de pse tsc msr pae mce cx8 apic sep mtrr pge mca cmov pat pse36 clflush dts acpi mmx fxsr sse sse2 ss ht tm pbe syscall nx pdpe1gb rdtscp lm constant_tsc art arch_perfmon pebs bts rep_good nopl xtopology nonstop_tsc aperfmperf eagerfpu pni pclmulqdq dtes64 monitor ds_cpl vmx est tm2 ssse3 sdbg fma cx16 xtpr pdcm pcid sse4_1 sse4_2 x2apic movbe popcnt tsc_deadline_timer aes xsave avx f16c rdrand lahf_lm abm 3dnowprefetch intel_pt tpr_shadow vnmi flexpriority ept vpid fsgsbase tsc_adjust bmi1 hle avx2 smep bmi2 erms invpcid rtm mpx rdseed adx smap clflushopt xsaveopt xsavec xgetbv1 dtherm ida arat pln pts hwp hwp_notify hwp_act_window hwp_epp
bugs		:
bogomips	: 7007.89
clflush size	: 64
cache_alignment	: 64
address sizes	: 39 bits physical, 48 bits virtual
power management:

processor	: 2
vendor_id	: GenuineIntel
cpu family	: 6
model		: 94
model name	: Intel(R) Core(TM) i5-6600K CPU @ 3.50GHz
stepping	: 3
microcode	: 0x74
cpu MHz		: 3601.718
cache size	: 6144 KB
physical id	: 0
siblings	: 4
core id		: 2
cpu cores	: 4
apicid		: 4
initial apicid	: 4
fpu		: yes
fpu_exception	: yes
cpuid level	: 22
wp		: yes
flags		: fpu vme de pse tsc msr pae mce cx8 apic sep mtrr pge mca cmov pat pse36 clflush dts acpi mmx fxsr sse sse2 ss ht tm pbe syscall nx pdpe1gb rdtscp lm constant_tsc art arch_perfmon pebs bts rep_good nopl xtopology nonstop_tsc aperfmperf eagerfpu pni pclmulqdq dtes64 monitor ds_cpl vmx est tm2 ssse3 sdbg fma cx16 xtpr pdcm pcid sse4_1 sse4_2 x2apic movbe popcnt tsc_deadline_timer aes xsave avx f16c rdrand lahf_lm abm 3dnowprefetch intel_pt tpr_shadow vnmi flexpriority ept vpid fsgsbase tsc_adjust bmi1 hle avx2 smep bmi2 erms invpcid rtm mpx rdseed adx smap clflushopt xsaveopt xsavec xgetbv1 dtherm ida arat pln pts hwp hwp_notify hwp_act_window hwp_epp
bugs		:
bogomips	: 7007.89
clflush size	: 64
cache_alignment	: 64
address sizes	: 39 bits physical, 48 bits virtual
power management:

processor	: 3
vendor_id	: GenuineIntel
cpu family	: 6
model		: 94
model name	: Intel(R) Core(TM) i5-6600K CPU @ 3.50GHz
stepping	: 3
microcode	: 0x74
cpu MHz		: 3633.437
cache size	: 6144 KB
physical id	: 0
siblings	: 4
core id		: 3
cpu cores	: 4
apicid		: 6
initial apicid	: 6
fpu		: yes
fpu_exception	: yes
cpuid level	: 22
wp		: yes
flags		: fpu vme de pse tsc msr pae mce cx8 apic sep mtrr pge mca cmov pat pse36 clflush dts acpi mmx fxsr sse sse2 ss ht tm pbe syscall nx pdpe1gb rdtscp lm constant_tsc art arch_perfmon pebs bts rep_good nopl xtopology nonstop_tsc aperfmperf eagerfpu pni pclmulqdq dtes64 monitor ds_cpl vmx est tm2 ssse3 sdbg fma cx16 xtpr pdcm pcid sse4_1 sse4_2 x2apic movbe popcnt tsc_deadline_timer aes xsave avx f16c rdrand lahf_lm abm 3dnowprefetch intel_pt tpr_shadow vnmi flexpriority ept vpid fsgsbase tsc_adjust bmi1 hle avx2 smep bmi2 erms invpcid rtm mpx rdseed adx smap clflushopt xsaveopt xsavec xgetbv1 dtherm ida arat pln pts hwp hwp_notify hwp_act_window hwp_epp
bugs		:
bogomips	: 7007.89
clflush size	: 64
cache_alignment	: 64
address sizes	: 39 bits physical, 48 bits virtual
power management:



Memory: 4k page, physical 8056312k(127460k free), swap 7812092k(18572k free)

vm_info: Java HotSpot(TM) 64-Bit Server VM (25.121-b13) for linux-amd64 JRE (1.8.0_121-b13), built on Dec 12 2016 16:36:53 by "java_re" with gcc 4.3.0 20080428 (Red Hat 4.3.0-8)

time: Fri Jun  2 17:17:24 2017
elapsed time: 20 seconds (0d 0h 0m 20s)

