#
# There is insufficient memory for the Java Runtime Environment to continue.
# Native memory allocation (mmap) failed to map 319291392 bytes for committing reserved memory.
# Possible reasons:
#   The system is out of physical RAM or swap space
#   In 32 bit mode, the process size limit was hit
# Possible solutions:
#   Reduce memory load on the system
#   Increase physical memory or swap space
#   Check if swap backing store is full
#   Use 64 bit Java on a 64 bit OS
#   Decrease Java heap size (-Xmx/-Xms)
#   Decrease number of Java threads
#   Decrease Java thread stack sizes (-Xss)
#   Set larger code cache with -XX:ReservedCodeCacheSize=
# This output file may be truncated or incomplete.
#
#  Out of Memory Error (os_linux.cpp:2627), pid=3133, tid=0x00007f23abdfd700
#
# JRE version: Java(TM) SE Runtime Environment (8.0_121-b13) (build 1.8.0_121-b13)
# Java VM: Java HotSpot(TM) 64-Bit Server VM (25.121-b13 mixed mode linux-amd64 compressed oops)
# Failed to write core dump. Core dumps have been disabled. To enable core dumping, try "ulimit -c unlimited" before starting Java again
#

---------------  T H R E A D  ---------------

Current thread (0x00007f23d4078000):  VMThread [stack: 0x00007f23abcfd000,0x00007f23abdfe000] [id=3143]

Stack: [0x00007f23abcfd000,0x00007f23abdfe000],  sp=0x00007f23abdfc2e0,  free space=1020k
Native frames: (J=compiled Java code, j=interpreted, Vv=VM code, C=native code)
V  [libjvm.so+0xac703a]  VMError::report_and_die()+0x2ba
V  [libjvm.so+0x4fc7eb]  report_vm_out_of_memory(char const*, int, unsigned long, VMErrorType, char const*)+0x8b
V  [libjvm.so+0x923c43]  os::Linux::commit_memory_impl(char*, unsigned long, bool)+0x103
V  [libjvm.so+0x924199]  os::pd_commit_memory(char*, unsigned long, unsigned long, bool)+0x29
V  [libjvm.so+0x91e4aa]  os::commit_memory(char*, unsigned long, unsigned long, bool)+0x2a
V  [libjvm.so+0x992f03]  PSVirtualSpace::expand_by(unsigned long)+0x53
V  [libjvm.so+0x9837c0]  PSOldGen::expand(unsigned long)+0x170
V  [libjvm.so+0x9839cb]  PSOldGen::resize(unsigned long)+0x1cb
V  [libjvm.so+0x98b6d1]  PSParallelCompact::invoke_no_policy(bool)+0x991
V  [libjvm.so+0x99102d]  PSScavenge::invoke()+0x1ad
V  [libjvm.so+0x947c10]  ParallelScavengeHeap::failed_mem_allocate(unsigned long)+0x70
V  [libjvm.so+0xac8a57]  VM_ParallelGCFailedAllocation::doit()+0x97
V  [libjvm.so+0xad0535]  VM_Operation::evaluate()+0x55
V  [libjvm.so+0xace90a]  VMThread::evaluate_operation(VM_Operation*)+0xba
V  [libjvm.so+0xacec8e]  VMThread::loop()+0x1ce
V  [libjvm.so+0xacf100]  VMThread::run()+0x70
V  [libjvm.so+0x926268]  java_start(Thread*)+0x108

VM_Operation (0x00007f23aa804c10): ParallelGCFailedAllocation, mode: safepoint, requested by thread 0x00007f23d41bb000


---------------  P R O C E S S  ---------------

Java Threads: ( => current thread )
  0x00007f23d41bb000 JavaThread "pool-1-thread-1" [_thread_blocked, id=3161, stack(0x00007f23aa706000,0x00007f23aa807000)]
  0x00007f23d4188000 JavaThread "pool-2-thread-4" [_thread_blocked, id=3156, stack(0x00007f23aa807000,0x00007f23aa908000)]
  0x00007f23d4186800 JavaThread "pool-2-thread-3" [_thread_blocked, id=3155, stack(0x00007f23aa908000,0x00007f23aaa09000)]
  0x00007f23d4185000 JavaThread "pool-2-thread-2" [_thread_blocked, id=3154, stack(0x00007f23aaa09000,0x00007f23aab0a000)]
  0x00007f23d4183800 JavaThread "pool-3-thread-1" [_thread_blocked, id=3153, stack(0x00007f23aab0a000,0x00007f23aac0b000)]
  0x00007f23d4181800 JavaThread "pool-2-thread-1" [_thread_blocked, id=3152, stack(0x00007f23aac0b000,0x00007f23aad0c000)]
  0x00007f23d40d2800 JavaThread "Service Thread" daemon [_thread_blocked, id=3150, stack(0x00007f23aaf14000,0x00007f23ab015000)]
  0x00007f23d40bd800 JavaThread "C1 CompilerThread2" daemon [_thread_blocked, id=3149, stack(0x00007f23ab015000,0x00007f23ab116000)]
  0x00007f23d40bb800 JavaThread "C2 CompilerThread1" daemon [_thread_blocked, id=3148, stack(0x00007f23ab116000,0x00007f23ab217000)]
  0x00007f23d40b8800 JavaThread "C2 CompilerThread0" daemon [_thread_blocked, id=3147, stack(0x00007f23ab217000,0x00007f23ab318000)]
  0x00007f23d40b7000 JavaThread "Signal Dispatcher" daemon [_thread_blocked, id=3146, stack(0x00007f23ab318000,0x00007f23ab419000)]
  0x00007f23d4084800 JavaThread "Finalizer" daemon [_thread_blocked, id=3145, stack(0x00007f23abafb000,0x00007f23abbfc000)]
  0x00007f23d407f800 JavaThread "Reference Handler" daemon [_thread_blocked, id=3144, stack(0x00007f23abbfc000,0x00007f23abcfd000)]
  0x00007f23d400a000 JavaThread "main" [_thread_blocked, id=3138, stack(0x00007f23dd4bb000,0x00007f23dd5bc000)]

Other Threads:
=>0x00007f23d4078000 VMThread [stack: 0x00007f23abcfd000,0x00007f23abdfe000] [id=3143]
  0x00007f23d40dd000 WatcherThread [stack: 0x00007f23aae13000,0x00007f23aaf14000] [id=3151]

VM state:at safepoint (normal execution)

VM Mutex/Monitor currently owned by a thread:  ([mutex/lock_event])
[0x00007f23d4005f70] ExpandHeap_lock - owner thread: 0x00007f23d4078000
[0x00007f23d40065f0] Threads_lock - owner thread: 0x00007f23d4078000
[0x00007f23d4006af0] Heap_lock - owner thread: 0x00007f23d41bb000

Heap:
 PSYoungGen      total 1164800K, used 109053K [0x000000076ab00000, 0x00000007c0000000, 0x00000007c0000000)
  eden space 944128K, 0% used [0x000000076ab00000,0x000000076ab00000,0x00000007a4500000)
  from space 220672K, 49% used [0x00000007b2880000,0x00000007b92ff480,0x00000007c0000000)
  to   space 226816K, 0% used [0x00000007a4500000,0x00000007a4500000,0x00000007b2280000)
 ParOldGen       total 712192K, used 711745K [0x00000006c0000000, 0x00000006eb780000, 0x000000076ab00000)
  object space 712192K, 99% used [0x00000006c0000000,0x00000006eb710760,0x00000006eb780000)
 Metaspace       used 6830K, capacity 7384K, committed 7680K, reserved 1056768K
  class space    used 639K, capacity 656K, committed 768K, reserved 1048576K

Card table byte_map: [0x00007f23d9a75000,0x00007f23da276000] byte_map_base: 0x00007f23d6475000

Marking Bits: (ParMarkBitMap*) 0x00007f23dc998c80
 Begin Bits: [0x00007f23ac000000, 0x00007f23b0000000)
 End Bits:   [0x00007f23b0000000, 0x00007f23b4000000)

Polling page: 0x00007f23dd5e2000

CodeCache: size=245760Kb used=13953Kb max_used=14004Kb free=231806Kb
 bounds [0x00007f23c5000000, 0x00007f23c5dc0000, 0x00007f23d4000000]
 total_blobs=3162 nmethods=2893 adapters=182
 compilation: enabled

Compilation events (10 events):
Event: 14.547 Thread 0x00007f23d40bb800 nmethod 2881 0x00007f23c5d9b0d0 code [0x00007f23c5d9bca0, 0x00007f23c5da6a28]
Event: 14.547 Thread 0x00007f23d40bb800 2933 %     4       java.util.Arrays::hashCode @ 16 (56 bytes)
Event: 14.550 Thread 0x00007f23d40bb800 nmethod 2933% 0x00007f23c5d97a10 code [0x00007f23c5d97b80, 0x00007f23c5d97ed8]
Event: 14.550 Thread 0x00007f23d40bb800 3004       4       com.android.dx.ssa.back.FirstFitLocalCombiningAllocator::handleNormalUnassociated (99 bytes)
Event: 14.579 Thread 0x00007f23d40bd800 3039       2       com.android.dx.rop.cst.StdConstantPool::size (6 bytes)
Event: 14.579 Thread 0x00007f23d40bd800 nmethod 3039 0x00007f23c5d9ad90 code [0x00007f23c5d9aee0, 0x00007f23c5d9b030]
Event: 14.581 Thread 0x00007f23d40bd800 3040       2       com.android.dx.dex.file.ClassDefItem::addFieldAnnotations (11 bytes)
Event: 14.581 Thread 0x00007f23d40bd800 nmethod 3040 0x00007f23c5d9a9d0 code [0x00007f23c5d9ab40, 0x00007f23c5d9acc8]
Event: 14.595 Thread 0x00007f23d40bd800 3041       2       com.android.dx.rop.cst.CstInterfaceMethodRef::toMethodRef (31 bytes)
Event: 14.595 Thread 0x00007f23d40bd800 nmethod 3041 0x00007f23c5d9a410 code [0x00007f23c5d9a580, 0x00007f23c5d9a818]

GC Heap History (10 events):
Event: 9.348 GC heap after
Heap after GC invocations=16 (full 3):
 PSYoungGen      total 846848K, used 127988K [0x000000076ab00000, 0x00000007b5400000, 0x00000007c0000000)
  eden space 718848K, 0% used [0x000000076ab00000,0x000000076ab00000,0x0000000796900000)
  from space 128000K, 99% used [0x0000000796900000,0x000000079e5fd048,0x000000079e600000)
  to   space 163840K, 0% used [0x00000007ab400000,0x00000007ab400000,0x00000007b5400000)
 ParOldGen       total 439808K, used 348040K [0x00000006c0000000, 0x00000006dad80000, 0x000000076ab00000)
  object space 439808K, 79% used [0x00000006c0000000,0x00000006d53e2338,0x00000006dad80000)
 Metaspace       used 6701K, capacity 7320K, committed 7680K, reserved 1056768K
  class space    used 632K, capacity 656K, committed 768K, reserved 1048576K
}
Event: 10.289 GC heap before
{Heap before GC invocations=17 (full 3):
 PSYoungGen      total 846848K, used 846836K [0x000000076ab00000, 0x00000007b5400000, 0x00000007c0000000)
  eden space 718848K, 100% used [0x000000076ab00000,0x0000000796900000,0x0000000796900000)
  from space 128000K, 99% used [0x0000000796900000,0x000000079e5fd048,0x000000079e600000)
  to   space 163840K, 0% used [0x00000007ab400000,0x00000007ab400000,0x00000007b5400000)
 ParOldGen       total 439808K, used 348040K [0x00000006c0000000, 0x00000006dad80000, 0x000000076ab00000)
  object space 439808K, 79% used [0x00000006c0000000,0x00000006d53e2338,0x00000006dad80000)
 Metaspace       used 6707K, capacity 7320K, committed 7680K, reserved 1056768K
  class space    used 632K, capacity 656K, committed 768K, reserved 1048576K
Event: 10.738 GC heap after
Heap after GC invocations=17 (full 3):
 PSYoungGen      total 1049600K, used 108805K [0x000000076ab00000, 0x00000007b7980000, 0x00000007c0000000)
  eden space 885760K, 0% used [0x000000076ab00000,0x000000076ab00000,0x00000007a0c00000)
  from space 163840K, 66% used [0x00000007ab400000,0x00000007b1e41718,0x00000007b5400000)
  to   space 172032K, 0% used [0x00000007a0c00000,0x00000007a0c00000,0x00000007ab400000)
 ParOldGen       total 476672K, used 476168K [0x00000006c0000000, 0x00000006dd180000, 0x000000076ab00000)
  object space 476672K, 99% used [0x00000006c0000000,0x00000006dd102080,0x00000006dd180000)
 Metaspace       used 6707K, capacity 7320K, committed 7680K, reserved 1056768K
  class space    used 632K, capacity 656K, committed 768K, reserved 1048576K
}
Event: 10.738 GC heap before
{Heap before GC invocations=18 (full 4):
 PSYoungGen      total 1049600K, used 108805K [0x000000076ab00000, 0x00000007b7980000, 0x00000007c0000000)
  eden space 885760K, 0% used [0x000000076ab00000,0x000000076ab00000,0x00000007a0c00000)
  from space 163840K, 66% used [0x00000007ab400000,0x00000007b1e41718,0x00000007b5400000)
  to   space 172032K, 0% used [0x00000007a0c00000,0x00000007a0c00000,0x00000007ab400000)
 ParOldGen       total 476672K, used 476168K [0x00000006c0000000, 0x00000006dd180000, 0x000000076ab00000)
  object space 476672K, 99% used [0x00000006c0000000,0x00000006dd102080,0x00000006dd180000)
 Metaspace       used 6707K, capacity 7320K, committed 7680K, reserved 1056768K
  class space    used 632K, capacity 656K, committed 768K, reserved 1048576K
Event: 11.898 GC heap after
Heap after GC invocations=18 (full 4):
 PSYoungGen      total 1049600K, used 96429K [0x000000076ab00000, 0x00000007b7980000, 0x00000007c0000000)
  eden space 885760K, 0% used [0x000000076ab00000,0x000000076ab00000,0x00000007a0c00000)
  from space 163840K, 58% used [0x00000007ab400000,0x00000007b122b7b0,0x00000007b5400000)
  to   space 172032K, 0% used [0x00000007a0c00000,0x00000007a0c00000,0x00000007ab400000)
 ParOldGen       total 712192K, used 476665K [0x00000006c0000000, 0x00000006eb780000, 0x000000076ab00000)
  object space 712192K, 66% used [0x00000006c0000000,0x00000006dd17e7d8,0x00000006eb780000)
 Metaspace       used 6707K, capacity 7320K, committed 7680K, reserved 1056768K
  class space    used 632K, capacity 656K, committed 768K, reserved 1048576K
}
Event: 13.029 GC heap before
{Heap before GC invocations=19 (full 4):
 PSYoungGen      total 1049600K, used 982189K [0x000000076ab00000, 0x00000007b7980000, 0x00000007c0000000)
  eden space 885760K, 100% used [0x000000076ab00000,0x00000007a0c00000,0x00000007a0c00000)
  from space 163840K, 58% used [0x00000007ab400000,0x00000007b122b7b0,0x00000007b5400000)
  to   space 172032K, 0% used [0x00000007a0c00000,0x00000007a0c00000,0x00000007ab400000)
 ParOldGen       total 712192K, used 476665K [0x00000006c0000000, 0x00000006eb780000, 0x000000076ab00000)
  object space 712192K, 66% used [0x00000006c0000000,0x00000006dd17e7d8,0x00000006eb780000)
 Metaspace       used 6713K, capacity 7320K, committed 7680K, reserved 1056768K
  class space    used 632K, capacity 656K, committed 768K, reserved 1048576K
Event: 13.439 GC heap after
Heap after GC invocations=19 (full 4):
 PSYoungGen      total 1057792K, used 172018K [0x000000076ab00000, 0x00000007c0000000, 0x00000007c0000000)
  eden space 885760K, 0% used [0x000000076ab00000,0x000000076ab00000,0x00000007a0c00000)
  from space 172032K, 99% used [0x00000007a0c00000,0x00000007ab3fc870,0x00000007ab400000)
  to   space 220672K, 0% used [0x00000007b2880000,0x00000007b2880000,0x00000007c0000000)
 ParOldGen       total 712192K, used 530159K [0x00000006c0000000, 0x00000006eb780000, 0x000000076ab00000)
  object space 712192K, 74% used [0x00000006c0000000,0x00000006e05bbc90,0x00000006eb780000)
 Metaspace       used 6713K, capacity 7320K, committed 7680K, reserved 1056768K
  class space    used 632K, capacity 656K, committed 768K, reserved 1048576K
}
Event: 14.663 GC heap before
{Heap before GC invocations=20 (full 4):
 PSYoungGen      total 1057792K, used 1057778K [0x000000076ab00000, 0x00000007c0000000, 0x00000007c0000000)
  eden space 885760K, 100% used [0x000000076ab00000,0x00000007a0c00000,0x00000007a0c00000)
  from space 172032K, 99% used [0x00000007a0c00000,0x00000007ab3fc870,0x00000007ab400000)
  to   space 220672K, 0% used [0x00000007b2880000,0x00000007b2880000,0x00000007c0000000)
 ParOldGen       total 712192K, used 530159K [0x00000006c0000000, 0x00000006eb780000, 0x000000076ab00000)
  object space 712192K, 74% used [0x00000006c0000000,0x00000006e05bbc90,0x00000006eb780000)
 Metaspace       used 6830K, capacity 7384K, committed 7680K, reserved 1056768K
  class space    used 639K, capacity 656K, committed 768K, reserved 1048576K
Event: 15.265 GC heap after
Heap after GC invocations=20 (full 4):
 PSYoungGen      total 1164800K, used 134505K [0x000000076ab00000, 0x00000007c0000000, 0x00000007c0000000)
  eden space 944128K, 0% used [0x000000076ab00000,0x000000076ab00000,0x00000007a4500000)
  from space 220672K, 60% used [0x00000007b2880000,0x00000007babda4f0,0x00000007c0000000)
  to   space 226816K, 0% used [0x00000007a4500000,0x00000007a4500000,0x00000007b2280000)
 ParOldGen       total 712192K, used 701482K [0x00000006c0000000, 0x00000006eb780000, 0x000000076ab00000)
  object space 712192K, 98% used [0x00000006c0000000,0x00000006ead0a9a0,0x00000006eb780000)
 Metaspace       used 6830K, capacity 7384K, committed 7680K, reserved 1056768K
  class space    used 639K, capacity 656K, committed 768K, reserved 1048576K
}
Event: 15.265 GC heap before
{Heap before GC invocations=21 (full 5):
 PSYoungGen      total 1164800K, used 134505K [0x000000076ab00000, 0x00000007c0000000, 0x00000007c0000000)
  eden space 944128K, 0% used [0x000000076ab00000,0x000000076ab00000,0x00000007a4500000)
  from space 220672K, 60% used [0x00000007b2880000,0x00000007babda4f0,0x00000007c0000000)
  to   space 226816K, 0% used [0x00000007a4500000,0x00000007a4500000,0x00000007b2280000)
 ParOldGen       total 712192K, used 701482K [0x00000006c0000000, 0x00000006eb780000, 0x000000076ab00000)
  object space 712192K, 98% used [0x00000006c0000000,0x00000006ead0a9a0,0x00000006eb780000)
 Metaspace       used 6830K, capacity 7384K, committed 7680K, reserved 1056768K
  class space    used 639K, capacity 656K, committed 768K, reserved 1048576K

Deoptimization events (10 events):
Event: 13.861 Thread 0x00007f23d41bb000 Uncommon trap: reason=class_check action=maybe_recompile pc=0x00007f23c5991b1c method=java.util.Arrays.hashCode([Ljava/lang/Object;)I @ 43
Event: 13.862 Thread 0x00007f23d41bb000 Uncommon trap: reason=class_check action=maybe_recompile pc=0x00007f23c5991b1c method=java.util.Arrays.hashCode([Ljava/lang/Object;)I @ 43
Event: 13.862 Thread 0x00007f23d41bb000 Uncommon trap: reason=class_check action=maybe_recompile pc=0x00007f23c5991b1c method=java.util.Arrays.hashCode([Ljava/lang/Object;)I @ 43
Event: 13.862 Thread 0x00007f23d41bb000 Uncommon trap: reason=class_check action=maybe_recompile pc=0x00007f23c54b75fc method=java.util.Arrays.hashCode([Ljava/lang/Object;)I @ 43
Event: 14.040 Thread 0x00007f23d4181800 Uncommon trap: reason=unstable_if action=reinterpret pc=0x00007f23c5c13cfc method=com.android.dx.ssa.LiteralOpUpgrader$1.visitNonMoveInsn(Lcom/android/dx/ssa/NormalSsaInsn;)V @ 91
Event: 14.222 Thread 0x00007f23d4181800 Uncommon trap: reason=predicate action=maybe_recompile pc=0x00007f23c5a052c0 method=com.android.dx.ssa.DomFront.run()[Lcom/android/dx/ssa/DomFront$DomInfo; @ 175
Event: 14.250 Thread 0x00007f23d4181800 Uncommon trap: reason=class_check action=maybe_recompile pc=0x00007f23c5995e40 method=com.android.dx.ssa.SsaConverter.placePhiFunctions(Lcom/android/dx/ssa/SsaMethod;Lcom/android/dx/ssa/LocalVariableInfo;I)V @ 257
Event: 14.253 Thread 0x00007f23d4181800 Uncommon trap: reason=class_check action=maybe_recompile pc=0x00007f23c5979bc0 method=com.android.dx.ssa.SsaConverter.placePhiFunctions(Lcom/android/dx/ssa/SsaMethod;Lcom/android/dx/ssa/LocalVariableInfo;I)V @ 257
Event: 14.386 Thread 0x00007f23d400a000 Uncommon trap: reason=unstable_if action=reinterpret pc=0x00007f23c5399aa4 method=com.android.dx.rop.code.RegisterSpec.equals(ILcom/android/dx/rop/type/TypeBearer;Lcom/android/dx/rop/code/LocalItem;)Z @ 31
Event: 14.444 Thread 0x00007f23d4185000 Uncommon trap: reason=unstable_if action=reinterpret pc=0x00007f23c5b95dbc method=com.android.dx.cf.code.Merger.mergeType(Lcom/android/dx/rop/type/TypeBearer;Lcom/android/dx/rop/type/TypeBearer;)Lcom/android/dx/rop/type/TypeBearer; @ 77

Internal exceptions (7 events):
Event: 0.029 Thread 0x00007f23d400a000 Exception <a 'java/lang/NoSuchMethodError': Method sun.misc.Unsafe.defineClass(Ljava/lang/String;[BII)Ljava/lang/Class; name or signature does not match> (0x000000076ab07ca8) thrown at [/HUDSON3/workspace/8-2-build-linux-amd64/jdk8u121/8372/hotspot/src/sh
Event: 0.029 Thread 0x00007f23d400a000 Exception <a 'java/lang/NoSuchMethodError': Method sun.misc.Unsafe.prefetchRead(Ljava/lang/Object;J)V name or signature does not match> (0x000000076ab07f90) thrown at [/HUDSON3/workspace/8-2-build-linux-amd64/jdk8u121/8372/hotspot/src/share/vm/prims/jni.c
Event: 0.578 Thread 0x00007f23d4186800 Implicit null exception at 0x00007f23c532e8d6 to 0x00007f23c5331a25
Event: 0.725 Thread 0x00007f23d400a000 Exception <a 'java/lang/ArrayIndexOutOfBoundsException': 18> (0x000000076e6d2ad0) thrown at [/HUDSON3/workspace/8-2-build-linux-amd64/jdk8u121/8372/hotspot/src/share/vm/interpreter/interpreterRuntime.cpp, line 366]
Event: 0.725 Thread 0x00007f23d400a000 Exception <a 'java/lang/ArrayIndexOutOfBoundsException': 145> (0x000000076e6d4650) thrown at [/HUDSON3/workspace/8-2-build-linux-amd64/jdk8u121/8372/hotspot/src/share/vm/interpreter/interpreterRuntime.cpp, line 366]
Event: 0.726 Thread 0x00007f23d400a000 Exception <a 'java/lang/ArrayIndexOutOfBoundsException': 40> (0x000000076e6d5938) thrown at [/HUDSON3/workspace/8-2-build-linux-amd64/jdk8u121/8372/hotspot/src/share/vm/interpreter/interpreterRuntime.cpp, line 366]
Event: 14.386 Thread 0x00007f23d400a000 Implicit null exception at 0x00007f23c53995e7 to 0x00007f23c5399a79

Events (10 events):
Event: 14.602 Thread 0x00007f23d4185000 DEOPT UNPACKING pc=0x00007f23c5047633 sp=0x00007f23aab07d00 mode 0
Event: 14.603 Thread 0x00007f23d4185000 DEOPT PACKING pc=0x00007f23c545c474 sp=0x00007f23aab08020
Event: 14.603 Thread 0x00007f23d4185000 DEOPT UNPACKING pc=0x00007f23c5047633 sp=0x00007f23aab07d20 mode 0
Event: 14.641 Thread 0x00007f23d4181800 DEOPT PACKING pc=0x00007f23c545c474 sp=0x00007f23aad0a200
Event: 14.641 Thread 0x00007f23d4181800 DEOPT UNPACKING pc=0x00007f23c5047633 sp=0x00007f23aad09f00 mode 0
Event: 14.644 Thread 0x00007f23d4185000 DEOPT PACKING pc=0x00007f23c53d9232 sp=0x00007f23aab07f00
Event: 14.644 Thread 0x00007f23d4185000 DEOPT UNPACKING pc=0x00007f23c5047633 sp=0x00007f23aab07d00 mode 0
Event: 14.658 Thread 0x00007f23d4181800 DEOPT PACKING pc=0x00007f23c545c474 sp=0x00007f23aad0a120
Event: 14.658 Thread 0x00007f23d4181800 DEOPT UNPACKING pc=0x00007f23c5047633 sp=0x00007f23aad09e20 mode 0
Event: 14.660 Executing VM operation: ParallelGCFailedAllocation


Dynamic libraries:
00400000-00401000 r-xp 00000000 08:01 2491894                            /usr/lib/jvm/java-8-oracle/bin/java
00600000-00601000 rw-p 00000000 08:01 2491894                            /usr/lib/jvm/java-8-oracle/bin/java
011c7000-011e8000 rw-p 00000000 00:00 0                                  [heap]
6c0000000-6eb780000 rw-p 00000000 00:00 0 
6fe800000-76ab00000 ---p 00000000 00:00 0 
76ab00000-7c0000000 rw-p 00000000 00:00 0 
7c0000000-7c00c0000 rw-p 00000000 00:00 0 
7c00c0000-800000000 ---p 00000000 00:00 0 
7f236c000000-7f236c03a000 rw-p 00000000 00:00 0 
7f236c03a000-7f2370000000 ---p 00000000 00:00 0 
7f2370000000-7f2370021000 rw-p 00000000 00:00 0 
7f2370021000-7f2374000000 ---p 00000000 00:00 0 
7f2374000000-7f2374058000 rw-p 00000000 00:00 0 
7f2374058000-7f2378000000 ---p 00000000 00:00 0 
7f2378000000-7f2378048000 rw-p 00000000 00:00 0 
7f2378048000-7f237c000000 ---p 00000000 00:00 0 
7f237c000000-7f237c044000 rw-p 00000000 00:00 0 
7f237c044000-7f2380000000 ---p 00000000 00:00 0 
7f2380000000-7f2380021000 rw-p 00000000 00:00 0 
7f2380021000-7f2384000000 ---p 00000000 00:00 0 
7f2384000000-7f2384021000 rw-p 00000000 00:00 0 
7f2384021000-7f2388000000 ---p 00000000 00:00 0 
7f2388000000-7f2388021000 rw-p 00000000 00:00 0 
7f2388021000-7f238c000000 ---p 00000000 00:00 0 
7f238c000000-7f238d994000 rw-p 00000000 00:00 0 
7f238d994000-7f2390000000 ---p 00000000 00:00 0 
7f2390000000-7f2390d87000 rw-p 00000000 00:00 0 
7f2390d87000-7f2394000000 ---p 00000000 00:00 0 
7f2394000000-7f2394021000 rw-p 00000000 00:00 0 
7f2394021000-7f2398000000 ---p 00000000 00:00 0 
7f2398000000-7f239991b000 rw-p 00000000 00:00 0 
7f239991b000-7f239c000000 ---p 00000000 00:00 0 
7f239c000000-7f239c021000 rw-p 00000000 00:00 0 
7f239c021000-7f23a0000000 ---p 00000000 00:00 0 
7f23a0000000-7f23a0021000 rw-p 00000000 00:00 0 
7f23a0021000-7f23a4000000 ---p 00000000 00:00 0 
7f23a4000000-7f23a4297000 rw-p 00000000 00:00 0 
7f23a4297000-7f23a8000000 ---p 00000000 00:00 0 
7f23aa706000-7f23aa709000 ---p 00000000 00:00 0 
7f23aa709000-7f23aa807000 rw-p 00000000 00:00 0 
7f23aa807000-7f23aa80a000 ---p 00000000 00:00 0 
7f23aa80a000-7f23aa908000 rw-p 00000000 00:00 0 
7f23aa908000-7f23aa90b000 ---p 00000000 00:00 0 
7f23aa90b000-7f23aaa09000 rw-p 00000000 00:00 0 
7f23aaa09000-7f23aaa0c000 ---p 00000000 00:00 0 
7f23aaa0c000-7f23aab0a000 rw-p 00000000 00:00 0 
7f23aab0a000-7f23aab0d000 ---p 00000000 00:00 0 
7f23aab0d000-7f23aac0b000 rw-p 00000000 00:00 0 
7f23aac0b000-7f23aac0e000 ---p 00000000 00:00 0 
7f23aac0e000-7f23aad0c000 rw-p 00000000 00:00 0 
7f23aad0c000-7f23aae13000 r--s 00da9000 08:01 393233                     /home/hemant/Workspace/AndroidStudioProjects/android/MyCity4Kids/MyCity4Kids/build/intermediates/transforms/jarMerging/debug/jars/1/1f/combined.jar
7f23aae13000-7f23aae14000 ---p 00000000 00:00 0 
7f23aae14000-7f23aaf14000 rw-p 00000000 00:00 0 
7f23aaf14000-7f23aaf17000 ---p 00000000 00:00 0 
7f23aaf17000-7f23ab015000 rw-p 00000000 00:00 0 
7f23ab015000-7f23ab018000 ---p 00000000 00:00 0 
7f23ab018000-7f23ab116000 rw-p 00000000 00:00 0 
7f23ab116000-7f23ab119000 ---p 00000000 00:00 0 
7f23ab119000-7f23ab217000 rw-p 00000000 00:00 0 
7f23ab217000-7f23ab21a000 ---p 00000000 00:00 0 
7f23ab21a000-7f23ab318000 rw-p 00000000 00:00 0 
7f23ab318000-7f23ab31b000 ---p 00000000 00:00 0 
7f23ab31b000-7f23ab419000 rw-p 00000000 00:00 0 
7f23ab419000-7f23abafb000 r--p 00000000 08:01 2366464                    /usr/lib/locale/locale-archive
7f23abafb000-7f23abafe000 ---p 00000000 00:00 0 
7f23abafe000-7f23abbfc000 rw-p 00000000 00:00 0 
7f23abbfc000-7f23abbff000 ---p 00000000 00:00 0 
7f23abbff000-7f23abcfd000 rw-p 00000000 00:00 0 
7f23abcfd000-7f23abcfe000 ---p 00000000 00:00 0 
7f23abcfe000-7f23b4000000 rw-p 00000000 00:00 0 
7f23b4000000-7f23b4021000 rw-p 00000000 00:00 0 
7f23b4021000-7f23b8000000 ---p 00000000 00:00 0 
7f23b8000000-7f23b8021000 rw-p 00000000 00:00 0 
7f23b8021000-7f23bc000000 ---p 00000000 00:00 0 
7f23bc000000-7f23bc021000 rw-p 00000000 00:00 0 
7f23bc021000-7f23c0000000 ---p 00000000 00:00 0 
7f23c0000000-7f23c0021000 rw-p 00000000 00:00 0 
7f23c0021000-7f23c4000000 ---p 00000000 00:00 0 
7f23c40b7000-7f23c4e27000 rw-p 00000000 00:00 0 
7f23c4e27000-7f23c5000000 r--s 03d3e000 08:01 2889715                    /usr/lib/jvm/java-8-oracle/jre/lib/rt.jar
7f23c5000000-7f23c5dc0000 rwxp 00000000 00:00 0 
7f23c5dc0000-7f23d4000000 ---p 00000000 00:00 0 
7f23d4000000-7f23d43fd000 rw-p 00000000 00:00 0 
7f23d43fd000-7f23d8000000 ---p 00000000 00:00 0 
7f23d8014000-7f23d87db000 rw-p 00000000 00:00 0 
7f23d87db000-7f23d891b000 ---p 00000000 00:00 0 
7f23d891b000-7f23d911b000 rw-p 00000000 00:00 0 
7f23d911b000-7f23d911c000 ---p 00000000 00:00 0 
7f23d911c000-7f23d921c000 rw-p 00000000 00:00 0 
7f23d921c000-7f23d921d000 ---p 00000000 00:00 0 
7f23d921d000-7f23d931d000 rw-p 00000000 00:00 0 
7f23d931d000-7f23d931e000 ---p 00000000 00:00 0 
7f23d931e000-7f23d941e000 rw-p 00000000 00:00 0 
7f23d941e000-7f23d941f000 ---p 00000000 00:00 0 
7f23d941f000-7f23d967b000 rw-p 00000000 00:00 0 
7f23d967b000-7f23d9a75000 ---p 00000000 00:00 0 
7f23d9a75000-7f23d9bd1000 rw-p 00000000 00:00 0 
7f23d9bd1000-7f23d9fca000 ---p 00000000 00:00 0 
7f23d9fca000-7f23da275000 rw-p 00000000 00:00 0 
7f23da275000-7f23da2ad000 rw-p 00000000 00:00 0 
7f23da2ad000-7f23da636000 ---p 00000000 00:00 0 
7f23da636000-7f23da650000 r-xp 00000000 08:01 2889636                    /usr/lib/jvm/java-8-oracle/jre/lib/amd64/libzip.so
7f23da650000-7f23da850000 ---p 0001a000 08:01 2889636                    /usr/lib/jvm/java-8-oracle/jre/lib/amd64/libzip.so
7f23da850000-7f23da851000 rw-p 0001a000 08:01 2889636                    /usr/lib/jvm/java-8-oracle/jre/lib/amd64/libzip.so
7f23da851000-7f23da85b000 r-xp 00000000 08:01 3943366                    /lib/x86_64-linux-gnu/libnss_files-2.19.so
7f23da85b000-7f23daa5a000 ---p 0000a000 08:01 3943366                    /lib/x86_64-linux-gnu/libnss_files-2.19.so
7f23daa5a000-7f23daa5b000 r--p 00009000 08:01 3943366                    /lib/x86_64-linux-gnu/libnss_files-2.19.so
7f23daa5b000-7f23daa5c000 rw-p 0000a000 08:01 3943366                    /lib/x86_64-linux-gnu/libnss_files-2.19.so
7f23daa5c000-7f23daa67000 r-xp 00000000 08:01 3943358                    /lib/x86_64-linux-gnu/libnss_nis-2.19.so
7f23daa67000-7f23dac66000 ---p 0000b000 08:01 3943358                    /lib/x86_64-linux-gnu/libnss_nis-2.19.so
7f23dac66000-7f23dac67000 r--p 0000a000 08:01 3943358                    /lib/x86_64-linux-gnu/libnss_nis-2.19.so
7f23dac67000-7f23dac68000 rw-p 0000b000 08:01 3943358                    /lib/x86_64-linux-gnu/libnss_nis-2.19.so
7f23dac68000-7f23dac7f000 r-xp 00000000 08:01 3943354                    /lib/x86_64-linux-gnu/libnsl-2.19.so
7f23dac7f000-7f23dae7e000 ---p 00017000 08:01 3943354                    /lib/x86_64-linux-gnu/libnsl-2.19.so
7f23dae7e000-7f23dae7f000 r--p 00016000 08:01 3943354                    /lib/x86_64-linux-gnu/libnsl-2.19.so
7f23dae7f000-7f23dae80000 rw-p 00017000 08:01 3943354                    /lib/x86_64-linux-gnu/libnsl-2.19.so
7f23dae80000-7f23dae82000 rw-p 00000000 00:00 0 
7f23dae82000-7f23dae8b000 r-xp 00000000 08:01 3943353                    /lib/x86_64-linux-gnu/libnss_compat-2.19.so
7f23dae8b000-7f23db08a000 ---p 00009000 08:01 3943353                    /lib/x86_64-linux-gnu/libnss_compat-2.19.so
7f23db08a000-7f23db08b000 r--p 00008000 08:01 3943353                    /lib/x86_64-linux-gnu/libnss_compat-2.19.so
7f23db08b000-7f23db08c000 rw-p 00009000 08:01 3943353                    /lib/x86_64-linux-gnu/libnss_compat-2.19.so
7f23db08c000-7f23db0b7000 r-xp 00000000 08:01 2889671                    /usr/lib/jvm/java-8-oracle/jre/lib/amd64/libjava.so
7f23db0b7000-7f23db2b6000 ---p 0002b000 08:01 2889671                    /usr/lib/jvm/java-8-oracle/jre/lib/amd64/libjava.so
7f23db2b6000-7f23db2b8000 rw-p 0002a000 08:01 2889671                    /usr/lib/jvm/java-8-oracle/jre/lib/amd64/libjava.so
7f23db2b8000-7f23db2c5000 r-xp 00000000 08:01 2889678                    /usr/lib/jvm/java-8-oracle/jre/lib/amd64/libverify.so
7f23db2c5000-7f23db4c4000 ---p 0000d000 08:01 2889678                    /usr/lib/jvm/java-8-oracle/jre/lib/amd64/libverify.so
7f23db4c4000-7f23db4c6000 rw-p 0000c000 08:01 2889678                    /usr/lib/jvm/java-8-oracle/jre/lib/amd64/libverify.so
7f23db4c6000-7f23db4cd000 r-xp 00000000 08:01 3943362                    /lib/x86_64-linux-gnu/librt-2.19.so
7f23db4cd000-7f23db6cc000 ---p 00007000 08:01 3943362                    /lib/x86_64-linux-gnu/librt-2.19.so
7f23db6cc000-7f23db6cd000 r--p 00006000 08:01 3943362                    /lib/x86_64-linux-gnu/librt-2.19.so
7f23db6cd000-7f23db6ce000 rw-p 00007000 08:01 3943362                    /lib/x86_64-linux-gnu/librt-2.19.so
7f23db6ce000-7f23db7d3000 r-xp 00000000 08:01 3938640                    /lib/x86_64-linux-gnu/libm-2.19.so
7f23db7d3000-7f23db9d2000 ---p 00105000 08:01 3938640                    /lib/x86_64-linux-gnu/libm-2.19.so
7f23db9d2000-7f23db9d3000 r--p 00104000 08:01 3938640                    /lib/x86_64-linux-gnu/libm-2.19.so
7f23db9d3000-7f23db9d4000 rw-p 00105000 08:01 3938640                    /lib/x86_64-linux-gnu/libm-2.19.so
7f23db9d4000-7f23dc6a2000 r-xp 00000000 08:01 2889645                    /usr/lib/jvm/java-8-oracle/jre/lib/amd64/server/libjvm.so
7f23dc6a2000-7f23dc8a2000 ---p 00cce000 08:01 2889645                    /usr/lib/jvm/java-8-oracle/jre/lib/amd64/server/libjvm.so
7f23dc8a2000-7f23dc97b000 rw-p 00cce000 08:01 2889645                    /usr/lib/jvm/java-8-oracle/jre/lib/amd64/server/libjvm.so
7f23dc97b000-7f23dc9c6000 rw-p 00000000 00:00 0 
7f23dc9c6000-7f23dcb80000 r-xp 00000000 08:01 3943363                    /lib/x86_64-linux-gnu/libc-2.19.so
7f23dcb80000-7f23dcd80000 ---p 001ba000 08:01 3943363                    /lib/x86_64-linux-gnu/libc-2.19.so
7f23dcd80000-7f23dcd84000 r--p 001ba000 08:01 3943363                    /lib/x86_64-linux-gnu/libc-2.19.so
7f23dcd84000-7f23dcd86000 rw-p 001be000 08:01 3943363                    /lib/x86_64-linux-gnu/libc-2.19.so
7f23dcd86000-7f23dcd8b000 rw-p 00000000 00:00 0 
7f23dcd8b000-7f23dcd8e000 r-xp 00000000 08:01 3943350                    /lib/x86_64-linux-gnu/libdl-2.19.so
7f23dcd8e000-7f23dcf8d000 ---p 00003000 08:01 3943350                    /lib/x86_64-linux-gnu/libdl-2.19.so
7f23dcf8d000-7f23dcf8e000 r--p 00002000 08:01 3943350                    /lib/x86_64-linux-gnu/libdl-2.19.so
7f23dcf8e000-7f23dcf8f000 rw-p 00003000 08:01 3943350                    /lib/x86_64-linux-gnu/libdl-2.19.so
7f23dcf8f000-7f23dcfa4000 r-xp 00000000 08:01 2491932                    /usr/lib/jvm/java-8-oracle/lib/amd64/jli/libjli.so
7f23dcfa4000-7f23dd1a4000 ---p 00015000 08:01 2491932                    /usr/lib/jvm/java-8-oracle/lib/amd64/jli/libjli.so
7f23dd1a4000-7f23dd1a5000 rw-p 00015000 08:01 2491932                    /usr/lib/jvm/java-8-oracle/lib/amd64/jli/libjli.so
7f23dd1a5000-7f23dd1be000 r-xp 00000000 08:01 3943355                    /lib/x86_64-linux-gnu/libpthread-2.19.so
7f23dd1be000-7f23dd3bd000 ---p 00019000 08:01 3943355                    /lib/x86_64-linux-gnu/libpthread-2.19.so
7f23dd3bd000-7f23dd3be000 r--p 00018000 08:01 3943355                    /lib/x86_64-linux-gnu/libpthread-2.19.so
7f23dd3be000-7f23dd3bf000 rw-p 00019000 08:01 3943355                    /lib/x86_64-linux-gnu/libpthread-2.19.so
7f23dd3bf000-7f23dd3c3000 rw-p 00000000 00:00 0 
7f23dd3c3000-7f23dd3e6000 r-xp 00000000 08:01 3943356                    /lib/x86_64-linux-gnu/ld-2.19.so
7f23dd3e8000-7f23dd4bb000 rw-p 00000000 00:00 0 
7f23dd4bb000-7f23dd4be000 ---p 00000000 00:00 0 
7f23dd4be000-7f23dd5c0000 rw-p 00000000 00:00 0 
7f23dd5ca000-7f23dd5cb000 rw-p 00000000 00:00 0 
7f23dd5cb000-7f23dd5d9000 r--s 000e0000 08:01 6426979                    /home/hemant/Android/Sdk/build-tools/25.0.2/lib/dx.jar
7f23dd5d9000-7f23dd5e1000 rw-s 00000000 08:01 4605130                    /tmp/hsperfdata_hemant/3133
7f23dd5e1000-7f23dd5e2000 rw-p 00000000 00:00 0 
7f23dd5e2000-7f23dd5e3000 ---p 00000000 00:00 0 
7f23dd5e3000-7f23dd5e5000 rw-p 00000000 00:00 0 
7f23dd5e5000-7f23dd5e6000 r--p 00022000 08:01 3943356                    /lib/x86_64-linux-gnu/ld-2.19.so
7f23dd5e6000-7f23dd5e7000 rw-p 00023000 08:01 3943356                    /lib/x86_64-linux-gnu/ld-2.19.so
7f23dd5e7000-7f23dd5e8000 rw-p 00000000 00:00 0 
7ffd19b47000-7ffd19b68000 rw-p 00000000 00:00 0                          [stack]
7ffd19b9a000-7ffd19b9c000 r--p 00000000 00:00 0                          [vvar]
7ffd19b9c000-7ffd19b9e000 r-xp 00000000 00:00 0                          [vdso]
ffffffffff600000-ffffffffff601000 r-xp 00000000 00:00 0                  [vsyscall]

VM Arguments:
jvm_args: -Djava.awt.headless=true -Xmx4g -Dfile.encoding=UTF-8 -Duser.country=IN -Duser.language=en -Duser.variant 
java_command: com.android.dx.command.Main --dex --num-threads=4 --multi-dex --main-dex-list /home/hemant/Workspace/AndroidStudioProjects/android/MyCity4Kids/MyCity4Kids/build/intermediates/multi-dex/debug/maindexlist.txt --output /home/hemant/Workspace/AndroidStudioProjects/android/MyCity4Kids/MyCity4Kids/build/intermediates/transforms/dex/debug/folders/1000/1f/main /home/hemant/Workspace/AndroidStudioProjects/android/MyCity4Kids/MyCity4Kids/build/intermediates/transforms/jarMerging/debug/jars/1/1f/combined.jar
java_class_path (initial): /home/hemant/Android/Sdk/build-tools/25.0.2/lib/dx.jar
Launcher Type: SUN_STANDARD

Environment Variables:
JAVA_HOME=/usr/lib/jvm/java-8-oracle
PATH=/usr/local/sbin:/usr/local/bin:/usr/sbin:/usr/bin:/sbin:/bin:/usr/games:/usr/local/games:/usr/lib/jvm/java-8-oracle/bin:/usr/lib/jvm/java-8-oracle/db/bin:/usr/lib/jvm/java-8-oracle/jre/bin
SHELL=/bin/bash
DISPLAY=:0

Signal Handlers:
SIGSEGV: [libjvm.so+0xac78c0], sa_mask[0]=11111111011111111101111111111110, sa_flags=SA_RESTART|SA_SIGINFO
SIGBUS: [libjvm.so+0xac78c0], sa_mask[0]=11111111011111111101111111111110, sa_flags=SA_RESTART|SA_SIGINFO
SIGFPE: [libjvm.so+0x920ac0], sa_mask[0]=11111111011111111101111111111110, sa_flags=SA_RESTART|SA_SIGINFO
SIGPIPE: [libjvm.so+0x920ac0], sa_mask[0]=11111111011111111101111111111110, sa_flags=SA_RESTART|SA_SIGINFO
SIGXFSZ: [libjvm.so+0x920ac0], sa_mask[0]=11111111011111111101111111111110, sa_flags=SA_RESTART|SA_SIGINFO
SIGILL: [libjvm.so+0x920ac0], sa_mask[0]=11111111011111111101111111111110, sa_flags=SA_RESTART|SA_SIGINFO
SIGUSR1: SIG_DFL, sa_mask[0]=00000000000000000000000000000000, sa_flags=none
SIGUSR2: [libjvm.so+0x922300], sa_mask[0]=00100000000000000000000000000000, sa_flags=SA_RESTART|SA_SIGINFO
SIGHUP: [libjvm.so+0x923700], sa_mask[0]=11111111011111111101111111111110, sa_flags=SA_RESTART|SA_SIGINFO
SIGINT: [libjvm.so+0x923700], sa_mask[0]=11111111011111111101111111111110, sa_flags=SA_RESTART|SA_SIGINFO
SIGTERM: [libjvm.so+0x923700], sa_mask[0]=11111111011111111101111111111110, sa_flags=SA_RESTART|SA_SIGINFO
SIGQUIT: [libjvm.so+0x923700], sa_mask[0]=11111111011111111101111111111110, sa_flags=SA_RESTART|SA_SIGINFO


---------------  S Y S T E M  ---------------

OS:DISTRIB_ID=Ubuntu
DISTRIB_RELEASE=14.04
DISTRIB_CODENAME=trusty
DISTRIB_DESCRIPTION="Ubuntu 14.04.5 LTS"

uname:Linux 4.4.0-66-generic #87~14.04.1-Ubuntu SMP Fri Mar 3 17:32:36 UTC 2017 x86_64
libc:glibc 2.19 NPTL 2.19 
rlimit: STACK 8192k, CORE 0k, NPROC 30943, NOFILE 4096, AS infinity
load average:4.05 1.72 1.15

/proc/meminfo:
MemTotal:        8056312 kB
MemFree:          141668 kB
MemAvailable:      59300 kB
Buffers:            1332 kB
Cached:           671164 kB
SwapCached:        41432 kB
Active:          6251820 kB
Inactive:        1238672 kB
Active(anon):    6233720 kB
Inactive(anon):  1222320 kB
Active(file):      18100 kB
Inactive(file):    16352 kB
Unevictable:         696 kB
Mlocked:             696 kB
SwapTotal:       7812092 kB
SwapFree:             12 kB
Dirty:                 0 kB
Writeback:             0 kB
AnonPages:       6781336 kB
Mapped:           419248 kB
Shmem:            637056 kB
Slab:             155520 kB
SReclaimable:      74324 kB
SUnreclaim:        81196 kB
KernelStack:       23616 kB
PageTables:       136852 kB
NFS_Unstable:          0 kB
Bounce:                0 kB
WritebackTmp:          0 kB
CommitLimit:    11840248 kB
Committed_AS:   29956776 kB
VmallocTotal:   34359738367 kB
VmallocUsed:           0 kB
VmallocChunk:          0 kB
HardwareCorrupted:     0 kB
AnonHugePages:    436224 kB
CmaTotal:              0 kB
CmaFree:               0 kB
HugePages_Total:       0
HugePages_Free:        0
HugePages_Rsvd:        0
HugePages_Surp:        0
Hugepagesize:       2048 kB
DirectMap4k:      763880 kB
DirectMap2M:     7505920 kB
DirectMap1G:           0 kB


CPU:total 4 (4 cores per cpu, 1 threads per core) family 6 model 94 stepping 3, cmov, cx8, fxsr, mmx, sse, sse2, sse3, ssse3, sse4.1, sse4.2, popcnt, avx, avx2, aes, clmul, erms, rtm, 3dnowpref, lzcnt, tsc, tscinvbit, bmi1, bmi2, adx

/proc/cpuinfo:
processor	: 0
vendor_id	: GenuineIntel
cpu family	: 6
model		: 94
model name	: Intel(R) Core(TM) i5-6600K CPU @ 3.50GHz
stepping	: 3
microcode	: 0x74
cpu MHz		: 2205.273
cache size	: 6144 KB
physical id	: 0
siblings	: 4
core id		: 0
cpu cores	: 4
apicid		: 0
initial apicid	: 0
fpu		: yes
fpu_exception	: yes
cpuid level	: 22
wp		: yes
flags		: fpu vme de pse tsc msr pae mce cx8 apic sep mtrr pge mca cmov pat pse36 clflush dts acpi mmx fxsr sse sse2 ss ht tm pbe syscall nx pdpe1gb rdtscp lm constant_tsc art arch_perfmon pebs bts rep_good nopl xtopology nonstop_tsc aperfmperf eagerfpu pni pclmulqdq dtes64 monitor ds_cpl vmx est tm2 ssse3 sdbg fma cx16 xtpr pdcm pcid sse4_1 sse4_2 x2apic movbe popcnt tsc_deadline_timer aes xsave avx f16c rdrand lahf_lm abm 3dnowprefetch intel_pt tpr_shadow vnmi flexpriority ept vpid fsgsbase tsc_adjust bmi1 hle avx2 smep bmi2 erms invpcid rtm mpx rdseed adx smap clflushopt xsaveopt xsavec xgetbv1 dtherm ida arat pln pts hwp hwp_notify hwp_act_window hwp_epp
bugs		:
bogomips	: 7007.89
clflush size	: 64
cache_alignment	: 64
address sizes	: 39 bits physical, 48 bits virtual
power management:

processor	: 1
vendor_id	: GenuineIntel
cpu family	: 6
model		: 94
model name	: Intel(R) Core(TM) i5-6600K CPU @ 3.50GHz
stepping	: 3
microcode	: 0x74
cpu MHz		: 3187.871
cache size	: 6144 KB
physical id	: 0
siblings	: 4
core id		: 1
cpu cores	: 4
apicid		: 2
initial apicid	: 2
fpu		: yes
fpu_exception	: yes
cpuid level	: 22
wp		: yes
flags		: fpu vme de pse tsc msr pae mce cx8 apic sep mtrr pge mca cmov pat pse36 clflush dts acpi mmx fxsr sse sse2 ss ht tm pbe syscall nx pdpe1gb rdtscp lm constant_tsc art arch_perfmon pebs bts rep_good nopl xtopology nonstop_tsc aperfmperf eagerfpu pni pclmulqdq dtes64 monitor ds_cpl vmx est tm2 ssse3 sdbg fma cx16 xtpr pdcm pcid sse4_1 sse4_2 x2apic movbe popcnt tsc_deadline_timer aes xsave avx f16c rdrand lahf_lm abm 3dnowprefetch intel_pt tpr_shadow vnmi flexpriority ept vpid fsgsbase tsc_adjust bmi1 hle avx2 smep bmi2 erms invpcid rtm mpx rdseed adx smap clflushopt xsaveopt xsavec xgetbv1 dtherm ida arat pln pts hwp hwp_notify hwp_act_window hwp_epp
bugs		:
bogomips	: 7007.89
clflush size	: 64
cache_alignment	: 64
address sizes	: 39 bits physical, 48 bits virtual
power management:

processor	: 2
vendor_id	: GenuineIntel
cpu family	: 6
model		: 94
model name	: Intel(R) Core(TM) i5-6600K CPU @ 3.50GHz
stepping	: 3
microcode	: 0x74
cpu MHz		: 1247.832
cache size	: 6144 KB
physical id	: 0
siblings	: 4
core id		: 2
cpu cores	: 4
apicid		: 4
initial apicid	: 4
fpu		: yes
fpu_exception	: yes
cpuid level	: 22
wp		: yes
flags		: fpu vme de pse tsc msr pae mce cx8 apic sep mtrr pge mca cmov pat pse36 clflush dts acpi mmx fxsr sse sse2 ss ht tm pbe syscall nx pdpe1gb rdtscp lm constant_tsc art arch_perfmon pebs bts rep_good nopl xtopology nonstop_tsc aperfmperf eagerfpu pni pclmulqdq dtes64 monitor ds_cpl vmx est tm2 ssse3 sdbg fma cx16 xtpr pdcm pcid sse4_1 sse4_2 x2apic movbe popcnt tsc_deadline_timer aes xsave avx f16c rdrand lahf_lm abm 3dnowprefetch intel_pt tpr_shadow vnmi flexpriority ept vpid fsgsbase tsc_adjust bmi1 hle avx2 smep bmi2 erms invpcid rtm mpx rdseed adx smap clflushopt xsaveopt xsavec xgetbv1 dtherm ida arat pln pts hwp hwp_notify hwp_act_window hwp_epp
bugs		:
bogomips	: 7007.89
clflush size	: 64
cache_alignment	: 64
address sizes	: 39 bits physical, 48 bits virtual
power management:

processor	: 3
vendor_id	: GenuineIntel
cpu family	: 6
model		: 94
model name	: Intel(R) Core(TM) i5-6600K CPU @ 3.50GHz
stepping	: 3
microcode	: 0x74
cpu MHz		: 1896.289
cache size	: 6144 KB
physical id	: 0
siblings	: 4
core id		: 3
cpu cores	: 4
apicid		: 6
initial apicid	: 6
fpu		: yes
fpu_exception	: yes
cpuid level	: 22
wp		: yes
flags		: fpu vme de pse tsc msr pae mce cx8 apic sep mtrr pge mca cmov pat pse36 clflush dts acpi mmx fxsr sse sse2 ss ht tm pbe syscall nx pdpe1gb rdtscp lm constant_tsc art arch_perfmon pebs bts rep_good nopl xtopology nonstop_tsc aperfmperf eagerfpu pni pclmulqdq dtes64 monitor ds_cpl vmx est tm2 ssse3 sdbg fma cx16 xtpr pdcm pcid sse4_1 sse4_2 x2apic movbe popcnt tsc_deadline_timer aes xsave avx f16c rdrand lahf_lm abm 3dnowprefetch intel_pt tpr_shadow vnmi flexpriority ept vpid fsgsbase tsc_adjust bmi1 hle avx2 smep bmi2 erms invpcid rtm mpx rdseed adx smap clflushopt xsaveopt xsavec xgetbv1 dtherm ida arat pln pts hwp hwp_notify hwp_act_window hwp_epp
bugs		:
bogomips	: 7007.89
clflush size	: 64
cache_alignment	: 64
address sizes	: 39 bits physical, 48 bits virtual
power management:



Memory: 4k page, physical 8056312k(141668k free), swap 7812092k(0k free)

vm_info: Java HotSpot(TM) 64-Bit Server VM (25.121-b13) for linux-amd64 JRE (1.8.0_121-b13), built on Dec 12 2016 16:36:53 by "java_re" with gcc 4.3.0 20080428 (Red Hat 4.3.0-8)

time: Fri Jun  2 15:46:02 2017
elapsed time: 18 seconds (0d 0h 0m 18s)

