#
# There is insufficient memory for the Java Runtime Environment to continue.
# Native memory allocation (mmap) failed to map 261619712 bytes for committing reserved memory.
# Possible reasons:
#   The system is out of physical RAM or swap space
#   In 32 bit mode, the process size limit was hit
# Possible solutions:
#   Reduce memory load on the system
#   Increase physical memory or swap space
#   Check if swap backing store is full
#   Use 64 bit Java on a 64 bit OS
#   Decrease Java heap size (-Xmx/-Xms)
#   Decrease number of Java threads
#   Decrease Java thread stack sizes (-Xss)
#   Set larger code cache with -XX:ReservedCodeCacheSize=
# This output file may be truncated or incomplete.
#
#  Out of Memory Error (os_linux.cpp:2627), pid=4733, tid=0x00007f95b34f4700
#
# JRE version: Java(TM) SE Runtime Environment (8.0_121-b13) (build 1.8.0_121-b13)
# Java VM: Java HotSpot(TM) 64-Bit Server VM (25.121-b13 mixed mode linux-amd64 compressed oops)
# Failed to write core dump. Core dumps have been disabled. To enable core dumping, try "ulimit -c unlimited" before starting Java again
#

---------------  T H R E A D  ---------------

Current thread (0x00007f95c8078000):  VMThread [stack: 0x00007f95b33f4000,0x00007f95b34f5000] [id=4743]

Stack: [0x00007f95b33f4000,0x00007f95b34f5000],  sp=0x00007f95b34f32e0,  free space=1020k
Native frames: (J=compiled Java code, j=interpreted, Vv=VM code, C=native code)
V  [libjvm.so+0xac703a]  VMError::report_and_die()+0x2ba
V  [libjvm.so+0x4fc7eb]  report_vm_out_of_memory(char const*, int, unsigned long, VMErrorType, char const*)+0x8b
V  [libjvm.so+0x923c43]  os::Linux::commit_memory_impl(char*, unsigned long, bool)+0x103
V  [libjvm.so+0x924199]  os::pd_commit_memory(char*, unsigned long, unsigned long, bool)+0x29
V  [libjvm.so+0x91e4aa]  os::commit_memory(char*, unsigned long, unsigned long, bool)+0x2a
V  [libjvm.so+0x992f03]  PSVirtualSpace::expand_by(unsigned long)+0x53
V  [libjvm.so+0x9837c0]  PSOldGen::expand(unsigned long)+0x170
V  [libjvm.so+0x9839cb]  PSOldGen::resize(unsigned long)+0x1cb
V  [libjvm.so+0x98b6d1]  PSParallelCompact::invoke_no_policy(bool)+0x991
V  [libjvm.so+0x99102d]  PSScavenge::invoke()+0x1ad
V  [libjvm.so+0x947c10]  ParallelScavengeHeap::failed_mem_allocate(unsigned long)+0x70
V  [libjvm.so+0xac8a57]  VM_ParallelGCFailedAllocation::doit()+0x97
V  [libjvm.so+0xad0535]  VM_Operation::evaluate()+0x55
V  [libjvm.so+0xace90a]  VMThread::evaluate_operation(VM_Operation*)+0xba
V  [libjvm.so+0xacec8e]  VMThread::loop()+0x1ce
V  [libjvm.so+0xacf100]  VMThread::run()+0x70
V  [libjvm.so+0x926268]  java_start(Thread*)+0x108

VM_Operation (0x00007f95b2401ef0): ParallelGCFailedAllocation, mode: safepoint, requested by thread 0x00007f95c81b9800


---------------  P R O C E S S  ---------------

Java Threads: ( => current thread )
  0x00007f95c8204000 JavaThread "pool-1-thread-1" [_thread_blocked, id=4762, stack(0x00007f95b1dfe000,0x00007f95b1eff000)]
  0x00007f95c81c0000 JavaThread "pool-2-thread-4" [_thread_blocked, id=4756, stack(0x00007f95b1eff000,0x00007f95b2000000)]
  0x00007f95c81be000 JavaThread "pool-2-thread-3" [_thread_blocked, id=4755, stack(0x00007f95b2000000,0x00007f95b2101000)]
  0x00007f95c81bc800 JavaThread "pool-2-thread-2" [_thread_blocked, id=4754, stack(0x00007f95b2101000,0x00007f95b2202000)]
  0x00007f95c81bb800 JavaThread "pool-3-thread-1" [_thread_blocked, id=4753, stack(0x00007f95b2202000,0x00007f95b2303000)]
  0x00007f95c81b9800 JavaThread "pool-2-thread-1" [_thread_blocked, id=4752, stack(0x00007f95b2303000,0x00007f95b2404000)]
  0x00007f95c80d2800 JavaThread "Service Thread" daemon [_thread_blocked, id=4750, stack(0x00007f95b260b000,0x00007f95b270c000)]
  0x00007f95c80bd800 JavaThread "C1 CompilerThread2" daemon [_thread_blocked, id=4749, stack(0x00007f95b270c000,0x00007f95b280d000)]
  0x00007f95c80bb800 JavaThread "C2 CompilerThread1" daemon [_thread_blocked, id=4748, stack(0x00007f95b280d000,0x00007f95b290e000)]
  0x00007f95c80b8800 JavaThread "C2 CompilerThread0" daemon [_thread_blocked, id=4747, stack(0x00007f95b290e000,0x00007f95b2a0f000)]
  0x00007f95c80b7000 JavaThread "Signal Dispatcher" daemon [_thread_blocked, id=4746, stack(0x00007f95b2a0f000,0x00007f95b2b10000)]
  0x00007f95c8084800 JavaThread "Finalizer" daemon [_thread_blocked, id=4745, stack(0x00007f95b31f2000,0x00007f95b32f3000)]
  0x00007f95c807f800 JavaThread "Reference Handler" daemon [_thread_blocked, id=4744, stack(0x00007f95b32f3000,0x00007f95b33f4000)]
  0x00007f95c800a000 JavaThread "main" [_thread_blocked, id=4738, stack(0x00007f95d0b1a000,0x00007f95d0c1b000)]

Other Threads:
=>0x00007f95c8078000 VMThread [stack: 0x00007f95b33f4000,0x00007f95b34f5000] [id=4743]
  0x00007f95c80dd000 WatcherThread [stack: 0x00007f95b250a000,0x00007f95b260b000] [id=4751]

VM state:at safepoint (normal execution)

VM Mutex/Monitor currently owned by a thread:  ([mutex/lock_event])
[0x00007f95c8005f70] ExpandHeap_lock - owner thread: 0x00007f95c8078000
[0x00007f95c80065f0] Threads_lock - owner thread: 0x00007f95c8078000
[0x00007f95c8006af0] Heap_lock - owner thread: 0x00007f95c81b9800

Heap:
 PSYoungGen      total 1193984K, used 0K [0x000000076ab00000, 0x00000007c0000000, 0x00000007c0000000)
  eden space 990208K, 0% used [0x000000076ab00000,0x000000076ab00000,0x00000007a7200000)
  from space 203776K, 0% used [0x00000007a7200000,0x00000007a7200000,0x00000007b3900000)
  to   space 203776K, 0% used [0x00000007b3900000,0x00000007b3900000,0x00000007c0000000)
 ParOldGen       total 885760K, used 810859K [0x00000006c0000000, 0x00000006f6100000, 0x000000076ab00000)
  object space 885760K, 91% used [0x00000006c0000000,0x00000006f17dacb8,0x00000006f6100000)
 Metaspace       used 7080K, capacity 7672K, committed 7936K, reserved 1056768K
  class space    used 652K, capacity 688K, committed 768K, reserved 1048576K

Card table byte_map: [0x00007f95cd0d4000,0x00007f95cd8d5000] byte_map_base: 0x00007f95c9ad4000

Marking Bits: (ParMarkBitMap*) 0x00007f95cfff7c80
 Begin Bits: [0x00007f9594000000, 0x00007f9598000000)
 End Bits:   [0x00007f9598000000, 0x00007f959c000000)

Polling page: 0x00007f95d0c41000

CodeCache: size=245760Kb used=13642Kb max_used=15123Kb free=232117Kb
 bounds [0x00007f95b9000000, 0x00007f95b9ee0000, 0x00007f95c8000000]
 total_blobs=3304 nmethods=3035 adapters=182
 compilation: enabled

Compilation events (10 events):
Event: 18.635 Thread 0x00007f95c80bd800 3838       3       com.android.dx.ssa.back.SsaToRop::convertBasicBlocks (151 bytes)
Event: 18.636 Thread 0x00007f95c80bd800 nmethod 3838 0x00007f95b97d9b10 code [0x00007f95b97d9e20, 0x00007f95b97db6d8]
Event: 18.639 Thread 0x00007f95c80bd800 3839       2       com.android.dx.rop.code.Rop::equals (88 bytes)
Event: 18.639 Thread 0x00007f95c80bd800 nmethod 3839 0x00007f95b92e7950 code [0x00007f95b92e7ae0, 0x00007f95b92e7db8]
Event: 18.640 Thread 0x00007f95c80bb800 nmethod 3814 0x00007f95b9c1ad50 code [0x00007f95b9c1b560, 0x00007f95b9c218b8]
Event: 18.640 Thread 0x00007f95c80bb800 3824       4       com.android.dx.cf.code.BasicBlocker::visitConstant (39 bytes)
Event: 18.651 Thread 0x00007f95c80bb800 nmethod 3824 0x00007f95b9818c50 code [0x00007f95b9818e40, 0x00007f95b98198c8]
Event: 18.652 Thread 0x00007f95c80bb800 3840       4       com.android.dx.cf.code.BasicBlocker::visitThrowing (59 bytes)
Event: 18.660 Thread 0x00007f95c80bb800 nmethod 3840 0x00007f95b9a4bc50 code [0x00007f95b9a4be20, 0x00007f95b9a4c7a8]
Event: 18.660 Thread 0x00007f95c80bb800 3832       4       com.android.dx.dex.code.RopTranslator$LocalVariableAwareTranslationVisitor::visitThrowingCstInsn (11 bytes)

GC Heap History (10 events):
Event: 12.096 GC heap after
Heap after GC invocations=18 (full 4):
 PSYoungGen      total 1142784K, used 119221K [0x000000076ab00000, 0x00000007bc580000, 0x00000007c0000000)
  eden space 998912K, 0% used [0x000000076ab00000,0x000000076ab00000,0x00000007a7a80000)
  from space 143872K, 82% used [0x00000007b1600000,0x00000007b8a6d6b8,0x00000007ba280000)
  to   space 159232K, 0% used [0x00000007a7a80000,0x00000007a7a80000,0x00000007b1600000)
 ParOldGen       total 626688K, used 486428K [0x00000006c0000000, 0x00000006e6400000, 0x000000076ab00000)
  object space 626688K, 77% used [0x00000006c0000000,0x00000006ddb07278,0x00000006e6400000)
 Metaspace       used 6707K, capacity 7320K, committed 7680K, reserved 1056768K
  class space    used 631K, capacity 656K, committed 768K, reserved 1048576K
}
Event: 13.324 GC heap before
{Heap before GC invocations=19 (full 4):
 PSYoungGen      total 1142784K, used 1118133K [0x000000076ab00000, 0x00000007bc580000, 0x00000007c0000000)
  eden space 998912K, 100% used [0x000000076ab00000,0x00000007a7a80000,0x00000007a7a80000)
  from space 143872K, 82% used [0x00000007b1600000,0x00000007b8a6d6b8,0x00000007ba280000)
  to   space 159232K, 0% used [0x00000007a7a80000,0x00000007a7a80000,0x00000007b1600000)
 ParOldGen       total 626688K, used 486428K [0x00000006c0000000, 0x00000006e6400000, 0x000000076ab00000)
  object space 626688K, 77% used [0x00000006c0000000,0x00000006ddb07278,0x00000006e6400000)
 Metaspace       used 6739K, capacity 7320K, committed 7680K, reserved 1056768K
  class space    used 635K, capacity 656K, committed 768K, reserved 1048576K
Event: 13.790 GC heap after
Heap after GC invocations=19 (full 4):
 PSYoungGen      total 1158144K, used 152388K [0x000000076ab00000, 0x00000007c0000000, 0x00000007c0000000)
  eden space 998912K, 0% used [0x000000076ab00000,0x000000076ab00000,0x00000007a7a80000)
  from space 159232K, 95% used [0x00000007a7a80000,0x00000007b0f51270,0x00000007b1600000)
  to   space 183296K, 0% used [0x00000007b4d00000,0x00000007b4d00000,0x00000007c0000000)
 ParOldGen       total 626688K, used 600478K [0x00000006c0000000, 0x00000006e6400000, 0x000000076ab00000)
  object space 626688K, 95% used [0x00000006c0000000,0x00000006e4a67be8,0x00000006e6400000)
 Metaspace       used 6739K, capacity 7320K, committed 7680K, reserved 1056768K
  class space    used 635K, capacity 656K, committed 768K, reserved 1048576K
}
Event: 13.790 GC heap before
{Heap before GC invocations=20 (full 5):
 PSYoungGen      total 1158144K, used 152388K [0x000000076ab00000, 0x00000007c0000000, 0x00000007c0000000)
  eden space 998912K, 0% used [0x000000076ab00000,0x000000076ab00000,0x00000007a7a80000)
  from space 159232K, 95% used [0x00000007a7a80000,0x00000007b0f51270,0x00000007b1600000)
  to   space 183296K, 0% used [0x00000007b4d00000,0x00000007b4d00000,0x00000007c0000000)
 ParOldGen       total 626688K, used 600478K [0x00000006c0000000, 0x00000006e6400000, 0x000000076ab00000)
  object space 626688K, 95% used [0x00000006c0000000,0x00000006e4a67be8,0x00000006e6400000)
 Metaspace       used 6739K, capacity 7320K, committed 7680K, reserved 1056768K
  class space    used 635K, capacity 656K, committed 768K, reserved 1048576K
Event: 15.335 GC heap after
Heap after GC invocations=20 (full 5):
 PSYoungGen      total 1158144K, used 120933K [0x000000076ab00000, 0x00000007c0000000, 0x00000007c0000000)
  eden space 998912K, 0% used [0x000000076ab00000,0x000000076ab00000,0x00000007a7a80000)
  from space 159232K, 75% used [0x00000007a7a80000,0x00000007af099738,0x00000007b1600000)
  to   space 183296K, 0% used [0x00000007b4d00000,0x00000007b4d00000,0x00000007c0000000)
 ParOldGen       total 885760K, used 626281K [0x00000006c0000000, 0x00000006f6100000, 0x000000076ab00000)
  object space 885760K, 70% used [0x00000006c0000000,0x00000006e639a620,0x00000006f6100000)
 Metaspace       used 6739K, capacity 7320K, committed 7680K, reserved 1056768K
  class space    used 635K, capacity 656K, committed 768K, reserved 1048576K
}
Event: 16.745 GC heap before
{Heap before GC invocations=21 (full 5):
 PSYoungGen      total 1158144K, used 1119845K [0x000000076ab00000, 0x00000007c0000000, 0x00000007c0000000)
  eden space 998912K, 100% used [0x000000076ab00000,0x00000007a7a80000,0x00000007a7a80000)
  from space 159232K, 75% used [0x00000007a7a80000,0x00000007af099738,0x00000007b1600000)
  to   space 183296K, 0% used [0x00000007b4d00000,0x00000007b4d00000,0x00000007c0000000)
 ParOldGen       total 885760K, used 626281K [0x00000006c0000000, 0x00000006f6100000, 0x000000076ab00000)
  object space 885760K, 70% used [0x00000006c0000000,0x00000006e639a620,0x00000006f6100000)
 Metaspace       used 6848K, capacity 7384K, committed 7680K, reserved 1056768K
  class space    used 639K, capacity 656K, committed 768K, reserved 1048576K
Event: 17.310 GC heap after
Heap after GC invocations=21 (full 5):
 PSYoungGen      total 1173504K, used 154959K [0x000000076ab00000, 0x00000007c0000000, 0x00000007c0000000)
  eden space 990208K, 0% used [0x000000076ab00000,0x000000076ab00000,0x00000007a7200000)
  from space 183296K, 84% used [0x00000007b4d00000,0x00000007be453e78,0x00000007c0000000)
  to   space 203776K, 0% used [0x00000007a7200000,0x00000007a7200000,0x00000007b3900000)
 ParOldGen       total 885760K, used 742242K [0x00000006c0000000, 0x00000006f6100000, 0x000000076ab00000)
  object space 885760K, 83% used [0x00000006c0000000,0x00000006ed4d8a98,0x00000006f6100000)
 Metaspace       used 6848K, capacity 7384K, committed 7680K, reserved 1056768K
  class space    used 639K, capacity 656K, committed 768K, reserved 1048576K
}
Event: 18.663 GC heap before
{Heap before GC invocations=22 (full 5):
 PSYoungGen      total 1173504K, used 1145167K [0x000000076ab00000, 0x00000007c0000000, 0x00000007c0000000)
  eden space 990208K, 100% used [0x000000076ab00000,0x00000007a7200000,0x00000007a7200000)
  from space 183296K, 84% used [0x00000007b4d00000,0x00000007be453e78,0x00000007c0000000)
  to   space 203776K, 0% used [0x00000007a7200000,0x00000007a7200000,0x00000007b3900000)
 ParOldGen       total 885760K, used 742242K [0x00000006c0000000, 0x00000006f6100000, 0x000000076ab00000)
  object space 885760K, 83% used [0x00000006c0000000,0x00000006ed4d8a98,0x00000006f6100000)
 Metaspace       used 7080K, capacity 7672K, committed 7936K, reserved 1056768K
  class space    used 652K, capacity 688K, committed 768K, reserved 1048576K
Event: 19.038 GC heap after
Heap after GC invocations=22 (full 5):
 PSYoungGen      total 1193984K, used 203770K [0x000000076ab00000, 0x00000007c0000000, 0x00000007c0000000)
  eden space 990208K, 0% used [0x000000076ab00000,0x000000076ab00000,0x00000007a7200000)
  from space 203776K, 99% used [0x00000007a7200000,0x00000007b38feac8,0x00000007b3900000)
  to   space 203776K, 0% used [0x00000007b3900000,0x00000007b3900000,0x00000007c0000000)
 ParOldGen       total 885760K, used 857256K [0x00000006c0000000, 0x00000006f6100000, 0x000000076ab00000)
  object space 885760K, 96% used [0x00000006c0000000,0x00000006f452a050,0x00000006f6100000)
 Metaspace       used 7080K, capacity 7672K, committed 7936K, reserved 1056768K
  class space    used 652K, capacity 688K, committed 768K, reserved 1048576K
}
Event: 19.038 GC heap before
{Heap before GC invocations=23 (full 6):
 PSYoungGen      total 1193984K, used 203770K [0x000000076ab00000, 0x00000007c0000000, 0x00000007c0000000)
  eden space 990208K, 0% used [0x000000076ab00000,0x000000076ab00000,0x00000007a7200000)
  from space 203776K, 99% used [0x00000007a7200000,0x00000007b38feac8,0x00000007b3900000)
  to   space 203776K, 0% used [0x00000007b3900000,0x00000007b3900000,0x00000007c0000000)
 ParOldGen       total 885760K, used 857256K [0x00000006c0000000, 0x00000006f6100000, 0x000000076ab00000)
  object space 885760K, 96% used [0x00000006c0000000,0x00000006f452a050,0x00000006f6100000)
 Metaspace       used 7080K, capacity 7672K, committed 7936K, reserved 1056768K
  class space    used 652K, capacity 688K, committed 768K, reserved 1048576K

Deoptimization events (10 events):
Event: 17.665 Thread 0x00007f95c8204000 Uncommon trap: reason=array_check action=maybe_recompile pc=0x00007f95b97b74e4 method=java.util.ComparableTimSort.binarySort([Ljava/lang/Object;III)V @ 193
Event: 17.703 Thread 0x00007f95c8204000 Uncommon trap: reason=array_check action=maybe_recompile pc=0x00007f95b96e6df8 method=java.util.ComparableTimSort.binarySort([Ljava/lang/Object;III)V @ 215
Event: 17.714 Thread 0x00007f95c8204000 Uncommon trap: reason=array_check action=maybe_recompile pc=0x00007f95b96e6df8 method=java.util.ComparableTimSort.binarySort([Ljava/lang/Object;III)V @ 215
Event: 17.724 Thread 0x00007f95c8204000 Uncommon trap: reason=array_check action=maybe_recompile pc=0x00007f95b945b1a4 method=java.util.ComparableTimSort.binarySort([Ljava/lang/Object;III)V @ 183
Event: 17.740 Thread 0x00007f95c8204000 Uncommon trap: reason=unstable_if action=reinterpret pc=0x00007f95b92c46c4 method=com.android.dx.dex.code.LocalList$MakeState.filterSpec(Lcom/android/dx/rop/code/RegisterSpec;)Lcom/android/dx/rop/code/RegisterSpec; @ 11
Event: 17.826 Thread 0x00007f95c8204000 Uncommon trap: reason=array_check action=maybe_recompile pc=0x00007f95b945b1a4 method=java.util.ComparableTimSort.binarySort([Ljava/lang/Object;III)V @ 183
Event: 17.999 Thread 0x00007f95c8204000 Uncommon trap: reason=unstable_if action=reinterpret pc=0x00007f95b9392484 method=com.android.dx.rop.code.RegisterSpecSet.equals(Ljava/lang/Object;)Z @ 30
Event: 18.174 Thread 0x00007f95c81bc800 Uncommon trap: reason=unstable_if action=reinterpret pc=0x00007f95b91a8994 method=com.android.dx.ssa.MoveParamCombiner$1.visitNonMoveInsn(Lcom/android/dx/ssa/NormalSsaInsn;)V @ 27
Event: 18.504 Thread 0x00007f95c81c0000 Uncommon trap: reason=unstable_if action=reinterpret pc=0x00007f95b9bb95e8 method=com.android.dx.cf.code.Merger.isPossiblyAssignableFrom(Lcom/android/dx/rop/type/TypeBearer;Lcom/android/dx/rop/type/TypeBearer;)Z @ 131
Event: 18.633 Thread 0x00007f95c800a000 Uncommon trap: reason=unstable_if action=reinterpret pc=0x00007f95b9a805fc method=com.android.dx.ssa.back.SsaToRop.convertBasicBlock(Lcom/android/dx/ssa/SsaBasicBlock;)Lcom/android/dx/rop/code/BasicBlock; @ 21

Internal exceptions (9 events):
Event: 0.029 Thread 0x00007f95c800a000 Exception <a 'java/lang/NoSuchMethodError': Method sun.misc.Unsafe.defineClass(Ljava/lang/String;[BII)Ljava/lang/Class; name or signature does not match> (0x000000076ab07ca8) thrown at [/HUDSON3/workspace/8-2-build-linux-amd64/jdk8u121/8372/hotspot/src/sh
Event: 0.029 Thread 0x00007f95c800a000 Exception <a 'java/lang/NoSuchMethodError': Method sun.misc.Unsafe.prefetchRead(Ljava/lang/Object;J)V name or signature does not match> (0x000000076ab07f90) thrown at [/HUDSON3/workspace/8-2-build-linux-amd64/jdk8u121/8372/hotspot/src/share/vm/prims/jni.c
Event: 0.520 Thread 0x00007f95c81bc800 Implicit null exception at 0x00007f95b9316ffe to 0x00007f95b9319ce9
Event: 0.650 Thread 0x00007f95c81b9800 Implicit null exception at 0x00007f95b940f890 to 0x00007f95b940fa79
Event: 0.829 Thread 0x00007f95c81c0000 Exception <a 'java/lang/ArrayIndexOutOfBoundsException': 18> (0x00000007721bde88) thrown at [/HUDSON3/workspace/8-2-build-linux-amd64/jdk8u121/8372/hotspot/src/share/vm/interpreter/interpreterRuntime.cpp, line 366]
Event: 0.829 Thread 0x00007f95c81c0000 Exception <a 'java/lang/ArrayIndexOutOfBoundsException': 145> (0x00000007721bfa08) thrown at [/HUDSON3/workspace/8-2-build-linux-amd64/jdk8u121/8372/hotspot/src/share/vm/interpreter/interpreterRuntime.cpp, line 366]
Event: 0.829 Thread 0x00007f95c81c0000 Exception <a 'java/lang/ArrayIndexOutOfBoundsException': 40> (0x00000007721c0cf0) thrown at [/HUDSON3/workspace/8-2-build-linux-amd64/jdk8u121/8372/hotspot/src/share/vm/interpreter/interpreterRuntime.cpp, line 366]
Event: 11.107 Thread 0x00007f95c81bc800 Implicit null exception at 0x00007f95b9d72962 to 0x00007f95b9d737c9
Event: 15.789 Thread 0x00007f95c81bc800 Implicit null exception at 0x00007f95b93455e3 to 0x00007f95b9345afd

Events (10 events):
Event: 18.480 Thread 0x00007f95c81bc800 DEOPT UNPACKING pc=0x00007f95b9047633 sp=0x00007f95b21ff778 mode 0
Event: 18.498 Thread 0x00007f95c81bc800 DEOPT PACKING pc=0x00007f95b98fe26c sp=0x00007f95b21ffd00
Event: 18.498 Thread 0x00007f95c81bc800 DEOPT UNPACKING pc=0x00007f95b9047633 sp=0x00007f95b21ffa48 mode 0
Event: 18.504 Thread 0x00007f95c81c0000 Uncommon trap: trap_request=0xffffff65 fr.pc=0x00007f95b9bb95e8
Event: 18.504 Thread 0x00007f95c81c0000 DEOPT PACKING pc=0x00007f95b9bb95e8 sp=0x00007f95b1ffdb50
Event: 18.504 Thread 0x00007f95c81c0000 DEOPT UNPACKING pc=0x00007f95b9005229 sp=0x00007f95b1ffd9d8 mode 2
Event: 18.633 Thread 0x00007f95c800a000 Uncommon trap: trap_request=0xffffff65 fr.pc=0x00007f95b9a805fc
Event: 18.633 Thread 0x00007f95c800a000 DEOPT PACKING pc=0x00007f95b9a805fc sp=0x00007f95d0c187d0
Event: 18.633 Thread 0x00007f95c800a000 DEOPT UNPACKING pc=0x00007f95b9005229 sp=0x00007f95d0c18770 mode 2
Event: 18.663 Executing VM operation: ParallelGCFailedAllocation


Dynamic libraries:
00400000-00401000 r-xp 00000000 08:01 2491894                            /usr/lib/jvm/java-8-oracle/bin/java
00600000-00601000 rw-p 00000000 08:01 2491894                            /usr/lib/jvm/java-8-oracle/bin/java
017b6000-017d7000 rw-p 00000000 00:00 0                                  [heap]
6c0000000-6f6100000 rw-p 00000000 00:00 0 
705a80000-76ab00000 ---p 00000000 00:00 0 
76ab00000-7c0000000 rw-p 00000000 00:00 0 
7c0000000-7c00c0000 rw-p 00000000 00:00 0 
7c00c0000-800000000 ---p 00000000 00:00 0 
7f955c000000-7f955c023000 rw-p 00000000 00:00 0 
7f955c023000-7f9560000000 ---p 00000000 00:00 0 
7f9560000000-7f9560027000 rw-p 00000000 00:00 0 
7f9560027000-7f9564000000 ---p 00000000 00:00 0 
7f9564000000-7f956403a000 rw-p 00000000 00:00 0 
7f956403a000-7f9568000000 ---p 00000000 00:00 0 
7f9568000000-7f9568041000 rw-p 00000000 00:00 0 
7f9568041000-7f956c000000 ---p 00000000 00:00 0 
7f956c000000-7f956c0b5000 rw-p 00000000 00:00 0 
7f956c0b5000-7f9570000000 ---p 00000000 00:00 0 
7f9570000000-7f9570021000 rw-p 00000000 00:00 0 
7f9570021000-7f9574000000 ---p 00000000 00:00 0 
7f9574000000-7f9574021000 rw-p 00000000 00:00 0 
7f9574021000-7f9578000000 ---p 00000000 00:00 0 
7f9578000000-7f9578021000 rw-p 00000000 00:00 0 
7f9578021000-7f957c000000 ---p 00000000 00:00 0 
7f957c000000-7f957d38e000 rw-p 00000000 00:00 0 
7f957d38e000-7f9580000000 ---p 00000000 00:00 0 
7f9580000000-7f9580bb9000 rw-p 00000000 00:00 0 
7f9580bb9000-7f9584000000 ---p 00000000 00:00 0 
7f9584000000-7f9584021000 rw-p 00000000 00:00 0 
7f9584021000-7f9588000000 ---p 00000000 00:00 0 
7f9588000000-7f9589f59000 rw-p 00000000 00:00 0 
7f9589f59000-7f958c000000 ---p 00000000 00:00 0 
7f958c000000-7f958c021000 rw-p 00000000 00:00 0 
7f958c021000-7f9590000000 ---p 00000000 00:00 0 
7f9590000000-7f9590021000 rw-p 00000000 00:00 0 
7f9590021000-7f9594000000 ---p 00000000 00:00 0 
7f9594000000-7f959c000000 rw-p 00000000 00:00 0 
7f959c000000-7f959c021000 rw-p 00000000 00:00 0 
7f959c021000-7f95a0000000 ---p 00000000 00:00 0 
7f95a0000000-7f95a0297000 rw-p 00000000 00:00 0 
7f95a0297000-7f95a4000000 ---p 00000000 00:00 0 
7f95a4000000-7f95a4021000 rw-p 00000000 00:00 0 
7f95a4021000-7f95a8000000 ---p 00000000 00:00 0 
7f95ac000000-7f95ac021000 rw-p 00000000 00:00 0 
7f95ac021000-7f95b0000000 ---p 00000000 00:00 0 
7f95b1dfe000-7f95b1e01000 ---p 00000000 00:00 0 
7f95b1e01000-7f95b1eff000 rw-p 00000000 00:00 0 
7f95b1eff000-7f95b1f02000 ---p 00000000 00:00 0 
7f95b1f02000-7f95b2000000 rw-p 00000000 00:00 0 
7f95b2000000-7f95b2003000 ---p 00000000 00:00 0 
7f95b2003000-7f95b2101000 rw-p 00000000 00:00 0 
7f95b2101000-7f95b2104000 ---p 00000000 00:00 0 
7f95b2104000-7f95b2202000 rw-p 00000000 00:00 0 
7f95b2202000-7f95b2205000 ---p 00000000 00:00 0 
7f95b2205000-7f95b2303000 rw-p 00000000 00:00 0 
7f95b2303000-7f95b2306000 ---p 00000000 00:00 0 
7f95b2306000-7f95b2404000 rw-p 00000000 00:00 0 
7f95b2404000-7f95b250a000 r--s 00d9c000 08:01 393233                     /home/hemant/Workspace/AndroidStudioProjects/android/MyCity4Kids/MyCity4Kids/build/intermediates/transforms/jarMerging/debug/jars/1/1f/combined.jar
7f95b250a000-7f95b250b000 ---p 00000000 00:00 0 
7f95b250b000-7f95b260b000 rw-p 00000000 00:00 0 
7f95b260b000-7f95b260e000 ---p 00000000 00:00 0 
7f95b260e000-7f95b270c000 rw-p 00000000 00:00 0 
7f95b270c000-7f95b270f000 ---p 00000000 00:00 0 
7f95b270f000-7f95b280d000 rw-p 00000000 00:00 0 
7f95b280d000-7f95b2810000 ---p 00000000 00:00 0 
7f95b2810000-7f95b290e000 rw-p 00000000 00:00 0 
7f95b290e000-7f95b2911000 ---p 00000000 00:00 0 
7f95b2911000-7f95b2a0f000 rw-p 00000000 00:00 0 
7f95b2a0f000-7f95b2a12000 ---p 00000000 00:00 0 
7f95b2a12000-7f95b2b10000 rw-p 00000000 00:00 0 
7f95b2b10000-7f95b31f2000 r--p 00000000 08:01 2366464                    /usr/lib/locale/locale-archive
7f95b31f2000-7f95b31f5000 ---p 00000000 00:00 0 
7f95b31f5000-7f95b32f3000 rw-p 00000000 00:00 0 
7f95b32f3000-7f95b32f6000 ---p 00000000 00:00 0 
7f95b32f6000-7f95b33f4000 rw-p 00000000 00:00 0 
7f95b33f4000-7f95b33f5000 ---p 00000000 00:00 0 
7f95b33f5000-7f95b4000000 rw-p 00000000 00:00 0 
7f95b4000000-7f95b4021000 rw-p 00000000 00:00 0 
7f95b4021000-7f95b8000000 ---p 00000000 00:00 0 
7f95b8000000-7f95b8700000 rw-p 00000000 00:00 0 
7f95b8700000-7f95b8800000 ---p 00000000 00:00 0 
7f95b8800000-7f95b9000000 rw-p 00000000 00:00 0 
7f95b9000000-7f95b9ee0000 rwxp 00000000 00:00 0 
7f95b9ee0000-7f95c8000000 ---p 00000000 00:00 0 
7f95c8000000-7f95c8411000 rw-p 00000000 00:00 0 
7f95c8411000-7f95cc000000 ---p 00000000 00:00 0 
7f95cc033000-7f95cc52b000 rw-p 00000000 00:00 0 
7f95cc52b000-7f95cc704000 r--s 03d3e000 08:01 2889715                    /usr/lib/jvm/java-8-oracle/jre/lib/rt.jar
7f95cc704000-7f95cc77a000 rw-p 00000000 00:00 0 
7f95cc77a000-7f95cc77b000 ---p 00000000 00:00 0 
7f95cc77b000-7f95cc87b000 rw-p 00000000 00:00 0 
7f95cc87b000-7f95cc87c000 ---p 00000000 00:00 0 
7f95cc87c000-7f95cc97c000 rw-p 00000000 00:00 0 
7f95cc97c000-7f95cc97d000 ---p 00000000 00:00 0 
7f95cc97d000-7f95cca7d000 rw-p 00000000 00:00 0 
7f95cca7d000-7f95cca7e000 ---p 00000000 00:00 0 
7f95cca7e000-7f95ccd2f000 rw-p 00000000 00:00 0 
7f95ccd2f000-7f95cd0d4000 ---p 00000000 00:00 0 
7f95cd0d4000-7f95cd285000 rw-p 00000000 00:00 0 
7f95cd285000-7f95cd629000 ---p 00000000 00:00 0 
7f95cd629000-7f95cd8d4000 rw-p 00000000 00:00 0 
7f95cd8d4000-7f95cd911000 rw-p 00000000 00:00 0 
7f95cd911000-7f95cdc95000 ---p 00000000 00:00 0 
7f95cdc95000-7f95cdcaf000 r-xp 00000000 08:01 2889636                    /usr/lib/jvm/java-8-oracle/jre/lib/amd64/libzip.so
7f95cdcaf000-7f95cdeaf000 ---p 0001a000 08:01 2889636                    /usr/lib/jvm/java-8-oracle/jre/lib/amd64/libzip.so
7f95cdeaf000-7f95cdeb0000 rw-p 0001a000 08:01 2889636                    /usr/lib/jvm/java-8-oracle/jre/lib/amd64/libzip.so
7f95cdeb0000-7f95cdeba000 r-xp 00000000 08:01 3943366                    /lib/x86_64-linux-gnu/libnss_files-2.19.so
7f95cdeba000-7f95ce0b9000 ---p 0000a000 08:01 3943366                    /lib/x86_64-linux-gnu/libnss_files-2.19.so
7f95ce0b9000-7f95ce0ba000 r--p 00009000 08:01 3943366                    /lib/x86_64-linux-gnu/libnss_files-2.19.so
7f95ce0ba000-7f95ce0bb000 rw-p 0000a000 08:01 3943366                    /lib/x86_64-linux-gnu/libnss_files-2.19.so
7f95ce0bb000-7f95ce0c6000 r-xp 00000000 08:01 3943358                    /lib/x86_64-linux-gnu/libnss_nis-2.19.so
7f95ce0c6000-7f95ce2c5000 ---p 0000b000 08:01 3943358                    /lib/x86_64-linux-gnu/libnss_nis-2.19.so
7f95ce2c5000-7f95ce2c6000 r--p 0000a000 08:01 3943358                    /lib/x86_64-linux-gnu/libnss_nis-2.19.so
7f95ce2c6000-7f95ce2c7000 rw-p 0000b000 08:01 3943358                    /lib/x86_64-linux-gnu/libnss_nis-2.19.so
7f95ce2c7000-7f95ce2de000 r-xp 00000000 08:01 3943354                    /lib/x86_64-linux-gnu/libnsl-2.19.so
7f95ce2de000-7f95ce4dd000 ---p 00017000 08:01 3943354                    /lib/x86_64-linux-gnu/libnsl-2.19.so
7f95ce4dd000-7f95ce4de000 r--p 00016000 08:01 3943354                    /lib/x86_64-linux-gnu/libnsl-2.19.so
7f95ce4de000-7f95ce4df000 rw-p 00017000 08:01 3943354                    /lib/x86_64-linux-gnu/libnsl-2.19.so
7f95ce4df000-7f95ce4e1000 rw-p 00000000 00:00 0 
7f95ce4e1000-7f95ce4ea000 r-xp 00000000 08:01 3943353                    /lib/x86_64-linux-gnu/libnss_compat-2.19.so
7f95ce4ea000-7f95ce6e9000 ---p 00009000 08:01 3943353                    /lib/x86_64-linux-gnu/libnss_compat-2.19.so
7f95ce6e9000-7f95ce6ea000 r--p 00008000 08:01 3943353                    /lib/x86_64-linux-gnu/libnss_compat-2.19.so
7f95ce6ea000-7f95ce6eb000 rw-p 00009000 08:01 3943353                    /lib/x86_64-linux-gnu/libnss_compat-2.19.so
7f95ce6eb000-7f95ce716000 r-xp 00000000 08:01 2889671                    /usr/lib/jvm/java-8-oracle/jre/lib/amd64/libjava.so
7f95ce716000-7f95ce915000 ---p 0002b000 08:01 2889671                    /usr/lib/jvm/java-8-oracle/jre/lib/amd64/libjava.so
7f95ce915000-7f95ce917000 rw-p 0002a000 08:01 2889671                    /usr/lib/jvm/java-8-oracle/jre/lib/amd64/libjava.so
7f95ce917000-7f95ce924000 r-xp 00000000 08:01 2889678                    /usr/lib/jvm/java-8-oracle/jre/lib/amd64/libverify.so
7f95ce924000-7f95ceb23000 ---p 0000d000 08:01 2889678                    /usr/lib/jvm/java-8-oracle/jre/lib/amd64/libverify.so
7f95ceb23000-7f95ceb25000 rw-p 0000c000 08:01 2889678                    /usr/lib/jvm/java-8-oracle/jre/lib/amd64/libverify.so
7f95ceb25000-7f95ceb2c000 r-xp 00000000 08:01 3943362                    /lib/x86_64-linux-gnu/librt-2.19.so
7f95ceb2c000-7f95ced2b000 ---p 00007000 08:01 3943362                    /lib/x86_64-linux-gnu/librt-2.19.so
7f95ced2b000-7f95ced2c000 r--p 00006000 08:01 3943362                    /lib/x86_64-linux-gnu/librt-2.19.so
7f95ced2c000-7f95ced2d000 rw-p 00007000 08:01 3943362                    /lib/x86_64-linux-gnu/librt-2.19.so
7f95ced2d000-7f95cee32000 r-xp 00000000 08:01 3938640                    /lib/x86_64-linux-gnu/libm-2.19.so
7f95cee32000-7f95cf031000 ---p 00105000 08:01 3938640                    /lib/x86_64-linux-gnu/libm-2.19.so
7f95cf031000-7f95cf032000 r--p 00104000 08:01 3938640                    /lib/x86_64-linux-gnu/libm-2.19.so
7f95cf032000-7f95cf033000 rw-p 00105000 08:01 3938640                    /lib/x86_64-linux-gnu/libm-2.19.so
7f95cf033000-7f95cfd01000 r-xp 00000000 08:01 2889645                    /usr/lib/jvm/java-8-oracle/jre/lib/amd64/server/libjvm.so
7f95cfd01000-7f95cff01000 ---p 00cce000 08:01 2889645                    /usr/lib/jvm/java-8-oracle/jre/lib/amd64/server/libjvm.so
7f95cff01000-7f95cffda000 rw-p 00cce000 08:01 2889645                    /usr/lib/jvm/java-8-oracle/jre/lib/amd64/server/libjvm.so
7f95cffda000-7f95d0025000 rw-p 00000000 00:00 0 
7f95d0025000-7f95d01df000 r-xp 00000000 08:01 3943363                    /lib/x86_64-linux-gnu/libc-2.19.so
7f95d01df000-7f95d03df000 ---p 001ba000 08:01 3943363                    /lib/x86_64-linux-gnu/libc-2.19.so
7f95d03df000-7f95d03e3000 r--p 001ba000 08:01 3943363                    /lib/x86_64-linux-gnu/libc-2.19.so
7f95d03e3000-7f95d03e5000 rw-p 001be000 08:01 3943363                    /lib/x86_64-linux-gnu/libc-2.19.so
7f95d03e5000-7f95d03ea000 rw-p 00000000 00:00 0 
7f95d03ea000-7f95d03ed000 r-xp 00000000 08:01 3943350                    /lib/x86_64-linux-gnu/libdl-2.19.so
7f95d03ed000-7f95d05ec000 ---p 00003000 08:01 3943350                    /lib/x86_64-linux-gnu/libdl-2.19.so
7f95d05ec000-7f95d05ed000 r--p 00002000 08:01 3943350                    /lib/x86_64-linux-gnu/libdl-2.19.so
7f95d05ed000-7f95d05ee000 rw-p 00003000 08:01 3943350                    /lib/x86_64-linux-gnu/libdl-2.19.so
7f95d05ee000-7f95d0603000 r-xp 00000000 08:01 2491932                    /usr/lib/jvm/java-8-oracle/lib/amd64/jli/libjli.so
7f95d0603000-7f95d0803000 ---p 00015000 08:01 2491932                    /usr/lib/jvm/java-8-oracle/lib/amd64/jli/libjli.so
7f95d0803000-7f95d0804000 rw-p 00015000 08:01 2491932                    /usr/lib/jvm/java-8-oracle/lib/amd64/jli/libjli.so
7f95d0804000-7f95d081d000 r-xp 00000000 08:01 3943355                    /lib/x86_64-linux-gnu/libpthread-2.19.so
7f95d081d000-7f95d0a1c000 ---p 00019000 08:01 3943355                    /lib/x86_64-linux-gnu/libpthread-2.19.so
7f95d0a1c000-7f95d0a1d000 r--p 00018000 08:01 3943355                    /lib/x86_64-linux-gnu/libpthread-2.19.so
7f95d0a1d000-7f95d0a1e000 rw-p 00019000 08:01 3943355                    /lib/x86_64-linux-gnu/libpthread-2.19.so
7f95d0a1e000-7f95d0a22000 rw-p 00000000 00:00 0 
7f95d0a22000-7f95d0a45000 r-xp 00000000 08:01 3943356                    /lib/x86_64-linux-gnu/ld-2.19.so
7f95d0a47000-7f95d0b1a000 rw-p 00000000 00:00 0 
7f95d0b1a000-7f95d0b1d000 ---p 00000000 00:00 0 
7f95d0b1d000-7f95d0c1f000 rw-p 00000000 00:00 0 
7f95d0c29000-7f95d0c2a000 rw-p 00000000 00:00 0 
7f95d0c2a000-7f95d0c38000 r--s 000e0000 08:01 6426979                    /home/hemant/Android/Sdk/build-tools/25.0.2/lib/dx.jar
7f95d0c38000-7f95d0c40000 rw-s 00000000 08:01 4597434                    /tmp/hsperfdata_hemant/4733
7f95d0c40000-7f95d0c41000 rw-p 00000000 00:00 0 
7f95d0c41000-7f95d0c42000 ---p 00000000 00:00 0 
7f95d0c42000-7f95d0c44000 rw-p 00000000 00:00 0 
7f95d0c44000-7f95d0c45000 r--p 00022000 08:01 3943356                    /lib/x86_64-linux-gnu/ld-2.19.so
7f95d0c45000-7f95d0c46000 rw-p 00023000 08:01 3943356                    /lib/x86_64-linux-gnu/ld-2.19.so
7f95d0c46000-7f95d0c47000 rw-p 00000000 00:00 0 
7ffced9b4000-7ffced9d5000 rw-p 00000000 00:00 0                          [stack]
7ffced9d7000-7ffced9d9000 r--p 00000000 00:00 0                          [vvar]
7ffced9d9000-7ffced9db000 r-xp 00000000 00:00 0                          [vdso]
ffffffffff600000-ffffffffff601000 r-xp 00000000 00:00 0                  [vsyscall]

VM Arguments:
jvm_args: -Djava.awt.headless=true -Xmx4g -Dfile.encoding=UTF-8 -Duser.country=IN -Duser.language=en -Duser.variant 
java_command: com.android.dx.command.Main --dex --num-threads=4 --multi-dex --main-dex-list /home/hemant/Workspace/AndroidStudioProjects/android/MyCity4Kids/MyCity4Kids/build/intermediates/multi-dex/debug/maindexlist.txt --output /home/hemant/Workspace/AndroidStudioProjects/android/MyCity4Kids/MyCity4Kids/build/intermediates/transforms/dex/debug/folders/1000/1f/main /home/hemant/Workspace/AndroidStudioProjects/android/MyCity4Kids/MyCity4Kids/build/intermediates/transforms/jarMerging/debug/jars/1/1f/combined.jar
java_class_path (initial): /home/hemant/Android/Sdk/build-tools/25.0.2/lib/dx.jar
Launcher Type: SUN_STANDARD

Environment Variables:
JAVA_HOME=/usr/lib/jvm/java-8-oracle
PATH=/usr/local/sbin:/usr/local/bin:/usr/sbin:/usr/bin:/sbin:/bin:/usr/games:/usr/local/games:/usr/lib/jvm/java-8-oracle/bin:/usr/lib/jvm/java-8-oracle/db/bin:/usr/lib/jvm/java-8-oracle/jre/bin
SHELL=/bin/bash
DISPLAY=:0

Signal Handlers:
SIGSEGV: [libjvm.so+0xac78c0], sa_mask[0]=11111111011111111101111111111110, sa_flags=SA_RESTART|SA_SIGINFO
SIGBUS: [libjvm.so+0xac78c0], sa_mask[0]=11111111011111111101111111111110, sa_flags=SA_RESTART|SA_SIGINFO
SIGFPE: [libjvm.so+0x920ac0], sa_mask[0]=11111111011111111101111111111110, sa_flags=SA_RESTART|SA_SIGINFO
SIGPIPE: [libjvm.so+0x920ac0], sa_mask[0]=11111111011111111101111111111110, sa_flags=SA_RESTART|SA_SIGINFO
SIGXFSZ: [libjvm.so+0x920ac0], sa_mask[0]=11111111011111111101111111111110, sa_flags=SA_RESTART|SA_SIGINFO
SIGILL: [libjvm.so+0x920ac0], sa_mask[0]=11111111011111111101111111111110, sa_flags=SA_RESTART|SA_SIGINFO
SIGUSR1: SIG_DFL, sa_mask[0]=00000000000000000000000000000000, sa_flags=none
SIGUSR2: [libjvm.so+0x922300], sa_mask[0]=00100000000000000000000000000000, sa_flags=SA_RESTART|SA_SIGINFO
SIGHUP: [libjvm.so+0x923700], sa_mask[0]=11111111011111111101111111111110, sa_flags=SA_RESTART|SA_SIGINFO
SIGINT: [libjvm.so+0x923700], sa_mask[0]=11111111011111111101111111111110, sa_flags=SA_RESTART|SA_SIGINFO
SIGTERM: [libjvm.so+0x923700], sa_mask[0]=11111111011111111101111111111110, sa_flags=SA_RESTART|SA_SIGINFO
SIGQUIT: [libjvm.so+0x923700], sa_mask[0]=11111111011111111101111111111110, sa_flags=SA_RESTART|SA_SIGINFO


---------------  S Y S T E M  ---------------

OS:DISTRIB_ID=Ubuntu
DISTRIB_RELEASE=14.04
DISTRIB_CODENAME=trusty
DISTRIB_DESCRIPTION="Ubuntu 14.04.5 LTS"

uname:Linux 4.4.0-66-generic #87~14.04.1-Ubuntu SMP Fri Mar 3 17:32:36 UTC 2017 x86_64
libc:glibc 2.19 NPTL 2.19 
rlimit: STACK 8192k, CORE 0k, NPROC 30943, NOFILE 4096, AS infinity
load average:2.29 1.11 0.72

/proc/meminfo:
MemTotal:        8056312 kB
MemFree:          138088 kB
MemAvailable:      53316 kB
Buffers:            1248 kB
Cached:           342516 kB
SwapCached:         5244 kB
Active:          6244784 kB
Inactive:        1242308 kB
Active(anon):    6230956 kB
Inactive(anon):  1222796 kB
Active(file):      13828 kB
Inactive(file):    19512 kB
Unevictable:         820 kB
Mlocked:             820 kB
SwapTotal:       7812092 kB
SwapFree:            140 kB
Dirty:                32 kB
Writeback:             0 kB
AnonPages:       7143000 kB
Mapped:           190536 kB
Shmem:            309784 kB
Slab:             154344 kB
SReclaimable:      70632 kB
SUnreclaim:        83712 kB
KernelStack:       24016 kB
PageTables:       146028 kB
NFS_Unstable:          0 kB
Bounce:                0 kB
WritebackTmp:          0 kB
CommitLimit:    11840248 kB
Committed_AS:   31141732 kB
VmallocTotal:   34359738367 kB
VmallocUsed:           0 kB
VmallocChunk:          0 kB
HardwareCorrupted:     0 kB
AnonHugePages:    696320 kB
CmaTotal:              0 kB
CmaFree:               0 kB
HugePages_Total:       0
HugePages_Free:        0
HugePages_Rsvd:        0
HugePages_Surp:        0
Hugepagesize:       2048 kB
DirectMap4k:      585704 kB
DirectMap2M:     7684096 kB
DirectMap1G:           0 kB


CPU:total 4 (4 cores per cpu, 1 threads per core) family 6 model 94 stepping 3, cmov, cx8, fxsr, mmx, sse, sse2, sse3, ssse3, sse4.1, sse4.2, popcnt, avx, avx2, aes, clmul, erms, rtm, 3dnowpref, lzcnt, tsc, tscinvbit, bmi1, bmi2, adx

/proc/cpuinfo:
processor	: 0
vendor_id	: GenuineIntel
cpu family	: 6
model		: 94
model name	: Intel(R) Core(TM) i5-6600K CPU @ 3.50GHz
stepping	: 3
microcode	: 0x74
cpu MHz		: 2580.019
cache size	: 6144 KB
physical id	: 0
siblings	: 4
core id		: 0
cpu cores	: 4
apicid		: 0
initial apicid	: 0
fpu		: yes
fpu_exception	: yes
cpuid level	: 22
wp		: yes
flags		: fpu vme de pse tsc msr pae mce cx8 apic sep mtrr pge mca cmov pat pse36 clflush dts acpi mmx fxsr sse sse2 ss ht tm pbe syscall nx pdpe1gb rdtscp lm constant_tsc art arch_perfmon pebs bts rep_good nopl xtopology nonstop_tsc aperfmperf eagerfpu pni pclmulqdq dtes64 monitor ds_cpl vmx est tm2 ssse3 sdbg fma cx16 xtpr pdcm pcid sse4_1 sse4_2 x2apic movbe popcnt tsc_deadline_timer aes xsave avx f16c rdrand lahf_lm abm 3dnowprefetch intel_pt tpr_shadow vnmi flexpriority ept vpid fsgsbase tsc_adjust bmi1 hle avx2 smep bmi2 erms invpcid rtm mpx rdseed adx smap clflushopt xsaveopt xsavec xgetbv1 dtherm ida arat pln pts hwp hwp_notify hwp_act_window hwp_epp
bugs		:
bogomips	: 7007.71
clflush size	: 64
cache_alignment	: 64
address sizes	: 39 bits physical, 48 bits virtual
power management:

processor	: 1
vendor_id	: GenuineIntel
cpu family	: 6
model		: 94
model name	: Intel(R) Core(TM) i5-6600K CPU @ 3.50GHz
stepping	: 3
microcode	: 0x74
cpu MHz		: 3780.546
cache size	: 6144 KB
physical id	: 0
siblings	: 4
core id		: 1
cpu cores	: 4
apicid		: 2
initial apicid	: 2
fpu		: yes
fpu_exception	: yes
cpuid level	: 22
wp		: yes
flags		: fpu vme de pse tsc msr pae mce cx8 apic sep mtrr pge mca cmov pat pse36 clflush dts acpi mmx fxsr sse sse2 ss ht tm pbe syscall nx pdpe1gb rdtscp lm constant_tsc art arch_perfmon pebs bts rep_good nopl xtopology nonstop_tsc aperfmperf eagerfpu pni pclmulqdq dtes64 monitor ds_cpl vmx est tm2 ssse3 sdbg fma cx16 xtpr pdcm pcid sse4_1 sse4_2 x2apic movbe popcnt tsc_deadline_timer aes xsave avx f16c rdrand lahf_lm abm 3dnowprefetch intel_pt tpr_shadow vnmi flexpriority ept vpid fsgsbase tsc_adjust bmi1 hle avx2 smep bmi2 erms invpcid rtm mpx rdseed adx smap clflushopt xsaveopt xsavec xgetbv1 dtherm ida arat pln pts hwp hwp_notify hwp_act_window hwp_epp
bugs		:
bogomips	: 7007.71
clflush size	: 64
cache_alignment	: 64
address sizes	: 39 bits physical, 48 bits virtual
power management:

processor	: 2
vendor_id	: GenuineIntel
cpu family	: 6
model		: 94
model name	: Intel(R) Core(TM) i5-6600K CPU @ 3.50GHz
stepping	: 3
microcode	: 0x74
cpu MHz		: 3598.300
cache size	: 6144 KB
physical id	: 0
siblings	: 4
core id		: 2
cpu cores	: 4
apicid		: 4
initial apicid	: 4
fpu		: yes
fpu_exception	: yes
cpuid level	: 22
wp		: yes
flags		: fpu vme de pse tsc msr pae mce cx8 apic sep mtrr pge mca cmov pat pse36 clflush dts acpi mmx fxsr sse sse2 ss ht tm pbe syscall nx pdpe1gb rdtscp lm constant_tsc art arch_perfmon pebs bts rep_good nopl xtopology nonstop_tsc aperfmperf eagerfpu pni pclmulqdq dtes64 monitor ds_cpl vmx est tm2 ssse3 sdbg fma cx16 xtpr pdcm pcid sse4_1 sse4_2 x2apic movbe popcnt tsc_deadline_timer aes xsave avx f16c rdrand lahf_lm abm 3dnowprefetch intel_pt tpr_shadow vnmi flexpriority ept vpid fsgsbase tsc_adjust bmi1 hle avx2 smep bmi2 erms invpcid rtm mpx rdseed adx smap clflushopt xsaveopt xsavec xgetbv1 dtherm ida arat pln pts hwp hwp_notify hwp_act_window hwp_epp
bugs		:
bogomips	: 7007.71
clflush size	: 64
cache_alignment	: 64
address sizes	: 39 bits physical, 48 bits virtual
power management:

processor	: 3
vendor_id	: GenuineIntel
cpu family	: 6
model		: 94
model name	: Intel(R) Core(TM) i5-6600K CPU @ 3.50GHz
stepping	: 3
microcode	: 0x74
cpu MHz		: 3609.238
cache size	: 6144 KB
physical id	: 0
siblings	: 4
core id		: 3
cpu cores	: 4
apicid		: 6
initial apicid	: 6
fpu		: yes
fpu_exception	: yes
cpuid level	: 22
wp		: yes
flags		: fpu vme de pse tsc msr pae mce cx8 apic sep mtrr pge mca cmov pat pse36 clflush dts acpi mmx fxsr sse sse2 ss ht tm pbe syscall nx pdpe1gb rdtscp lm constant_tsc art arch_perfmon pebs bts rep_good nopl xtopology nonstop_tsc aperfmperf eagerfpu pni pclmulqdq dtes64 monitor ds_cpl vmx est tm2 ssse3 sdbg fma cx16 xtpr pdcm pcid sse4_1 sse4_2 x2apic movbe popcnt tsc_deadline_timer aes xsave avx f16c rdrand lahf_lm abm 3dnowprefetch intel_pt tpr_shadow vnmi flexpriority ept vpid fsgsbase tsc_adjust bmi1 hle avx2 smep bmi2 erms invpcid rtm mpx rdseed adx smap clflushopt xsaveopt xsavec xgetbv1 dtherm ida arat pln pts hwp hwp_notify hwp_act_window hwp_epp
bugs		:
bogomips	: 7007.71
clflush size	: 64
cache_alignment	: 64
address sizes	: 39 bits physical, 48 bits virtual
power management:



Memory: 4k page, physical 8056312k(138088k free), swap 7812092k(140k free)

vm_info: Java HotSpot(TM) 64-Bit Server VM (25.121-b13) for linux-amd64 JRE (1.8.0_121-b13), built on Dec 12 2016 16:36:53 by "java_re" with gcc 4.3.0 20080428 (Red Hat 4.3.0-8)

time: Mon May 29 15:11:14 2017
elapsed time: 21 seconds (0d 0h 0m 21s)

