#
# There is insufficient memory for the Java Runtime Environment to continue.
# Native memory allocation (mmap) failed to map 322961408 bytes for committing reserved memory.
# Possible reasons:
#   The system is out of physical RAM or swap space
#   In 32 bit mode, the process size limit was hit
# Possible solutions:
#   Reduce memory load on the system
#   Increase physical memory or swap space
#   Check if swap backing store is full
#   Use 64 bit Java on a 64 bit OS
#   Decrease Java heap size (-Xmx/-Xms)
#   Decrease number of Java threads
#   Decrease Java thread stack sizes (-Xss)
#   Set larger code cache with -XX:ReservedCodeCacheSize=
# This output file may be truncated or incomplete.
#
#  Out of Memory Error (os_linux.cpp:2627), pid=18578, tid=0x00007fd40e3f3700
#
# JRE version: Java(TM) SE Runtime Environment (8.0_101-b13) (build 1.8.0_101-b13)
# Java VM: Java HotSpot(TM) 64-Bit Server VM (25.101-b13 mixed mode linux-amd64 compressed oops)
# Failed to write core dump. Core dumps have been disabled. To enable core dumping, try "ulimit -c unlimited" before starting Java again
#

---------------  T H R E A D  ---------------

Current thread (0x00007fd424078000):  VMThread [stack: 0x00007fd40e2f3000,0x00007fd40e3f4000] [id=18588]

Stack: [0x00007fd40e2f3000,0x00007fd40e3f4000],  sp=0x00007fd40e3f2060,  free space=1020k
Native frames: (J=compiled Java code, j=interpreted, Vv=VM code, C=native code)
V  [libjvm.so+0xac3f0a]  VMError::report_and_die()+0x2ba
V  [libjvm.so+0x4fbf9b]  report_vm_out_of_memory(char const*, int, unsigned long, VMErrorType, char const*)+0x8b
V  [libjvm.so+0x9222d3]  os::Linux::commit_memory_impl(char*, unsigned long, bool)+0x103
V  [libjvm.so+0x922829]  os::pd_commit_memory(char*, unsigned long, unsigned long, bool)+0x29
V  [libjvm.so+0x91cb2a]  os::commit_memory(char*, unsigned long, unsigned long, bool)+0x2a
V  [libjvm.so+0x991053]  PSVirtualSpace::expand_by(unsigned long)+0x53
V  [libjvm.so+0x981920]  PSOldGen::expand(unsigned long)+0x170
V  [libjvm.so+0x981b2b]  PSOldGen::resize(unsigned long)+0x1cb
V  [libjvm.so+0x989821]  PSParallelCompact::invoke_no_policy(bool)+0x991
V  [libjvm.so+0x98f17d]  PSScavenge::invoke()+0x1ad
V  [libjvm.so+0x945fc0]  ParallelScavengeHeap::failed_mem_allocate(unsigned long)+0x70
V  [libjvm.so+0xac5927]  VM_ParallelGCFailedAllocation::doit()+0x97
V  [libjvm.so+0xacd405]  VM_Operation::evaluate()+0x55
V  [libjvm.so+0xacb7da]  VMThread::evaluate_operation(VM_Operation*)+0xba
V  [libjvm.so+0xacbb5e]  VMThread::loop()+0x1ce
V  [libjvm.so+0xacbfd0]  VMThread::run()+0x70
V  [libjvm.so+0x924698]  java_start(Thread*)+0x108

VM_Operation (0x00007fd40d12bcf0): ParallelGCFailedAllocation, mode: safepoint, requested by thread 0x00007fd424172000


---------------  P R O C E S S  ---------------

Java Threads: ( => current thread )
  0x00007fd4241b8000 JavaThread "pool-1-thread-1" [_thread_blocked, id=18640, stack(0x00007fd40cd2a000,0x00007fd40ce2b000)]
  0x00007fd424175800 JavaThread "pool-2-thread-4" [_thread_blocked, id=18604, stack(0x00007fd40ce2b000,0x00007fd40cf2c000)]
  0x00007fd424173800 JavaThread "pool-2-thread-3" [_thread_blocked, id=18603, stack(0x00007fd40cf2c000,0x00007fd40d02d000)]
  0x00007fd424172000 JavaThread "pool-2-thread-2" [_thread_blocked, id=18602, stack(0x00007fd40d02d000,0x00007fd40d12e000)]
  0x00007fd424171000 JavaThread "pool-3-thread-1" [_thread_blocked, id=18601, stack(0x00007fd40d12e000,0x00007fd40d22f000)]
  0x00007fd42416e800 JavaThread "pool-2-thread-1" [_thread_blocked, id=18600, stack(0x00007fd40d22f000,0x00007fd40d330000)]
  0x00007fd4240c0000 JavaThread "Service Thread" daemon [_thread_blocked, id=18598, stack(0x00007fd40d50a000,0x00007fd40d60b000)]
  0x00007fd4240bd000 JavaThread "C1 CompilerThread2" daemon [_thread_blocked, id=18597, stack(0x00007fd40d60b000,0x00007fd40d70c000)]
  0x00007fd4240bb800 JavaThread "C2 CompilerThread1" daemon [_thread_blocked, id=18596, stack(0x00007fd40d70c000,0x00007fd40d80d000)]
  0x00007fd4240b8800 JavaThread "C2 CompilerThread0" daemon [_thread_blocked, id=18595, stack(0x00007fd40d80d000,0x00007fd40d90e000)]
  0x00007fd4240b7000 JavaThread "Signal Dispatcher" daemon [_thread_blocked, id=18594, stack(0x00007fd40d90e000,0x00007fd40da0f000)]
  0x00007fd424084800 JavaThread "Finalizer" daemon [_thread_blocked, id=18592, stack(0x00007fd40e0f1000,0x00007fd40e1f2000)]
  0x00007fd42407f800 JavaThread "Reference Handler" daemon [_thread_blocked, id=18590, stack(0x00007fd40e1f2000,0x00007fd40e2f3000)]
  0x00007fd42400a000 JavaThread "main" [_thread_blocked, id=18583, stack(0x00007fd42ba20000,0x00007fd42bb21000)]

Other Threads:
=>0x00007fd424078000 VMThread [stack: 0x00007fd40e2f3000,0x00007fd40e3f4000] [id=18588]
  0x00007fd4240c3000 WatcherThread [stack: 0x00007fd40d409000,0x00007fd40d50a000] [id=18599]

VM state:at safepoint (normal execution)

VM Mutex/Monitor currently owned by a thread:  ([mutex/lock_event])
[0x00007fd424005f70] ExpandHeap_lock - owner thread: 0x00007fd424078000
[0x00007fd4240065f0] Threads_lock - owner thread: 0x00007fd424078000
[0x00007fd424006af0] Heap_lock - owner thread: 0x00007fd424172000

Heap:
 PSYoungGen      total 1167360K, used 17451K [0x000000076ab00000, 0x00000007c0000000, 0x00000007c0000000)
  eden space 964608K, 0% used [0x000000076ab00000,0x000000076ab00000,0x00000007a5900000)
  from space 202752K, 8% used [0x00000007b3a00000,0x00000007b4b0afb0,0x00000007c0000000)
  to   space 216576K, 0% used [0x00000007a5900000,0x00000007a5900000,0x00000007b2c80000)
 ParOldGen       total 858624K, used 858460K [0x00000006c0000000, 0x00000006f4680000, 0x000000076ab00000)
  object space 858624K, 99% used [0x00000006c0000000,0x00000006f4657028,0x00000006f4680000)
 Metaspace       used 6757K, capacity 7384K, committed 7680K, reserved 1056768K
  class space    used 625K, capacity 656K, committed 768K, reserved 1048576K

Card table byte_map: [0x00007fd4147ff000,0x00007fd415000000] byte_map_base: 0x00007fd4111ff000

Marking Bits: (ParMarkBitMap*) 0x00007fd42aef7120
 Begin Bits: [0x00007fd3f4000000, 0x00007fd3f8000000)
 End Bits:   [0x00007fd3f8000000, 0x00007fd3fc000000)

Polling page: 0x00007fd42bb40000

CodeCache: size=245760Kb used=13532Kb max_used=13821Kb free=232227Kb
 bounds [0x00007fd415000000, 0x00007fd415e50000, 0x00007fd424000000]
 total_blobs=2834 nmethods=2565 adapters=182
 compilation: enabled

Compilation events (10 events):
Event: 25.710 Thread 0x00007fd4240b8800 nmethod 3264 0x00007fd415e2e950 code [0x00007fd415e30480, 0x00007fd415e38cf8]
Event: 25.710 Thread 0x00007fd4240b8800 3277   !   4       com.android.dx.cf.code.RopperMachine::run (1550 bytes)
Event: 25.723 Thread 0x00007fd4240bd000 3312 %     3       com.android.dx.dex.file.ProtoIdItem::makeShortForm @ 36 (74 bytes)
Event: 25.724 Thread 0x00007fd4240bd000 nmethod 3312% 0x00007fd4154ef9d0 code [0x00007fd4154efca0, 0x00007fd4154f1548]
Event: 25.746 Thread 0x00007fd4240bd000 3313       3       com.android.dx.dex.file.ProtoIdItem::makeShortForm (74 bytes)
Event: 25.747 Thread 0x00007fd4240bd000 nmethod 3313 0x00007fd415514390 code [0x00007fd415514640, 0x00007fd415515e28]
Event: 25.761 Thread 0x00007fd4240bd000 3314 %     3       com.android.dx.dex.file.UniformItemSection::prepare0 @ 19 (47 bytes)
Event: 25.761 Thread 0x00007fd4240bd000 nmethod 3314% 0x00007fd4154eed90 code [0x00007fd4154eef80, 0x00007fd4154ef7b8]
Event: 25.764 Thread 0x00007fd4240bd000 3315       3       com.android.dx.dex.file.UniformItemSection::prepare0 (47 bytes)
Event: 25.765 Thread 0x00007fd4240bd000 nmethod 3315 0x00007fd415513790 code [0x00007fd415513960, 0x00007fd415514158]

GC Heap History (10 events):
Event: 18.201 GC heap after
Heap after GC invocations=17 (full 4):
 PSYoungGen      total 914944K, used 75486K [0x000000076ab00000, 0x00000007bdc80000, 0x00000007c0000000)
  eden space 785408K, 0% used [0x000000076ab00000,0x000000076ab00000,0x000000079aa00000)
  from space 129536K, 58% used [0x000000079aa00000,0x000000079f3b7b98,0x00000007a2880000)
  to   space 173568K, 0% used [0x00000007b3300000,0x00000007b3300000,0x00000007bdc80000)
 ParOldGen       total 601600K, used 411020K [0x00000006c0000000, 0x00000006e4b80000, 0x000000076ab00000)
  object space 601600K, 68% used [0x00000006c0000000,0x00000006d9163350,0x00000006e4b80000)
 Metaspace       used 6611K, capacity 7320K, committed 7680K, reserved 1056768K
  class space    used 616K, capacity 656K, committed 768K, reserved 1048576K
}
Event: 19.380 GC heap before
{Heap before GC invocations=18 (full 4):
 PSYoungGen      total 914944K, used 860894K [0x000000076ab00000, 0x00000007bdc80000, 0x00000007c0000000)
  eden space 785408K, 100% used [0x000000076ab00000,0x000000079aa00000,0x000000079aa00000)
  from space 129536K, 58% used [0x000000079aa00000,0x000000079f3b7b98,0x00000007a2880000)
  to   space 173568K, 0% used [0x00000007b3300000,0x00000007b3300000,0x00000007bdc80000)
 ParOldGen       total 601600K, used 411020K [0x00000006c0000000, 0x00000006e4b80000, 0x000000076ab00000)
  object space 601600K, 68% used [0x00000006c0000000,0x00000006d9163350,0x00000006e4b80000)
 Metaspace       used 6619K, capacity 7320K, committed 7680K, reserved 1056768K
  class space    used 617K, capacity 656K, committed 768K, reserved 1048576K
Event: 19.908 GC heap after
Heap after GC invocations=18 (full 4):
 PSYoungGen      total 1177088K, used 120917K [0x000000076ab00000, 0x00000007bfa00000, 0x00000007c0000000)
  eden space 1003520K, 0% used [0x000000076ab00000,0x000000076ab00000,0x00000007a7f00000)
  from space 173568K, 69% used [0x00000007b3300000,0x00000007ba9157e8,0x00000007bdc80000)
  to   space 184320K, 0% used [0x00000007a7f00000,0x00000007a7f00000,0x00000007b3300000)
 ParOldGen       total 601600K, used 487213K [0x00000006c0000000, 0x00000006e4b80000, 0x000000076ab00000)
  object space 601600K, 80% used [0x00000006c0000000,0x00000006ddbcb6a0,0x00000006e4b80000)
 Metaspace       used 6619K, capacity 7320K, committed 7680K, reserved 1056768K
  class space    used 617K, capacity 656K, committed 768K, reserved 1048576K
}
Event: 21.666 GC heap before
{Heap before GC invocations=19 (full 4):
 PSYoungGen      total 1177088K, used 1124437K [0x000000076ab00000, 0x00000007bfa00000, 0x00000007c0000000)
  eden space 1003520K, 100% used [0x000000076ab00000,0x00000007a7f00000,0x00000007a7f00000)
  from space 173568K, 69% used [0x00000007b3300000,0x00000007ba9157e8,0x00000007bdc80000)
  to   space 184320K, 0% used [0x00000007a7f00000,0x00000007a7f00000,0x00000007b3300000)
 ParOldGen       total 601600K, used 487213K [0x00000006c0000000, 0x00000006e4b80000, 0x000000076ab00000)
  object space 601600K, 80% used [0x00000006c0000000,0x00000006ddbcb6a0,0x00000006e4b80000)
 Metaspace       used 6703K, capacity 7384K, committed 7680K, reserved 1056768K
  class space    used 622K, capacity 656K, committed 768K, reserved 1048576K
Event: 22.325 GC heap after
Heap after GC invocations=19 (full 4):
 PSYoungGen      total 1187840K, used 149507K [0x000000076ab00000, 0x00000007c0000000, 0x00000007c0000000)
  eden space 1003520K, 0% used [0x000000076ab00000,0x000000076ab00000,0x00000007a7f00000)
  from space 184320K, 81% used [0x00000007a7f00000,0x00000007b1100d28,0x00000007b3300000)
  to   space 202752K, 0% used [0x00000007b3a00000,0x00000007b3a00000,0x00000007c0000000)
 ParOldGen       total 604160K, used 604148K [0x00000006c0000000, 0x00000006e4e00000, 0x000000076ab00000)
  object space 604160K, 99% used [0x00000006c0000000,0x00000006e4dfd308,0x00000006e4e00000)
 Metaspace       used 6703K, capacity 7384K, committed 7680K, reserved 1056768K
  class space    used 622K, capacity 656K, committed 768K, reserved 1048576K
}
Event: 22.325 GC heap before
{Heap before GC invocations=20 (full 5):
 PSYoungGen      total 1187840K, used 149507K [0x000000076ab00000, 0x00000007c0000000, 0x00000007c0000000)
  eden space 1003520K, 0% used [0x000000076ab00000,0x000000076ab00000,0x00000007a7f00000)
  from space 184320K, 81% used [0x00000007a7f00000,0x00000007b1100d28,0x00000007b3300000)
  to   space 202752K, 0% used [0x00000007b3a00000,0x00000007b3a00000,0x00000007c0000000)
 ParOldGen       total 604160K, used 604148K [0x00000006c0000000, 0x00000006e4e00000, 0x000000076ab00000)
  object space 604160K, 99% used [0x00000006c0000000,0x00000006e4dfd308,0x00000006e4e00000)
 Metaspace       used 6703K, capacity 7384K, committed 7680K, reserved 1056768K
  class space    used 622K, capacity 656K, committed 768K, reserved 1048576K
Event: 24.155 GC heap after
Heap after GC invocations=20 (full 5):
 PSYoungGen      total 1187840K, used 137307K [0x000000076ab00000, 0x00000007c0000000, 0x00000007c0000000)
  eden space 1003520K, 0% used [0x000000076ab00000,0x000000076ab00000,0x00000007a7f00000)
  from space 184320K, 74% used [0x00000007a7f00000,0x00000007b0516e40,0x00000007b3300000)
  to   space 202752K, 0% used [0x00000007b3a00000,0x00000007b3a00000,0x00000007c0000000)
 ParOldGen       total 858624K, used 603943K [0x00000006c0000000, 0x00000006f4680000, 0x000000076ab00000)
  object space 858624K, 70% used [0x00000006c0000000,0x00000006e4dc9d78,0x00000006f4680000)
 Metaspace       used 6703K, capacity 7384K, committed 7680K, reserved 1056768K
  class space    used 622K, capacity 656K, committed 768K, reserved 1048576K
}
Event: 25.772 GC heap before
{Heap before GC invocations=21 (full 5):
 PSYoungGen      total 1187840K, used 1140827K [0x000000076ab00000, 0x00000007c0000000, 0x00000007c0000000)
  eden space 1003520K, 100% used [0x000000076ab00000,0x00000007a7f00000,0x00000007a7f00000)
  from space 184320K, 74% used [0x00000007a7f00000,0x00000007b0516e40,0x00000007b3300000)
  to   space 202752K, 0% used [0x00000007b3a00000,0x00000007b3a00000,0x00000007c0000000)
 ParOldGen       total 858624K, used 603943K [0x00000006c0000000, 0x00000006f4680000, 0x000000076ab00000)
  object space 858624K, 70% used [0x00000006c0000000,0x00000006e4dc9d78,0x00000006f4680000)
 Metaspace       used 6757K, capacity 7384K, committed 7680K, reserved 1056768K
  class space    used 625K, capacity 656K, committed 768K, reserved 1048576K
Event: 26.439 GC heap after
Heap after GC invocations=21 (full 5):
 PSYoungGen      total 1167360K, used 146878K [0x000000076ab00000, 0x00000007c0000000, 0x00000007c0000000)
  eden space 964608K, 0% used [0x000000076ab00000,0x000000076ab00000,0x00000007a5900000)
  from space 202752K, 72% used [0x00000007b3a00000,0x00000007bc96f800,0x00000007c0000000)
  to   space 216576K, 0% used [0x00000007a5900000,0x00000007a5900000,0x00000007b2c80000)
 ParOldGen       total 858624K, used 735256K [0x00000006c0000000, 0x00000006f4680000, 0x000000076ab00000)
  object space 858624K, 85% used [0x00000006c0000000,0x00000006ece063f8,0x00000006f4680000)
 Metaspace       used 6757K, capacity 7384K, committed 7680K, reserved 1056768K
  class space    used 625K, capacity 656K, committed 768K, reserved 1048576K
}
Event: 26.439 GC heap before
{Heap before GC invocations=22 (full 6):
 PSYoungGen      total 1167360K, used 146878K [0x000000076ab00000, 0x00000007c0000000, 0x00000007c0000000)
  eden space 964608K, 0% used [0x000000076ab00000,0x000000076ab00000,0x00000007a5900000)
  from space 202752K, 72% used [0x00000007b3a00000,0x00000007bc96f800,0x00000007c0000000)
  to   space 216576K, 0% used [0x00000007a5900000,0x00000007a5900000,0x00000007b2c80000)
 ParOldGen       total 858624K, used 735256K [0x00000006c0000000, 0x00000006f4680000, 0x000000076ab00000)
  object space 858624K, 85% used [0x00000006c0000000,0x00000006ece063f8,0x00000006f4680000)
 Metaspace       used 6757K, capacity 7384K, committed 7680K, reserved 1056768K
  class space    used 625K, capacity 656K, committed 768K, reserved 1048576K

Deoptimization events (10 events):
Event: 24.404 Thread 0x00007fd4241b8000 Uncommon trap: reason=unstable_if action=reinterpret pc=0x00007fd41558c808 method=com.android.dx.dex.code.OutputFinisher.addConstants(Ljava/util/HashSet;Lcom/android/dx/rop/code/RegisterSpec;)V @ 57
Event: 24.710 Thread 0x00007fd4241b8000 Uncommon trap: reason=unstable_if action=reinterpret pc=0x00007fd415307bd4 method=com.android.dx.dex.code.OutputFinisher.addConstants(Ljava/util/HashSet;Lcom/android/dx/rop/code/RegisterSpec;)V @ 32
Event: 25.056 Thread 0x00007fd424172000 Uncommon trap: reason=unstable_if action=reinterpret pc=0x00007fd415a63bac method=com.android.dx.cf.code.Merger.isPossiblyAssignableFrom(Lcom/android/dx/rop/type/TypeBearer;Lcom/android/dx/rop/type/TypeBearer;)Z @ 131
Event: 25.056 Thread 0x00007fd424172000 Uncommon trap: reason=unstable_if action=reinterpret pc=0x00007fd41531270c method=com.android.dx.cf.code.Merger.isPossiblyAssignableFrom(Lcom/android/dx/rop/type/TypeBearer;Lcom/android/dx/rop/type/TypeBearer;)Z @ 131
Event: 25.205 Thread 0x00007fd42416e800 Uncommon trap: reason=unstable_if action=reinterpret pc=0x00007fd415a75ec8 method=com.android.dx.ssa.back.SsaToRop.convertBasicBlock(Lcom/android/dx/ssa/SsaBasicBlock;)Lcom/android/dx/rop/code/BasicBlock; @ 21
Event: 25.258 Thread 0x00007fd42400a000 Uncommon trap: reason=unstable_if action=reinterpret pc=0x00007fd415d68790 method=com.android.dx.cf.direct.StdAttributeFactory.parse0(Lcom/android/dx/cf/direct/DirectClassFile;ILjava/lang/String;IILcom/android/dx/cf/iface/ParseObserver;)Lcom/android/dx/cf
Event: 25.268 Thread 0x00007fd424173800 Uncommon trap: reason=bimorphic action=maybe_recompile pc=0x00007fd415de9464 method=com.android.dx.cf.code.BytecodeArray.parseInstruction(ILcom/android/dx/cf/code/BytecodeArray$Visitor;)I @ 1612
Event: 25.268 Thread 0x00007fd424173800 Uncommon trap: reason=bimorphic action=maybe_recompile pc=0x00007fd415de9464 method=com.android.dx.cf.code.BytecodeArray.parseInstruction(ILcom/android/dx/cf/code/BytecodeArray$Visitor;)I @ 1612
Event: 25.301 Thread 0x00007fd42416e800 Uncommon trap: reason=bimorphic action=maybe_recompile pc=0x00007fd4152374f0 method=com.android.dx.ssa.back.FirstFitLocalCombiningAllocator.findNextUnreservedRopReg(IILcom/android/dx/ssa/back/FirstFitLocalCombiningAllocator$Alignment;)I @ 60
Event: 25.438 Thread 0x00007fd424175800 Uncommon trap: reason=unstable_if action=reinterpret pc=0x00007fd415b56938 method=java.lang.Integer.valueOf(I)Ljava/lang/Integer; @ 10

Internal exceptions (10 events):
Event: 0.036 Thread 0x00007fd42400a000 Exception <a 'java/lang/NoSuchMethodError': Method sun.misc.Unsafe.prefetchRead(Ljava/lang/Object;J)V name or signature does not match> (0x000000076ab07fa8) thrown at [/HUDSON3/workspace/8-2-build-linux-amd64/jdk8u101/7261/hotspot/src/share/vm/prims/jni.c
Event: 0.870 Thread 0x00007fd424172000 Implicit null exception at 0x00007fd4152d24f5 to 0x00007fd4152d4c49
Event: 0.970 Thread 0x00007fd42400a000 Implicit null exception at 0x00007fd415305f33 to 0x00007fd415308929
Event: 1.451 Thread 0x00007fd42416e800 Exception <a 'java/lang/ArrayIndexOutOfBoundsException': 18> (0x000000076db8b048) thrown at [/HUDSON3/workspace/8-2-build-linux-amd64/jdk8u101/7261/hotspot/src/share/vm/interpreter/interpreterRuntime.cpp, line 366]
Event: 1.451 Thread 0x00007fd42416e800 Exception <a 'java/lang/ArrayIndexOutOfBoundsException': 145> (0x000000076db8cbc8) thrown at [/HUDSON3/workspace/8-2-build-linux-amd64/jdk8u101/7261/hotspot/src/share/vm/interpreter/interpreterRuntime.cpp, line 366]
Event: 1.452 Thread 0x00007fd42416e800 Exception <a 'java/lang/ArrayIndexOutOfBoundsException': 40> (0x000000076db8deb0) thrown at [/HUDSON3/workspace/8-2-build-linux-amd64/jdk8u101/7261/hotspot/src/share/vm/interpreter/interpreterRuntime.cpp, line 366]
Event: 11.496 Thread 0x00007fd42416e800 Implicit null exception at 0x00007fd415a72cf7 to 0x00007fd415a76f35
Event: 18.601 Thread 0x00007fd424175800 Implicit null exception at 0x00007fd415145ab0 to 0x00007fd41514736d
Event: 18.683 Thread 0x00007fd424172000 Implicit null exception at 0x00007fd415b60965 to 0x00007fd415b64aac
Event: 20.856 Thread 0x00007fd424175800 Implicit null exception at 0x00007fd415419f2b to 0x00007fd41541a4c9

Events (10 events):
Event: 25.268 Thread 0x00007fd424173800 DEOPT UNPACKING pc=0x00007fd415005229 sp=0x00007fd40d02ad18 mode 2
Event: 25.301 Thread 0x00007fd42416e800 Uncommon trap: trap_request=0xffffffc6 fr.pc=0x00007fd4152374f0
Event: 25.301 Thread 0x00007fd42416e800 DEOPT PACKING pc=0x00007fd4152374f0 sp=0x00007fd40d32dbc0
Event: 25.301 Thread 0x00007fd42416e800 DEOPT UNPACKING pc=0x00007fd415005229 sp=0x00007fd40d32db68 mode 2
Event: 25.438 Thread 0x00007fd424175800 Uncommon trap: trap_request=0xffffff65 fr.pc=0x00007fd415b56938
Event: 25.438 Thread 0x00007fd424175800 DEOPT PACKING pc=0x00007fd415b56938 sp=0x00007fd40cf29da0
Event: 25.438 Thread 0x00007fd424175800 DEOPT UNPACKING pc=0x00007fd415005229 sp=0x00007fd40cf29cf0 mode 2
Event: 25.604 loading class com/android/dx/dex/file/ProtoIdItem
Event: 25.604 loading class com/android/dx/dex/file/ProtoIdItem done
Event: 25.771 Executing VM operation: ParallelGCFailedAllocation


Dynamic libraries:
00400000-00401000 r-xp 00000000 08:01 2371137                            /usr/lib/jvm/java-8-oracle/bin/java
00600000-00601000 rw-p 00000000 08:01 2371137                            /usr/lib/jvm/java-8-oracle/bin/java
0067e000-0069f000 rw-p 00000000 00:00 0                                  [heap]
6c0000000-6f4680000 rw-p 00000000 00:00 0 
707a80000-76ab00000 ---p 00000000 00:00 0 
76ab00000-7c0000000 rw-p 00000000 00:00 0 
7c0000000-7c00c0000 rw-p 00000000 00:00 0 
7c00c0000-800000000 ---p 00000000 00:00 0 
7fd3bc000000-7fd3bc032000 rw-p 00000000 00:00 0 
7fd3bc032000-7fd3c0000000 ---p 00000000 00:00 0 
7fd3c0000000-7fd3c0021000 rw-p 00000000 00:00 0 
7fd3c0021000-7fd3c4000000 ---p 00000000 00:00 0 
7fd3c4000000-7fd3c4058000 rw-p 00000000 00:00 0 
7fd3c4058000-7fd3c8000000 ---p 00000000 00:00 0 
7fd3c8000000-7fd3c8043000 rw-p 00000000 00:00 0 
7fd3c8043000-7fd3cc000000 ---p 00000000 00:00 0 
7fd3cc000000-7fd3cc03f000 rw-p 00000000 00:00 0 
7fd3cc03f000-7fd3d0000000 ---p 00000000 00:00 0 
7fd3d0000000-7fd3d0021000 rw-p 00000000 00:00 0 
7fd3d0021000-7fd3d4000000 ---p 00000000 00:00 0 
7fd3d4000000-7fd3d4021000 rw-p 00000000 00:00 0 
7fd3d4021000-7fd3d8000000 ---p 00000000 00:00 0 
7fd3d8000000-7fd3d8021000 rw-p 00000000 00:00 0 
7fd3d8021000-7fd3dc000000 ---p 00000000 00:00 0 
7fd3dc000000-7fd3ddbfc000 rw-p 00000000 00:00 0 
7fd3ddbfc000-7fd3e0000000 ---p 00000000 00:00 0 
7fd3e0000000-7fd3e09e0000 rw-p 00000000 00:00 0 
7fd3e09e0000-7fd3e4000000 ---p 00000000 00:00 0 
7fd3e4000000-7fd3e4021000 rw-p 00000000 00:00 0 
7fd3e4021000-7fd3e8000000 ---p 00000000 00:00 0 
7fd3e8000000-7fd3e9e9d000 rw-p 00000000 00:00 0 
7fd3e9e9d000-7fd3ec000000 ---p 00000000 00:00 0 
7fd3ec000000-7fd3ec021000 rw-p 00000000 00:00 0 
7fd3ec021000-7fd3f0000000 ---p 00000000 00:00 0 
7fd3f0000000-7fd3f0021000 rw-p 00000000 00:00 0 
7fd3f0021000-7fd3f4000000 ---p 00000000 00:00 0 
7fd3f4000000-7fd3fc000000 rw-p 00000000 00:00 0 
7fd3fc000000-7fd3fc021000 rw-p 00000000 00:00 0 
7fd3fc021000-7fd400000000 ---p 00000000 00:00 0 
7fd400000000-7fd400290000 rw-p 00000000 00:00 0 
7fd400290000-7fd404000000 ---p 00000000 00:00 0 
7fd404000000-7fd404021000 rw-p 00000000 00:00 0 
7fd404021000-7fd408000000 ---p 00000000 00:00 0 
7fd408000000-7fd408021000 rw-p 00000000 00:00 0 
7fd408021000-7fd40c000000 ---p 00000000 00:00 0 
7fd40cd2a000-7fd40cd2d000 ---p 00000000 00:00 0 
7fd40cd2d000-7fd40ce2b000 rw-p 00000000 00:00 0 
7fd40ce2b000-7fd40ce2e000 ---p 00000000 00:00 0 
7fd40ce2e000-7fd40cf2c000 rw-p 00000000 00:00 0 
7fd40cf2c000-7fd40cf2f000 ---p 00000000 00:00 0 
7fd40cf2f000-7fd40d02d000 rw-p 00000000 00:00 0 
7fd40d02d000-7fd40d030000 ---p 00000000 00:00 0 
7fd40d030000-7fd40d12e000 rw-p 00000000 00:00 0 
7fd40d12e000-7fd40d131000 ---p 00000000 00:00 0 
7fd40d131000-7fd40d22f000 rw-p 00000000 00:00 0 
7fd40d22f000-7fd40d232000 ---p 00000000 00:00 0 
7fd40d232000-7fd40d330000 rw-p 00000000 00:00 0 
7fd40d330000-7fd40d409000 r--s 00afa000 08:01 2638061                    /home/hemant/Workspace/AndroidStudioProjects/android/MyCity4Kids/MyCity4Kids/build/intermediates/transforms/jarMerging/debug/jars/1/1f/combined.jar
7fd40d409000-7fd40d40a000 ---p 00000000 00:00 0 
7fd40d40a000-7fd40d50a000 rw-p 00000000 00:00 0 
7fd40d50a000-7fd40d50d000 ---p 00000000 00:00 0 
7fd40d50d000-7fd40d60b000 rw-p 00000000 00:00 0 
7fd40d60b000-7fd40d60e000 ---p 00000000 00:00 0 
7fd40d60e000-7fd40d70c000 rw-p 00000000 00:00 0 
7fd40d70c000-7fd40d70f000 ---p 00000000 00:00 0 
7fd40d70f000-7fd40d80d000 rw-p 00000000 00:00 0 
7fd40d80d000-7fd40d810000 ---p 00000000 00:00 0 
7fd40d810000-7fd40d90e000 rw-p 00000000 00:00 0 
7fd40d90e000-7fd40d911000 ---p 00000000 00:00 0 
7fd40d911000-7fd40da0f000 rw-p 00000000 00:00 0 
7fd40da0f000-7fd40e0f1000 r--p 00000000 08:01 2366464                    /usr/lib/locale/locale-archive
7fd40e0f1000-7fd40e0f4000 ---p 00000000 00:00 0 
7fd40e0f4000-7fd40e1f2000 rw-p 00000000 00:00 0 
7fd40e1f2000-7fd40e1f5000 ---p 00000000 00:00 0 
7fd40e1f5000-7fd40e2f3000 rw-p 00000000 00:00 0 
7fd40e2f3000-7fd40e2f4000 ---p 00000000 00:00 0 
7fd40e2f4000-7fd40f6c0000 rw-p 00000000 00:00 0 
7fd40f6c0000-7fd40f800000 ---p 00000000 00:00 0 
7fd40f800000-7fd410000000 rw-p 00000000 00:00 0 
7fd410000000-7fd410021000 rw-p 00000000 00:00 0 
7fd410021000-7fd414000000 ---p 00000000 00:00 0 
7fd41402d000-7fd414424000 rw-p 00000000 00:00 0 
7fd414424000-7fd4145fd000 r--s 03d29000 08:01 2372705                    /usr/lib/jvm/java-8-oracle/jre/lib/rt.jar
7fd4145fd000-7fd4145fe000 ---p 00000000 00:00 0 
7fd4145fe000-7fd4146fe000 rw-p 00000000 00:00 0 
7fd4146fe000-7fd4146ff000 ---p 00000000 00:00 0 
7fd4146ff000-7fd4149a3000 rw-p 00000000 00:00 0 
7fd4149a3000-7fd414d54000 ---p 00000000 00:00 0 
7fd414d54000-7fd414fff000 rw-p 00000000 00:00 0 
7fd414fff000-7fd415000000 rw-p 00000000 00:00 0 
7fd415000000-7fd415e50000 rwxp 00000000 00:00 0 
7fd415e50000-7fd424000000 ---p 00000000 00:00 0 
7fd424000000-7fd4243ad000 rw-p 00000000 00:00 0 
7fd4243ad000-7fd428000000 ---p 00000000 00:00 0 
7fd428009000-7fd42807f000 rw-p 00000000 00:00 0 
7fd42807f000-7fd428080000 ---p 00000000 00:00 0 
7fd428080000-7fd428180000 rw-p 00000000 00:00 0 
7fd428180000-7fd428181000 ---p 00000000 00:00 0 
7fd428181000-7fd428425000 rw-p 00000000 00:00 0 
7fd428425000-7fd4287d7000 ---p 00000000 00:00 0 
7fd4287d7000-7fd428811000 rw-p 00000000 00:00 0 
7fd428811000-7fd428b97000 ---p 00000000 00:00 0 
7fd428b97000-7fd428bb1000 r-xp 00000000 08:01 2372627                    /usr/lib/jvm/java-8-oracle/jre/lib/amd64/libzip.so
7fd428bb1000-7fd428db1000 ---p 0001a000 08:01 2372627                    /usr/lib/jvm/java-8-oracle/jre/lib/amd64/libzip.so
7fd428db1000-7fd428db2000 rw-p 0001a000 08:01 2372627                    /usr/lib/jvm/java-8-oracle/jre/lib/amd64/libzip.so
7fd428db2000-7fd428dbc000 r-xp 00000000 08:01 3943366                    /lib/x86_64-linux-gnu/libnss_files-2.19.so
7fd428dbc000-7fd428fbb000 ---p 0000a000 08:01 3943366                    /lib/x86_64-linux-gnu/libnss_files-2.19.so
7fd428fbb000-7fd428fbc000 r--p 00009000 08:01 3943366                    /lib/x86_64-linux-gnu/libnss_files-2.19.so
7fd428fbc000-7fd428fbd000 rw-p 0000a000 08:01 3943366                    /lib/x86_64-linux-gnu/libnss_files-2.19.so
7fd428fbd000-7fd428fc8000 r-xp 00000000 08:01 3943358                    /lib/x86_64-linux-gnu/libnss_nis-2.19.so
7fd428fc8000-7fd4291c7000 ---p 0000b000 08:01 3943358                    /lib/x86_64-linux-gnu/libnss_nis-2.19.so
7fd4291c7000-7fd4291c8000 r--p 0000a000 08:01 3943358                    /lib/x86_64-linux-gnu/libnss_nis-2.19.so
7fd4291c8000-7fd4291c9000 rw-p 0000b000 08:01 3943358                    /lib/x86_64-linux-gnu/libnss_nis-2.19.so
7fd4291c9000-7fd4291e0000 r-xp 00000000 08:01 3943354                    /lib/x86_64-linux-gnu/libnsl-2.19.so
7fd4291e0000-7fd4293df000 ---p 00017000 08:01 3943354                    /lib/x86_64-linux-gnu/libnsl-2.19.so
7fd4293df000-7fd4293e0000 r--p 00016000 08:01 3943354                    /lib/x86_64-linux-gnu/libnsl-2.19.so
7fd4293e0000-7fd4293e1000 rw-p 00017000 08:01 3943354                    /lib/x86_64-linux-gnu/libnsl-2.19.so
7fd4293e1000-7fd4293e3000 rw-p 00000000 00:00 0 
7fd4293e3000-7fd4293ec000 r-xp 00000000 08:01 3943353                    /lib/x86_64-linux-gnu/libnss_compat-2.19.so
7fd4293ec000-7fd4295eb000 ---p 00009000 08:01 3943353                    /lib/x86_64-linux-gnu/libnss_compat-2.19.so
7fd4295eb000-7fd4295ec000 r--p 00008000 08:01 3943353                    /lib/x86_64-linux-gnu/libnss_compat-2.19.so
7fd4295ec000-7fd4295ed000 rw-p 00009000 08:01 3943353                    /lib/x86_64-linux-gnu/libnss_compat-2.19.so
7fd4295ed000-7fd429617000 r-xp 00000000 08:01 2372661                    /usr/lib/jvm/java-8-oracle/jre/lib/amd64/libjava.so
7fd429617000-7fd429817000 ---p 0002a000 08:01 2372661                    /usr/lib/jvm/java-8-oracle/jre/lib/amd64/libjava.so
7fd429817000-7fd429819000 rw-p 0002a000 08:01 2372661                    /usr/lib/jvm/java-8-oracle/jre/lib/amd64/libjava.so
7fd429819000-7fd429826000 r-xp 00000000 08:01 2372668                    /usr/lib/jvm/java-8-oracle/jre/lib/amd64/libverify.so
7fd429826000-7fd429a26000 ---p 0000d000 08:01 2372668                    /usr/lib/jvm/java-8-oracle/jre/lib/amd64/libverify.so
7fd429a26000-7fd429a28000 rw-p 0000d000 08:01 2372668                    /usr/lib/jvm/java-8-oracle/jre/lib/amd64/libverify.so
7fd429a28000-7fd429a2f000 r-xp 00000000 08:01 3943362                    /lib/x86_64-linux-gnu/librt-2.19.so
7fd429a2f000-7fd429c2e000 ---p 00007000 08:01 3943362                    /lib/x86_64-linux-gnu/librt-2.19.so
7fd429c2e000-7fd429c2f000 r--p 00006000 08:01 3943362                    /lib/x86_64-linux-gnu/librt-2.19.so
7fd429c2f000-7fd429c30000 rw-p 00007000 08:01 3943362                    /lib/x86_64-linux-gnu/librt-2.19.so
7fd429c30000-7fd429d35000 r-xp 00000000 08:01 3938640                    /lib/x86_64-linux-gnu/libm-2.19.so
7fd429d35000-7fd429f34000 ---p 00105000 08:01 3938640                    /lib/x86_64-linux-gnu/libm-2.19.so
7fd429f34000-7fd429f35000 r--p 00104000 08:01 3938640                    /lib/x86_64-linux-gnu/libm-2.19.so
7fd429f35000-7fd429f36000 rw-p 00105000 08:01 3938640                    /lib/x86_64-linux-gnu/libm-2.19.so
7fd429f36000-7fd42ac01000 r-xp 00000000 08:01 2372635                    /usr/lib/jvm/java-8-oracle/jre/lib/amd64/server/libjvm.so
7fd42ac01000-7fd42ae00000 ---p 00ccb000 08:01 2372635                    /usr/lib/jvm/java-8-oracle/jre/lib/amd64/server/libjvm.so
7fd42ae00000-7fd42aed9000 rw-p 00cca000 08:01 2372635                    /usr/lib/jvm/java-8-oracle/jre/lib/amd64/server/libjvm.so
7fd42aed9000-7fd42af24000 rw-p 00000000 00:00 0 
7fd42af24000-7fd42b0de000 r-xp 00000000 08:01 3943363                    /lib/x86_64-linux-gnu/libc-2.19.so
7fd42b0de000-7fd42b2de000 ---p 001ba000 08:01 3943363                    /lib/x86_64-linux-gnu/libc-2.19.so
7fd42b2de000-7fd42b2e2000 r--p 001ba000 08:01 3943363                    /lib/x86_64-linux-gnu/libc-2.19.so
7fd42b2e2000-7fd42b2e4000 rw-p 001be000 08:01 3943363                    /lib/x86_64-linux-gnu/libc-2.19.so
7fd42b2e4000-7fd42b2e9000 rw-p 00000000 00:00 0 
7fd42b2e9000-7fd42b2ec000 r-xp 00000000 08:01 3943350                    /lib/x86_64-linux-gnu/libdl-2.19.so
7fd42b2ec000-7fd42b4eb000 ---p 00003000 08:01 3943350                    /lib/x86_64-linux-gnu/libdl-2.19.so
7fd42b4eb000-7fd42b4ec000 r--p 00002000 08:01 3943350                    /lib/x86_64-linux-gnu/libdl-2.19.so
7fd42b4ec000-7fd42b4ed000 rw-p 00003000 08:01 3943350                    /lib/x86_64-linux-gnu/libdl-2.19.so
7fd42b4ed000-7fd42b502000 r-xp 00000000 08:01 2371162                    /usr/lib/jvm/java-8-oracle/lib/amd64/jli/libjli.so
7fd42b502000-7fd42b702000 ---p 00015000 08:01 2371162                    /usr/lib/jvm/java-8-oracle/lib/amd64/jli/libjli.so
7fd42b702000-7fd42b703000 rw-p 00015000 08:01 2371162                    /usr/lib/jvm/java-8-oracle/lib/amd64/jli/libjli.so
7fd42b703000-7fd42b71c000 r-xp 00000000 08:01 3943355                    /lib/x86_64-linux-gnu/libpthread-2.19.so
7fd42b71c000-7fd42b91b000 ---p 00019000 08:01 3943355                    /lib/x86_64-linux-gnu/libpthread-2.19.so
7fd42b91b000-7fd42b91c000 r--p 00018000 08:01 3943355                    /lib/x86_64-linux-gnu/libpthread-2.19.so
7fd42b91c000-7fd42b91d000 rw-p 00019000 08:01 3943355                    /lib/x86_64-linux-gnu/libpthread-2.19.so
7fd42b91d000-7fd42b921000 rw-p 00000000 00:00 0 
7fd42b921000-7fd42b944000 r-xp 00000000 08:01 3943356                    /lib/x86_64-linux-gnu/ld-2.19.so
7fd42b94d000-7fd42ba20000 rw-p 00000000 00:00 0 
7fd42ba20000-7fd42ba23000 ---p 00000000 00:00 0 
7fd42ba23000-7fd42bb25000 rw-p 00000000 00:00 0 
7fd42bb27000-7fd42bb28000 rw-p 00000000 00:00 0 
7fd42bb28000-7fd42bb37000 r--s 000df000 08:01 6431331                    /home/hemant/Android/Sdk/build-tools/23.0.2/lib/dx.jar
7fd42bb37000-7fd42bb3f000 rw-s 00000000 08:01 2239528                    /tmp/hsperfdata_hemant/18578
7fd42bb3f000-7fd42bb40000 rw-p 00000000 00:00 0 
7fd42bb40000-7fd42bb41000 ---p 00000000 00:00 0 
7fd42bb41000-7fd42bb43000 rw-p 00000000 00:00 0 
7fd42bb43000-7fd42bb44000 r--p 00022000 08:01 3943356                    /lib/x86_64-linux-gnu/ld-2.19.so
7fd42bb44000-7fd42bb45000 rw-p 00023000 08:01 3943356                    /lib/x86_64-linux-gnu/ld-2.19.so
7fd42bb45000-7fd42bb46000 rw-p 00000000 00:00 0 
7ffc0ab8a000-7ffc0abab000 rw-p 00000000 00:00 0                          [stack]
7ffc0abe3000-7ffc0abe5000 r--p 00000000 00:00 0                          [vvar]
7ffc0abe5000-7ffc0abe7000 r-xp 00000000 00:00 0                          [vdso]
ffffffffff600000-ffffffffff601000 r-xp 00000000 00:00 0                  [vsyscall]

VM Arguments:
jvm_args: -Djava.awt.headless=true -Xmx4g -Dfile.encoding=UTF-8 -Duser.country=IN -Duser.language=en -Duser.variant 
java_command: com.android.dx.command.Main --dex --num-threads=4 --multi-dex --main-dex-list /home/hemant/Workspace/AndroidStudioProjects/android/MyCity4Kids/MyCity4Kids/build/intermediates/multi-dex/debug/maindexlist.txt --output /home/hemant/Workspace/AndroidStudioProjects/android/MyCity4Kids/MyCity4Kids/build/intermediates/transforms/dex/debug/folders/1000/1f/main /home/hemant/Workspace/AndroidStudioProjects/android/MyCity4Kids/MyCity4Kids/build/intermediates/transforms/jarMerging/debug/jars/1/1f/combined.jar
java_class_path (initial): /home/hemant/Android/Sdk/build-tools/23.0.2/lib/dx.jar
Launcher Type: SUN_STANDARD

Environment Variables:
PATH=/usr/local/sbin:/usr/local/bin:/usr/sbin:/usr/bin:/sbin:/bin:/usr/games:/usr/local/games
SHELL=/bin/bash
DISPLAY=:0

Signal Handlers:
SIGSEGV: [libjvm.so+0xac4790], sa_mask[0]=11111111011111111101111111111110, sa_flags=SA_RESTART|SA_SIGINFO
SIGBUS: [libjvm.so+0xac4790], sa_mask[0]=11111111011111111101111111111110, sa_flags=SA_RESTART|SA_SIGINFO
SIGFPE: [libjvm.so+0x91f140], sa_mask[0]=11111111011111111101111111111110, sa_flags=SA_RESTART|SA_SIGINFO
SIGPIPE: [libjvm.so+0x91f140], sa_mask[0]=11111111011111111101111111111110, sa_flags=SA_RESTART|SA_SIGINFO
SIGXFSZ: [libjvm.so+0x91f140], sa_mask[0]=11111111011111111101111111111110, sa_flags=SA_RESTART|SA_SIGINFO
SIGILL: [libjvm.so+0x91f140], sa_mask[0]=11111111011111111101111111111110, sa_flags=SA_RESTART|SA_SIGINFO
SIGUSR1: SIG_DFL, sa_mask[0]=00000000000000000000000000000000, sa_flags=none
SIGUSR2: [libjvm.so+0x920770], sa_mask[0]=00100000000000000000000000000000, sa_flags=SA_RESTART|SA_SIGINFO
SIGHUP: [libjvm.so+0x921b70], sa_mask[0]=11111111011111111101111111111110, sa_flags=SA_RESTART|SA_SIGINFO
SIGINT: [libjvm.so+0x921b70], sa_mask[0]=11111111011111111101111111111110, sa_flags=SA_RESTART|SA_SIGINFO
SIGTERM: [libjvm.so+0x921b70], sa_mask[0]=11111111011111111101111111111110, sa_flags=SA_RESTART|SA_SIGINFO
SIGQUIT: [libjvm.so+0x921b70], sa_mask[0]=11111111011111111101111111111110, sa_flags=SA_RESTART|SA_SIGINFO


---------------  S Y S T E M  ---------------

OS:DISTRIB_ID=Ubuntu
DISTRIB_RELEASE=14.04
DISTRIB_CODENAME=trusty
DISTRIB_DESCRIPTION="Ubuntu 14.04.5 LTS"

uname:Linux 4.4.0-36-generic #55~14.04.1-Ubuntu SMP Fri Aug 12 11:49:30 UTC 2016 x86_64
libc:glibc 2.19 NPTL 2.19 
rlimit: STACK 8192k, CORE 0k, NPROC 30985, NOFILE 4096, AS infinity
load average:3.71 1.24 0.98

/proc/meminfo:
MemTotal:        8056460 kB
MemFree:          118392 kB
MemAvailable:      31292 kB
Buffers:             676 kB
Cached:           524776 kB
SwapCached:         2796 kB
Active:          6622524 kB
Inactive:         957748 kB
Active(anon):    6603968 kB
Inactive(anon):   939488 kB
Active(file):      18556 kB
Inactive(file):    18260 kB
Unevictable:         272 kB
Mlocked:             272 kB
SwapTotal:       7812092 kB
SwapFree:              0 kB
Dirty:               280 kB
Writeback:             0 kB
AnonPages:       7056304 kB
Mapped:           175644 kB
Shmem:            487480 kB
Slab:             131472 kB
SReclaimable:      62508 kB
SUnreclaim:        68964 kB
KernelStack:       19424 kB
PageTables:       122704 kB
NFS_Unstable:          0 kB
Bounce:                0 kB
WritebackTmp:          0 kB
CommitLimit:    11840320 kB
Committed_AS:   29251160 kB
VmallocTotal:   34359738367 kB
VmallocUsed:           0 kB
VmallocChunk:          0 kB
HardwareCorrupted:     0 kB
AnonHugePages:   1417216 kB
CmaTotal:              0 kB
CmaFree:               0 kB
HugePages_Total:       0
HugePages_Free:        0
HugePages_Rsvd:        0
HugePages_Surp:        0
Hugepagesize:       2048 kB
DirectMap4k:      325608 kB
DirectMap2M:     7944192 kB
DirectMap1G:           0 kB


CPU:total 4 (4 cores per cpu, 1 threads per core) family 6 model 94 stepping 3, cmov, cx8, fxsr, mmx, sse, sse2, sse3, ssse3, sse4.1, sse4.2, popcnt, avx, avx2, aes, clmul, erms, rtm, 3dnowpref, lzcnt, tsc, tscinvbit, bmi1, bmi2, adx

/proc/cpuinfo:
processor	: 0
vendor_id	: GenuineIntel
cpu family	: 6
model		: 94
model name	: Intel(R) Core(TM) i5-6600K CPU @ 3.50GHz
stepping	: 3
microcode	: 0x74
cpu MHz		: 1616.289
cache size	: 6144 KB
physical id	: 0
siblings	: 4
core id		: 0
cpu cores	: 4
apicid		: 0
initial apicid	: 0
fpu		: yes
fpu_exception	: yes
cpuid level	: 22
wp		: yes
flags		: fpu vme de pse tsc msr pae mce cx8 apic sep mtrr pge mca cmov pat pse36 clflush dts acpi mmx fxsr sse sse2 ss ht tm pbe syscall nx pdpe1gb rdtscp lm constant_tsc art arch_perfmon pebs bts rep_good nopl xtopology nonstop_tsc aperfmperf eagerfpu pni pclmulqdq dtes64 monitor ds_cpl vmx est tm2 ssse3 sdbg fma cx16 xtpr pdcm pcid sse4_1 sse4_2 x2apic movbe popcnt tsc_deadline_timer aes xsave avx f16c rdrand lahf_lm abm 3dnowprefetch intel_pt tpr_shadow vnmi flexpriority ept vpid fsgsbase tsc_adjust bmi1 hle avx2 smep bmi2 erms invpcid rtm mpx rdseed adx smap clflushopt xsaveopt xsavec xgetbv1 dtherm ida arat pln pts hwp hwp_notify hwp_act_window hwp_epp
bugs		:
bogomips	: 7007.82
clflush size	: 64
cache_alignment	: 64
address sizes	: 39 bits physical, 48 bits virtual
power management:

processor	: 1
vendor_id	: GenuineIntel
cpu family	: 6
model		: 94
model name	: Intel(R) Core(TM) i5-6600K CPU @ 3.50GHz
stepping	: 3
microcode	: 0x74
cpu MHz		: 2354.570
cache size	: 6144 KB
physical id	: 0
siblings	: 4
core id		: 1
cpu cores	: 4
apicid		: 2
initial apicid	: 2
fpu		: yes
fpu_exception	: yes
cpuid level	: 22
wp		: yes
flags		: fpu vme de pse tsc msr pae mce cx8 apic sep mtrr pge mca cmov pat pse36 clflush dts acpi mmx fxsr sse sse2 ss ht tm pbe syscall nx pdpe1gb rdtscp lm constant_tsc art arch_perfmon pebs bts rep_good nopl xtopology nonstop_tsc aperfmperf eagerfpu pni pclmulqdq dtes64 monitor ds_cpl vmx est tm2 ssse3 sdbg fma cx16 xtpr pdcm pcid sse4_1 sse4_2 x2apic movbe popcnt tsc_deadline_timer aes xsave avx f16c rdrand lahf_lm abm 3dnowprefetch intel_pt tpr_shadow vnmi flexpriority ept vpid fsgsbase tsc_adjust bmi1 hle avx2 smep bmi2 erms invpcid rtm mpx rdseed adx smap clflushopt xsaveopt xsavec xgetbv1 dtherm ida arat pln pts hwp hwp_notify hwp_act_window hwp_epp
bugs		:
bogomips	: 7007.82
clflush size	: 64
cache_alignment	: 64
address sizes	: 39 bits physical, 48 bits virtual
power management:

processor	: 2
vendor_id	: GenuineIntel
cpu family	: 6
model		: 94
model name	: Intel(R) Core(TM) i5-6600K CPU @ 3.50GHz
stepping	: 3
microcode	: 0x74
cpu MHz		: 1667.148
cache size	: 6144 KB
physical id	: 0
siblings	: 4
core id		: 2
cpu cores	: 4
apicid		: 4
initial apicid	: 4
fpu		: yes
fpu_exception	: yes
cpuid level	: 22
wp		: yes
flags		: fpu vme de pse tsc msr pae mce cx8 apic sep mtrr pge mca cmov pat pse36 clflush dts acpi mmx fxsr sse sse2 ss ht tm pbe syscall nx pdpe1gb rdtscp lm constant_tsc art arch_perfmon pebs bts rep_good nopl xtopology nonstop_tsc aperfmperf eagerfpu pni pclmulqdq dtes64 monitor ds_cpl vmx est tm2 ssse3 sdbg fma cx16 xtpr pdcm pcid sse4_1 sse4_2 x2apic movbe popcnt tsc_deadline_timer aes xsave avx f16c rdrand lahf_lm abm 3dnowprefetch intel_pt tpr_shadow vnmi flexpriority ept vpid fsgsbase tsc_adjust bmi1 hle avx2 smep bmi2 erms invpcid rtm mpx rdseed adx smap clflushopt xsaveopt xsavec xgetbv1 dtherm ida arat pln pts hwp hwp_notify hwp_act_window hwp_epp
bugs		:
bogomips	: 7007.82
clflush size	: 64
cache_alignment	: 64
address sizes	: 39 bits physical, 48 bits virtual
power management:

processor	: 3
vendor_id	: GenuineIntel
cpu family	: 6
model		: 94
model name	: Intel(R) Core(TM) i5-6600K CPU @ 3.50GHz
stepping	: 3
microcode	: 0x74
cpu MHz		: 985.605
cache size	: 6144 KB
physical id	: 0
siblings	: 4
core id		: 3
cpu cores	: 4
apicid		: 6
initial apicid	: 6
fpu		: yes
fpu_exception	: yes
cpuid level	: 22
wp		: yes
flags		: fpu vme de pse tsc msr pae mce cx8 apic sep mtrr pge mca cmov pat pse36 clflush dts acpi mmx fxsr sse sse2 ss ht tm pbe syscall nx pdpe1gb rdtscp lm constant_tsc art arch_perfmon pebs bts rep_good nopl xtopology nonstop_tsc aperfmperf eagerfpu pni pclmulqdq dtes64 monitor ds_cpl vmx est tm2 ssse3 sdbg fma cx16 xtpr pdcm pcid sse4_1 sse4_2 x2apic movbe popcnt tsc_deadline_timer aes xsave avx f16c rdrand lahf_lm abm 3dnowprefetch intel_pt tpr_shadow vnmi flexpriority ept vpid fsgsbase tsc_adjust bmi1 hle avx2 smep bmi2 erms invpcid rtm mpx rdseed adx smap clflushopt xsaveopt xsavec xgetbv1 dtherm ida arat pln pts hwp hwp_notify hwp_act_window hwp_epp
bugs		:
bogomips	: 7007.82
clflush size	: 64
cache_alignment	: 64
address sizes	: 39 bits physical, 48 bits virtual
power management:



Memory: 4k page, physical 8056460k(122028k free), swap 7812092k(0k free)

vm_info: Java HotSpot(TM) 64-Bit Server VM (25.101-b13) for linux-amd64 JRE (1.8.0_101-b13), built on Jun 22 2016 02:59:44 by "java_re" with gcc 4.3.0 20080428 (Red Hat 4.3.0-8)

time: Mon Oct 17 17:25:02 2016
elapsed time: 29 seconds (0d 0h 0m 29s)

