#
# There is insufficient memory for the Java Runtime Environment to continue.
# Native memory allocation (mmap) failed to map 267386880 bytes for committing reserved memory.
# Possible reasons:
#   The system is out of physical RAM or swap space
#   In 32 bit mode, the process size limit was hit
# Possible solutions:
#   Reduce memory load on the system
#   Increase physical memory or swap space
#   Check if swap backing store is full
#   Use 64 bit Java on a 64 bit OS
#   Decrease Java heap size (-Xmx/-Xms)
#   Decrease number of Java threads
#   Decrease Java thread stack sizes (-Xss)
#   Set larger code cache with -XX:ReservedCodeCacheSize=
# This output file may be truncated or incomplete.
#
#  Out of Memory Error (os_linux.cpp:2627), pid=13757, tid=0x00007f036f1f1700
#
# JRE version: Java(TM) SE Runtime Environment (8.0_121-b13) (build 1.8.0_121-b13)
# Java VM: Java HotSpot(TM) 64-Bit Server VM (25.121-b13 mixed mode linux-amd64 compressed oops)
# Failed to write core dump. Core dumps have been disabled. To enable core dumping, try "ulimit -c unlimited" before starting Java again
#

---------------  T H R E A D  ---------------

Current thread (0x00007f0398078000):  VMThread [stack: 0x00007f036f0f1000,0x00007f036f1f2000] [id=13767]

Stack: [0x00007f036f0f1000,0x00007f036f1f2000],  sp=0x00007f036f1f02e0,  free space=1020k
Native frames: (J=compiled Java code, j=interpreted, Vv=VM code, C=native code)
V  [libjvm.so+0xac703a]  VMError::report_and_die()+0x2ba
V  [libjvm.so+0x4fc7eb]  report_vm_out_of_memory(char const*, int, unsigned long, VMErrorType, char const*)+0x8b
V  [libjvm.so+0x923c43]  os::Linux::commit_memory_impl(char*, unsigned long, bool)+0x103
V  [libjvm.so+0x924199]  os::pd_commit_memory(char*, unsigned long, unsigned long, bool)+0x29
V  [libjvm.so+0x91e4aa]  os::commit_memory(char*, unsigned long, unsigned long, bool)+0x2a
V  [libjvm.so+0x992f03]  PSVirtualSpace::expand_by(unsigned long)+0x53
V  [libjvm.so+0x9837c0]  PSOldGen::expand(unsigned long)+0x170
V  [libjvm.so+0x9839cb]  PSOldGen::resize(unsigned long)+0x1cb
V  [libjvm.so+0x98b6d1]  PSParallelCompact::invoke_no_policy(bool)+0x991
V  [libjvm.so+0x99102d]  PSScavenge::invoke()+0x1ad
V  [libjvm.so+0x947c10]  ParallelScavengeHeap::failed_mem_allocate(unsigned long)+0x70
V  [libjvm.so+0xac8a57]  VM_ParallelGCFailedAllocation::doit()+0x97
V  [libjvm.so+0xad0535]  VM_Operation::evaluate()+0x55
V  [libjvm.so+0xace90a]  VMThread::evaluate_operation(VM_Operation*)+0xba
V  [libjvm.so+0xacec8e]  VMThread::loop()+0x1ce
V  [libjvm.so+0xacf100]  VMThread::run()+0x70
V  [libjvm.so+0x926268]  java_start(Thread*)+0x108

VM_Operation (0x00007f03a092e670): ParallelGCFailedAllocation, mode: safepoint, requested by thread 0x00007f039800a000


---------------  P R O C E S S  ---------------

Java Threads: ( => current thread )
  0x00007f039816e000 JavaThread "pool-1-thread-1" [_thread_blocked, id=13793, stack(0x00007f036daf8000,0x00007f036dbf9000)]
  0x00007f0398188800 JavaThread "pool-2-thread-4" [_thread_blocked, id=13780, stack(0x00007f036dbf9000,0x00007f036dcfa000)]
  0x00007f0398187000 JavaThread "pool-2-thread-3" [_thread_blocked, id=13779, stack(0x00007f036dcfa000,0x00007f036ddfb000)]
  0x00007f0398185000 JavaThread "pool-2-thread-2" [_thread_blocked, id=13778, stack(0x00007f036ddfb000,0x00007f036defc000)]
  0x00007f0398184000 JavaThread "pool-3-thread-1" [_thread_blocked, id=13777, stack(0x00007f036defc000,0x00007f036dffd000)]
  0x00007f0398181800 JavaThread "pool-2-thread-1" [_thread_blocked, id=13776, stack(0x00007f036dffd000,0x00007f036e0fe000)]
  0x00007f03980d2800 JavaThread "Service Thread" daemon [_thread_blocked, id=13774, stack(0x00007f036e308000,0x00007f036e409000)]
  0x00007f03980bd800 JavaThread "C1 CompilerThread2" daemon [_thread_blocked, id=13773, stack(0x00007f036e409000,0x00007f036e50a000)]
  0x00007f03980bb800 JavaThread "C2 CompilerThread1" daemon [_thread_blocked, id=13772, stack(0x00007f036e50a000,0x00007f036e60b000)]
  0x00007f03980b8800 JavaThread "C2 CompilerThread0" daemon [_thread_blocked, id=13771, stack(0x00007f036e60b000,0x00007f036e70c000)]
  0x00007f03980b7000 JavaThread "Signal Dispatcher" daemon [_thread_blocked, id=13770, stack(0x00007f036e70c000,0x00007f036e80d000)]
  0x00007f0398084800 JavaThread "Finalizer" daemon [_thread_blocked, id=13769, stack(0x00007f036eeef000,0x00007f036eff0000)]
  0x00007f039807f800 JavaThread "Reference Handler" daemon [_thread_blocked, id=13768, stack(0x00007f036eff0000,0x00007f036f0f1000)]
  0x00007f039800a000 JavaThread "main" [_thread_blocked, id=13762, stack(0x00007f03a0830000,0x00007f03a0931000)]

Other Threads:
=>0x00007f0398078000 VMThread [stack: 0x00007f036f0f1000,0x00007f036f1f2000] [id=13767]
  0x00007f03980dd000 WatcherThread [stack: 0x00007f036e207000,0x00007f036e308000] [id=13775]

VM state:at safepoint (normal execution)

VM Mutex/Monitor currently owned by a thread:  ([mutex/lock_event])
[0x00007f0398005f70] ExpandHeap_lock - owner thread: 0x00007f0398078000
[0x00007f03980065f0] Threads_lock - owner thread: 0x00007f0398078000
[0x00007f0398006af0] Heap_lock - owner thread: 0x00007f039800a000

Heap:
 PSYoungGen      total 1018880K, used 0K [0x000000076ab00000, 0x00000007c0000000, 0x00000007c0000000)
  eden space 837120K, 0% used [0x000000076ab00000,0x000000076ab00000,0x000000079dc80000)
  from space 181760K, 0% used [0x000000079dc80000,0x000000079dc80000,0x00000007a8e00000)
  to   space 229376K, 5% used [0x00000007b2000000,0x00000007b2c3d4b8,0x00000007c0000000)
 ParOldGen       total 848384K, used 848347K [0x00000006c0000000, 0x00000006f3c80000, 0x000000076ab00000)
  object space 848384K, 99% used [0x00000006c0000000,0x00000006f3c76c28,0x00000006f3c80000)
 Metaspace       used 7080K, capacity 7672K, committed 7936K, reserved 1056768K
  class space    used 651K, capacity 688K, committed 768K, reserved 1048576K

Card table byte_map: [0x00007f039cdea000,0x00007f039d5eb000] byte_map_base: 0x00007f03997ea000

Marking Bits: (ParMarkBitMap*) 0x00007f039fd0dc80
 Begin Bits: [0x00007f0370000000, 0x00007f0374000000)
 End Bits:   [0x00007f0374000000, 0x00007f0378000000)

Polling page: 0x00007f03a0957000

CodeCache: size=245760Kb used=13231Kb max_used=13239Kb free=232528Kb
 bounds [0x00007f0389000000, 0x00007f0389d00000, 0x00007f0398000000]
 total_blobs=3195 nmethods=2926 adapters=182
 compilation: enabled

Compilation events (10 events):
Event: 19.183 Thread 0x00007f03980bd800 3558       2       com.android.dx.rop.code.RegisterSpec::isEvenRegister (15 bytes)
Event: 19.183 Thread 0x00007f03980bd800 nmethod 3558 0x00007f0389ce6d90 code [0x00007f0389ce6ee0, 0x00007f0389ce7050]
Event: 19.184 Thread 0x00007f03980b8800 nmethod 3410 0x00007f0389ce68d0 code [0x00007f0389ce6a20, 0x00007f0389ce6c78]
Event: 19.184 Thread 0x00007f03980b8800 3532 %     4       com.android.dx.dex.code.OutputFinisher::align64bits @ 76 (247 bytes)
Event: 19.191 Thread 0x00007f03980b8800 nmethod 3532% 0x00007f0389cf9790 code [0x00007f0389cf99a0, 0x00007f0389cfa450]
Event: 19.191 Thread 0x00007f03980b8800 3520       4       com.android.dx.dex.code.LocalList::make (102 bytes)
Event: 19.208 Thread 0x00007f03980bd800 3561 %     3       com.android.dx.dex.code.OutputFinisher::assignAddressesAndFixBranches @ 0 (15 bytes)
Event: 19.208 Thread 0x00007f03980bd800 nmethod 3561% 0x00007f0389cd1e10 code [0x00007f0389cd1fa0, 0x00007f0389cd2258]
Event: 19.224 Thread 0x00007f03980bd800 3562       2       com.android.dx.dex.code.OutputFinisher::shiftParameters (143 bytes)
Event: 19.224 Thread 0x00007f03980bd800 nmethod 3562 0x00007f0389cf8610 code [0x00007f0389cf8820, 0x00007f0389cf8f98]

GC Heap History (10 events):
Event: 13.497 GC heap after
Heap after GC invocations=22 (full 4):
 PSYoungGen      total 851968K, used 130046K [0x000000076ab00000, 0x00000007b3b00000, 0x00000007c0000000)
  eden space 721920K, 0% used [0x000000076ab00000,0x000000076ab00000,0x0000000796c00000)
  from space 130048K, 99% used [0x0000000796c00000,0x000000079eaff8e0,0x000000079eb00000)
  to   space 177152K, 0% used [0x00000007a8e00000,0x00000007a8e00000,0x00000007b3b00000)
 ParOldGen       total 566272K, used 512278K [0x00000006c0000000, 0x00000006e2900000, 0x000000076ab00000)
  object space 566272K, 90% used [0x00000006c0000000,0x00000006df445908,0x00000006e2900000)
 Metaspace       used 6703K, capacity 7320K, committed 7680K, reserved 1056768K
  class space    used 631K, capacity 656K, committed 768K, reserved 1048576K
}
Event: 13.497 GC heap before
{Heap before GC invocations=23 (full 5):
 PSYoungGen      total 851968K, used 130046K [0x000000076ab00000, 0x00000007b3b00000, 0x00000007c0000000)
  eden space 721920K, 0% used [0x000000076ab00000,0x000000076ab00000,0x0000000796c00000)
  from space 130048K, 99% used [0x0000000796c00000,0x000000079eaff8e0,0x000000079eb00000)
  to   space 177152K, 0% used [0x00000007a8e00000,0x00000007a8e00000,0x00000007b3b00000)
 ParOldGen       total 566272K, used 512278K [0x00000006c0000000, 0x00000006e2900000, 0x000000076ab00000)
  object space 566272K, 90% used [0x00000006c0000000,0x00000006df445908,0x00000006e2900000)
 Metaspace       used 6703K, capacity 7320K, committed 7680K, reserved 1056768K
  class space    used 631K, capacity 656K, committed 768K, reserved 1048576K
Event: 14.691 GC heap after
Heap after GC invocations=23 (full 5):
 PSYoungGen      total 851968K, used 68377K [0x000000076ab00000, 0x00000007b3b00000, 0x00000007c0000000)
  eden space 721920K, 0% used [0x000000076ab00000,0x000000076ab00000,0x0000000796c00000)
  from space 130048K, 52% used [0x0000000796c00000,0x000000079aec66e0,0x000000079eb00000)
  to   space 177152K, 0% used [0x00000007a8e00000,0x00000007a8e00000,0x00000007b3b00000)
 ParOldGen       total 790016K, used 566217K [0x00000006c0000000, 0x00000006f0380000, 0x000000076ab00000)
  object space 790016K, 71% used [0x00000006c0000000,0x00000006e28f26e0,0x00000006f0380000)
 Metaspace       used 6703K, capacity 7320K, committed 7680K, reserved 1056768K
  class space    used 631K, capacity 656K, committed 768K, reserved 1048576K
}
Event: 15.738 GC heap before
{Heap before GC invocations=24 (full 5):
 PSYoungGen      total 851968K, used 790297K [0x000000076ab00000, 0x00000007b3b00000, 0x00000007c0000000)
  eden space 721920K, 100% used [0x000000076ab00000,0x0000000796c00000,0x0000000796c00000)
  from space 130048K, 52% used [0x0000000796c00000,0x000000079aec66e0,0x000000079eb00000)
  to   space 177152K, 0% used [0x00000007a8e00000,0x00000007a8e00000,0x00000007b3b00000)
 ParOldGen       total 790016K, used 566217K [0x00000006c0000000, 0x00000006f0380000, 0x000000076ab00000)
  object space 790016K, 71% used [0x00000006c0000000,0x00000006e28f26e0,0x00000006f0380000)
 Metaspace       used 6705K, capacity 7320K, committed 7680K, reserved 1056768K
  class space    used 631K, capacity 656K, committed 768K, reserved 1048576K
Event: 16.221 GC heap after
Heap after GC invocations=24 (full 5):
 PSYoungGen      total 1014272K, used 106557K [0x000000076ab00000, 0x00000007b4680000, 0x00000007c0000000)
  eden space 837120K, 0% used [0x000000076ab00000,0x000000076ab00000,0x000000079dc80000)
  from space 177152K, 60% used [0x00000007a8e00000,0x00000007af60f778,0x00000007b3b00000)
  to   space 181760K, 0% used [0x000000079dc80000,0x000000079dc80000,0x00000007a8e00000)
 ParOldGen       total 790016K, used 635221K [0x00000006c0000000, 0x00000006f0380000, 0x000000076ab00000)
  object space 790016K, 80% used [0x00000006c0000000,0x00000006e6c555d8,0x00000006f0380000)
 Metaspace       used 6705K, capacity 7320K, committed 7680K, reserved 1056768K
  class space    used 631K, capacity 656K, committed 768K, reserved 1048576K
}
Event: 17.437 GC heap before
{Heap before GC invocations=25 (full 5):
 PSYoungGen      total 1014272K, used 943677K [0x000000076ab00000, 0x00000007b4680000, 0x00000007c0000000)
  eden space 837120K, 100% used [0x000000076ab00000,0x000000079dc80000,0x000000079dc80000)
  from space 177152K, 60% used [0x00000007a8e00000,0x00000007af60f778,0x00000007b3b00000)
  to   space 181760K, 0% used [0x000000079dc80000,0x000000079dc80000,0x00000007a8e00000)
 ParOldGen       total 790016K, used 635221K [0x00000006c0000000, 0x00000006f0380000, 0x000000076ab00000)
  object space 790016K, 80% used [0x00000006c0000000,0x00000006e6c555d8,0x00000006f0380000)
 Metaspace       used 6840K, capacity 7384K, committed 7680K, reserved 1056768K
  class space    used 639K, capacity 656K, committed 768K, reserved 1048576K
Event: 17.712 GC heap after
Heap after GC invocations=25 (full 5):
 PSYoungGen      total 1018880K, used 181756K [0x000000076ab00000, 0x00000007c0000000, 0x00000007c0000000)
  eden space 837120K, 0% used [0x000000076ab00000,0x000000076ab00000,0x000000079dc80000)
  from space 181760K, 99% used [0x000000079dc80000,0x00000007a8dff198,0x00000007a8e00000)
  to   space 229376K, 0% used [0x00000007b2000000,0x00000007b2000000,0x00000007c0000000)
 ParOldGen       total 790016K, used 680573K [0x00000006c0000000, 0x00000006f0380000, 0x000000076ab00000)
  object space 790016K, 86% used [0x00000006c0000000,0x00000006e989f630,0x00000006f0380000)
 Metaspace       used 6840K, capacity 7384K, committed 7680K, reserved 1056768K
  class space    used 639K, capacity 656K, committed 768K, reserved 1048576K
}
Event: 19.242 GC heap before
{Heap before GC invocations=26 (full 5):
 PSYoungGen      total 1018880K, used 1018876K [0x000000076ab00000, 0x00000007c0000000, 0x00000007c0000000)
  eden space 837120K, 100% used [0x000000076ab00000,0x000000079dc80000,0x000000079dc80000)
  from space 181760K, 99% used [0x000000079dc80000,0x00000007a8dff198,0x00000007a8e00000)
  to   space 229376K, 0% used [0x00000007b2000000,0x00000007b2000000,0x00000007c0000000)
 ParOldGen       total 790016K, used 680573K [0x00000006c0000000, 0x00000006f0380000, 0x000000076ab00000)
  object space 790016K, 86% used [0x00000006c0000000,0x00000006e989f630,0x00000006f0380000)
 Metaspace       used 7080K, capacity 7672K, committed 7936K, reserved 1056768K
  class space    used 651K, capacity 688K, committed 768K, reserved 1048576K
Event: 20.127 GC heap after
Heap after GC invocations=26 (full 5):
 PSYoungGen      total 1018880K, used 1018876K [0x000000076ab00000, 0x00000007c0000000, 0x00000007c0000000)
  eden space 837120K, 100% used [0x000000076ab00000,0x000000079dc80000,0x000000079dc80000)
  from space 181760K, 99% used [0x000000079dc80000,0x00000007a8dff198,0x00000007a8e00000)
  to   space 229376K, 62% used [0x00000007b2000000,0x00000007bab8ffe0,0x00000007c0000000)
 ParOldGen       total 848384K, used 848047K [0x00000006c0000000, 0x00000006f3c80000, 0x000000076ab00000)
  object space 848384K, 99% used [0x00000006c0000000,0x00000006f3c2bf38,0x00000006f3c80000)
 Metaspace       used 7080K, capacity 7672K, committed 7936K, reserved 1056768K
  class space    used 651K, capacity 688K, committed 768K, reserved 1048576K
}
Event: 20.127 GC heap before
{Heap before GC invocations=27 (full 6):
 PSYoungGen      total 1018880K, used 1018876K [0x000000076ab00000, 0x00000007c0000000, 0x00000007c0000000)
  eden space 837120K, 100% used [0x000000076ab00000,0x000000079dc80000,0x000000079dc80000)
  from space 181760K, 99% used [0x000000079dc80000,0x00000007a8dff198,0x00000007a8e00000)
  to   space 229376K, 62% used [0x00000007b2000000,0x00000007bab8ffe0,0x00000007c0000000)
 ParOldGen       total 848384K, used 848047K [0x00000006c0000000, 0x00000006f3c80000, 0x000000076ab00000)
  object space 848384K, 99% used [0x00000006c0000000,0x00000006f3c2bf38,0x00000006f3c80000)
 Metaspace       used 7080K, capacity 7672K, committed 7936K, reserved 1056768K
  class space    used 651K, capacity 688K, committed 768K, reserved 1048576K

Deoptimization events (10 events):
Event: 18.296 Thread 0x00007f0398181800 Uncommon trap: reason=class_check action=maybe_recompile pc=0x00007f03892f0f64 method=com.android.dx.ssa.back.InterferenceGraph.add(II)V @ 19
Event: 18.325 Thread 0x00007f0398181800 Uncommon trap: reason=class_check action=maybe_recompile pc=0x00007f0389a028a8 method=com.android.dx.ssa.back.InterferenceGraph.mergeInterferenceSet(ILcom/android/dx/util/IntSet;)V @ 20
Event: 18.325 Thread 0x00007f0398181800 Uncommon trap: reason=class_check action=maybe_recompile pc=0x00007f03891f468c method=com.android.dx.util.BitIntSet.merge(Lcom/android/dx/util/IntSet;)V @ 1
Event: 18.325 Thread 0x00007f0398181800 Uncommon trap: reason=class_check action=maybe_recompile pc=0x00007f0389a028a8 method=com.android.dx.ssa.back.InterferenceGraph.mergeInterferenceSet(ILcom/android/dx/util/IntSet;)V @ 20
Event: 18.325 Thread 0x00007f0398181800 Uncommon trap: reason=class_check action=maybe_recompile pc=0x00007f03891f468c method=com.android.dx.util.BitIntSet.merge(Lcom/android/dx/util/IntSet;)V @ 1
Event: 18.325 Thread 0x00007f0398181800 Uncommon trap: reason=class_check action=maybe_recompile pc=0x00007f0389a028a8 method=com.android.dx.ssa.back.InterferenceGraph.mergeInterferenceSet(ILcom/android/dx/util/IntSet;)V @ 20
Event: 18.325 Thread 0x00007f0398181800 Uncommon trap: reason=class_check action=maybe_recompile pc=0x00007f03891f468c method=com.android.dx.util.BitIntSet.merge(Lcom/android/dx/util/IntSet;)V @ 1
Event: 18.325 Thread 0x00007f0398181800 Uncommon trap: reason=class_check action=maybe_recompile pc=0x00007f0389a028a8 method=com.android.dx.ssa.back.InterferenceGraph.mergeInterferenceSet(ILcom/android/dx/util/IntSet;)V @ 20
Event: 18.325 Thread 0x00007f0398181800 Uncommon trap: reason=class_check action=maybe_recompile pc=0x00007f03891f468c method=com.android.dx.util.BitIntSet.merge(Lcom/android/dx/util/IntSet;)V @ 1
Event: 19.055 Thread 0x00007f039816e000 Uncommon trap: reason=unstable_if action=reinterpret pc=0x00007f0389ccec98 method=com.android.dx.rop.code.RegisterSpec.matchesVariable(Lcom/android/dx/rop/code/RegisterSpec;)Z @ 59

Internal exceptions (10 events):
Event: 1.052 Thread 0x00007f0398185000 Implicit null exception at 0x00007f03893fe2d8 to 0x00007f03893fe4bd
Event: 1.177 Thread 0x00007f0398187000 Exception <a 'java/lang/ArrayIndexOutOfBoundsException': 18> (0x000000076e10d1c0) thrown at [/HUDSON3/workspace/8-2-build-linux-amd64/jdk8u121/8372/hotspot/src/share/vm/interpreter/interpreterRuntime.cpp, line 366]
Event: 1.177 Thread 0x00007f0398187000 Exception <a 'java/lang/ArrayIndexOutOfBoundsException': 145> (0x000000076e10ed40) thrown at [/HUDSON3/workspace/8-2-build-linux-amd64/jdk8u121/8372/hotspot/src/share/vm/interpreter/interpreterRuntime.cpp, line 366]
Event: 1.178 Thread 0x00007f0398187000 Exception <a 'java/lang/ArrayIndexOutOfBoundsException': 40> (0x000000076e110028) thrown at [/HUDSON3/workspace/8-2-build-linux-amd64/jdk8u121/8372/hotspot/src/share/vm/interpreter/interpreterRuntime.cpp, line 366]
Event: 1.569 Thread 0x00007f0398188800 Implicit null exception at 0x00007f0389596694 to 0x00007f0389597075
Event: 6.016 Thread 0x00007f039800a000 Implicit null exception at 0x00007f0389a56618 to 0x00007f0389a5b40d
Event: 16.874 Thread 0x00007f0398187000 Implicit null exception at 0x00007f0389390237 to 0x00007f0389390659
Event: 16.972 Thread 0x00007f039816e000 Implicit null exception at 0x00007f0389bfd0ac to 0x00007f0389bfe8a1
Event: 17.021 Thread 0x00007f0398187000 Implicit null exception at 0x00007f0389b664fe to 0x00007f0389b677f5
Event: 17.858 Thread 0x00007f0398188800 Implicit null exception at 0x00007f03892eba6b to 0x00007f03892ebd75

Events (10 events):
Event: 19.230 Thread 0x00007f039816e000 DEOPT UNPACKING pc=0x00007f0389047633 sp=0x00007f036dbf6b28 mode 0
Event: 19.231 Thread 0x00007f039816e000 DEOPT PACKING pc=0x00007f0389660be3 sp=0x00007f036dbf6ec0
Event: 19.231 Thread 0x00007f039816e000 DEOPT UNPACKING pc=0x00007f0389047633 sp=0x00007f036dbf6c30 mode 0
Event: 19.232 Thread 0x00007f039816e000 DEOPT PACKING pc=0x00007f0389a7d359 sp=0x00007f036dbf6ee0
Event: 19.232 Thread 0x00007f039816e000 DEOPT UNPACKING pc=0x00007f0389047633 sp=0x00007f036dbf6c78 mode 0
Event: 19.240 Thread 0x00007f039816e000 DEOPT PACKING pc=0x00007f0389660be3 sp=0x00007f036dbf6ec0
Event: 19.240 Thread 0x00007f039816e000 DEOPT UNPACKING pc=0x00007f0389047633 sp=0x00007f036dbf6c30 mode 0
Event: 19.241 Thread 0x00007f039816e000 DEOPT PACKING pc=0x00007f0389a7d359 sp=0x00007f036dbf6d90
Event: 19.241 Thread 0x00007f039816e000 DEOPT UNPACKING pc=0x00007f0389047633 sp=0x00007f036dbf6b28 mode 0
Event: 19.242 Executing VM operation: ParallelGCFailedAllocation


Dynamic libraries:
00400000-00401000 r-xp 00000000 08:01 2491894                            /usr/lib/jvm/java-8-oracle/bin/java
00600000-00601000 rw-p 00000000 08:01 2491894                            /usr/lib/jvm/java-8-oracle/bin/java
00877000-00898000 rw-p 00000000 00:00 0                                  [heap]
6c0000000-6f3c80000 rw-p 00000000 00:00 0 
703b80000-76ab00000 ---p 00000000 00:00 0 
76ab00000-7c0000000 rw-p 00000000 00:00 0 
7c0000000-7c00c0000 rw-p 00000000 00:00 0 
7c00c0000-800000000 ---p 00000000 00:00 0 
7f0330000000-7f0330075000 rw-p 00000000 00:00 0 
7f0330075000-7f0334000000 ---p 00000000 00:00 0 
7f0334000000-7f0334029000 rw-p 00000000 00:00 0 
7f0334029000-7f0338000000 ---p 00000000 00:00 0 
7f0338000000-7f033804d000 rw-p 00000000 00:00 0 
7f033804d000-7f033c000000 ---p 00000000 00:00 0 
7f033c000000-7f033c06c000 rw-p 00000000 00:00 0 
7f033c06c000-7f0340000000 ---p 00000000 00:00 0 
7f0340000000-7f0340074000 rw-p 00000000 00:00 0 
7f0340074000-7f0344000000 ---p 00000000 00:00 0 
7f0344000000-7f0344021000 rw-p 00000000 00:00 0 
7f0344021000-7f0348000000 ---p 00000000 00:00 0 
7f0348000000-7f0348021000 rw-p 00000000 00:00 0 
7f0348021000-7f034c000000 ---p 00000000 00:00 0 
7f034c000000-7f034c021000 rw-p 00000000 00:00 0 
7f034c021000-7f0350000000 ---p 00000000 00:00 0 
7f0350000000-7f03512e7000 rw-p 00000000 00:00 0 
7f03512e7000-7f0354000000 ---p 00000000 00:00 0 
7f0354000000-7f035493f000 rw-p 00000000 00:00 0 
7f035493f000-7f0358000000 ---p 00000000 00:00 0 
7f0358000000-7f0358021000 rw-p 00000000 00:00 0 
7f0358021000-7f035c000000 ---p 00000000 00:00 0 
7f035c000000-7f035d81c000 rw-p 00000000 00:00 0 
7f035d81c000-7f0360000000 ---p 00000000 00:00 0 
7f0360000000-7f0360021000 rw-p 00000000 00:00 0 
7f0360021000-7f0364000000 ---p 00000000 00:00 0 
7f0364000000-7f0364021000 rw-p 00000000 00:00 0 
7f0364021000-7f0368000000 ---p 00000000 00:00 0 
7f0368000000-7f03682b7000 rw-p 00000000 00:00 0 
7f03682b7000-7f036c000000 ---p 00000000 00:00 0 
7f036daf8000-7f036dafb000 ---p 00000000 00:00 0 
7f036dafb000-7f036dbf9000 rw-p 00000000 00:00 0 
7f036dbf9000-7f036dbfc000 ---p 00000000 00:00 0 
7f036dbfc000-7f036dcfa000 rw-p 00000000 00:00 0 
7f036dcfa000-7f036dcfd000 ---p 00000000 00:00 0 
7f036dcfd000-7f036ddfb000 rw-p 00000000 00:00 0 
7f036ddfb000-7f036ddfe000 ---p 00000000 00:00 0 
7f036ddfe000-7f036defc000 rw-p 00000000 00:00 0 
7f036defc000-7f036deff000 ---p 00000000 00:00 0 
7f036deff000-7f036dffd000 rw-p 00000000 00:00 0 
7f036dffd000-7f036e000000 ---p 00000000 00:00 0 
7f036e000000-7f036e0fe000 rw-p 00000000 00:00 0 
7f036e0fe000-7f036e207000 r--s 00dd3000 08:01 403519                     /home/hemant/Workspace/AndroidStudioProjects/android/MyCity4Kids/MyCity4Kids/build/intermediates/transforms/jarMerging/debug/jars/1/1f/combined.jar
7f036e207000-7f036e208000 ---p 00000000 00:00 0 
7f036e208000-7f036e308000 rw-p 00000000 00:00 0 
7f036e308000-7f036e30b000 ---p 00000000 00:00 0 
7f036e30b000-7f036e409000 rw-p 00000000 00:00 0 
7f036e409000-7f036e40c000 ---p 00000000 00:00 0 
7f036e40c000-7f036e50a000 rw-p 00000000 00:00 0 
7f036e50a000-7f036e50d000 ---p 00000000 00:00 0 
7f036e50d000-7f036e60b000 rw-p 00000000 00:00 0 
7f036e60b000-7f036e60e000 ---p 00000000 00:00 0 
7f036e60e000-7f036e70c000 rw-p 00000000 00:00 0 
7f036e70c000-7f036e70f000 ---p 00000000 00:00 0 
7f036e70f000-7f036e80d000 rw-p 00000000 00:00 0 
7f036e80d000-7f036eeef000 r--p 00000000 08:01 2366464                    /usr/lib/locale/locale-archive
7f036eeef000-7f036eef2000 ---p 00000000 00:00 0 
7f036eef2000-7f036eff0000 rw-p 00000000 00:00 0 
7f036eff0000-7f036eff3000 ---p 00000000 00:00 0 
7f036eff3000-7f036f0f1000 rw-p 00000000 00:00 0 
7f036f0f1000-7f036f0f2000 ---p 00000000 00:00 0 
7f036f0f2000-7f0378000000 rw-p 00000000 00:00 0 
7f0378000000-7f037820e000 rw-p 00000000 00:00 0 
7f037820e000-7f037c000000 ---p 00000000 00:00 0 
7f037c000000-7f037c021000 rw-p 00000000 00:00 0 
7f037c021000-7f0380000000 ---p 00000000 00:00 0 
7f0380000000-7f03804d2000 rw-p 00000000 00:00 0 
7f03804d2000-7f0384000000 ---p 00000000 00:00 0 
7f0384000000-7f0384021000 rw-p 00000000 00:00 0 
7f0384021000-7f0388000000 ---p 00000000 00:00 0 
7f0388000000-7f0388700000 rw-p 00000000 00:00 0 
7f0388700000-7f0388800000 ---p 00000000 00:00 0 
7f0388800000-7f0389000000 rw-p 00000000 00:00 0 
7f0389000000-7f0389d00000 rwxp 00000000 00:00 0 
7f0389d00000-7f0398000000 ---p 00000000 00:00 0 
7f0398000000-7f0398430000 rw-p 00000000 00:00 0 
7f0398430000-7f039c000000 ---p 00000000 00:00 0 
7f039c04c000-7f039c241000 rw-p 00000000 00:00 0 
7f039c241000-7f039c41a000 r--s 03d3e000 08:01 2889715                    /usr/lib/jvm/java-8-oracle/jre/lib/rt.jar
7f039c41a000-7f039c490000 rw-p 00000000 00:00 0 
7f039c490000-7f039c491000 ---p 00000000 00:00 0 
7f039c491000-7f039c591000 rw-p 00000000 00:00 0 
7f039c591000-7f039c592000 ---p 00000000 00:00 0 
7f039c592000-7f039c692000 rw-p 00000000 00:00 0 
7f039c692000-7f039c693000 ---p 00000000 00:00 0 
7f039c693000-7f039c793000 rw-p 00000000 00:00 0 
7f039c793000-7f039c794000 ---p 00000000 00:00 0 
7f039c794000-7f039ca33000 rw-p 00000000 00:00 0 
7f039ca33000-7f039cdea000 ---p 00000000 00:00 0 
7f039cdea000-7f039cf89000 rw-p 00000000 00:00 0 
7f039cf89000-7f039d33f000 ---p 00000000 00:00 0 
7f039d33f000-7f039d5ea000 rw-p 00000000 00:00 0 
7f039d5ea000-7f039d61f000 rw-p 00000000 00:00 0 
7f039d61f000-7f039d9ab000 ---p 00000000 00:00 0 
7f039d9ab000-7f039d9c5000 r-xp 00000000 08:01 2889636                    /usr/lib/jvm/java-8-oracle/jre/lib/amd64/libzip.so
7f039d9c5000-7f039dbc5000 ---p 0001a000 08:01 2889636                    /usr/lib/jvm/java-8-oracle/jre/lib/amd64/libzip.so
7f039dbc5000-7f039dbc6000 rw-p 0001a000 08:01 2889636                    /usr/lib/jvm/java-8-oracle/jre/lib/amd64/libzip.so
7f039dbc6000-7f039dbd0000 r-xp 00000000 08:01 3943366                    /lib/x86_64-linux-gnu/libnss_files-2.19.so
7f039dbd0000-7f039ddcf000 ---p 0000a000 08:01 3943366                    /lib/x86_64-linux-gnu/libnss_files-2.19.so
7f039ddcf000-7f039ddd0000 r--p 00009000 08:01 3943366                    /lib/x86_64-linux-gnu/libnss_files-2.19.so
7f039ddd0000-7f039ddd1000 rw-p 0000a000 08:01 3943366                    /lib/x86_64-linux-gnu/libnss_files-2.19.so
7f039ddd1000-7f039dddc000 r-xp 00000000 08:01 3943358                    /lib/x86_64-linux-gnu/libnss_nis-2.19.so
7f039dddc000-7f039dfdb000 ---p 0000b000 08:01 3943358                    /lib/x86_64-linux-gnu/libnss_nis-2.19.so
7f039dfdb000-7f039dfdc000 r--p 0000a000 08:01 3943358                    /lib/x86_64-linux-gnu/libnss_nis-2.19.so
7f039dfdc000-7f039dfdd000 rw-p 0000b000 08:01 3943358                    /lib/x86_64-linux-gnu/libnss_nis-2.19.so
7f039dfdd000-7f039dff4000 r-xp 00000000 08:01 3943354                    /lib/x86_64-linux-gnu/libnsl-2.19.so
7f039dff4000-7f039e1f3000 ---p 00017000 08:01 3943354                    /lib/x86_64-linux-gnu/libnsl-2.19.so
7f039e1f3000-7f039e1f4000 r--p 00016000 08:01 3943354                    /lib/x86_64-linux-gnu/libnsl-2.19.so
7f039e1f4000-7f039e1f5000 rw-p 00017000 08:01 3943354                    /lib/x86_64-linux-gnu/libnsl-2.19.so
7f039e1f5000-7f039e1f7000 rw-p 00000000 00:00 0 
7f039e1f7000-7f039e200000 r-xp 00000000 08:01 3943353                    /lib/x86_64-linux-gnu/libnss_compat-2.19.so
7f039e200000-7f039e3ff000 ---p 00009000 08:01 3943353                    /lib/x86_64-linux-gnu/libnss_compat-2.19.so
7f039e3ff000-7f039e400000 r--p 00008000 08:01 3943353                    /lib/x86_64-linux-gnu/libnss_compat-2.19.so
7f039e400000-7f039e401000 rw-p 00009000 08:01 3943353                    /lib/x86_64-linux-gnu/libnss_compat-2.19.so
7f039e401000-7f039e42c000 r-xp 00000000 08:01 2889671                    /usr/lib/jvm/java-8-oracle/jre/lib/amd64/libjava.so
7f039e42c000-7f039e62b000 ---p 0002b000 08:01 2889671                    /usr/lib/jvm/java-8-oracle/jre/lib/amd64/libjava.so
7f039e62b000-7f039e62d000 rw-p 0002a000 08:01 2889671                    /usr/lib/jvm/java-8-oracle/jre/lib/amd64/libjava.so
7f039e62d000-7f039e63a000 r-xp 00000000 08:01 2889678                    /usr/lib/jvm/java-8-oracle/jre/lib/amd64/libverify.so
7f039e63a000-7f039e839000 ---p 0000d000 08:01 2889678                    /usr/lib/jvm/java-8-oracle/jre/lib/amd64/libverify.so
7f039e839000-7f039e83b000 rw-p 0000c000 08:01 2889678                    /usr/lib/jvm/java-8-oracle/jre/lib/amd64/libverify.so
7f039e83b000-7f039e842000 r-xp 00000000 08:01 3943362                    /lib/x86_64-linux-gnu/librt-2.19.so
7f039e842000-7f039ea41000 ---p 00007000 08:01 3943362                    /lib/x86_64-linux-gnu/librt-2.19.so
7f039ea41000-7f039ea42000 r--p 00006000 08:01 3943362                    /lib/x86_64-linux-gnu/librt-2.19.so
7f039ea42000-7f039ea43000 rw-p 00007000 08:01 3943362                    /lib/x86_64-linux-gnu/librt-2.19.so
7f039ea43000-7f039eb48000 r-xp 00000000 08:01 3938640                    /lib/x86_64-linux-gnu/libm-2.19.so
7f039eb48000-7f039ed47000 ---p 00105000 08:01 3938640                    /lib/x86_64-linux-gnu/libm-2.19.so
7f039ed47000-7f039ed48000 r--p 00104000 08:01 3938640                    /lib/x86_64-linux-gnu/libm-2.19.so
7f039ed48000-7f039ed49000 rw-p 00105000 08:01 3938640                    /lib/x86_64-linux-gnu/libm-2.19.so
7f039ed49000-7f039fa17000 r-xp 00000000 08:01 2889645                    /usr/lib/jvm/java-8-oracle/jre/lib/amd64/server/libjvm.so
7f039fa17000-7f039fc17000 ---p 00cce000 08:01 2889645                    /usr/lib/jvm/java-8-oracle/jre/lib/amd64/server/libjvm.so
7f039fc17000-7f039fcf0000 rw-p 00cce000 08:01 2889645                    /usr/lib/jvm/java-8-oracle/jre/lib/amd64/server/libjvm.so
7f039fcf0000-7f039fd3b000 rw-p 00000000 00:00 0 
7f039fd3b000-7f039fef5000 r-xp 00000000 08:01 3943363                    /lib/x86_64-linux-gnu/libc-2.19.so
7f039fef5000-7f03a00f5000 ---p 001ba000 08:01 3943363                    /lib/x86_64-linux-gnu/libc-2.19.so
7f03a00f5000-7f03a00f9000 r--p 001ba000 08:01 3943363                    /lib/x86_64-linux-gnu/libc-2.19.so
7f03a00f9000-7f03a00fb000 rw-p 001be000 08:01 3943363                    /lib/x86_64-linux-gnu/libc-2.19.so
7f03a00fb000-7f03a0100000 rw-p 00000000 00:00 0 
7f03a0100000-7f03a0103000 r-xp 00000000 08:01 3943350                    /lib/x86_64-linux-gnu/libdl-2.19.so
7f03a0103000-7f03a0302000 ---p 00003000 08:01 3943350                    /lib/x86_64-linux-gnu/libdl-2.19.so
7f03a0302000-7f03a0303000 r--p 00002000 08:01 3943350                    /lib/x86_64-linux-gnu/libdl-2.19.so
7f03a0303000-7f03a0304000 rw-p 00003000 08:01 3943350                    /lib/x86_64-linux-gnu/libdl-2.19.so
7f03a0304000-7f03a0319000 r-xp 00000000 08:01 2491932                    /usr/lib/jvm/java-8-oracle/lib/amd64/jli/libjli.so
7f03a0319000-7f03a0519000 ---p 00015000 08:01 2491932                    /usr/lib/jvm/java-8-oracle/lib/amd64/jli/libjli.so
7f03a0519000-7f03a051a000 rw-p 00015000 08:01 2491932                    /usr/lib/jvm/java-8-oracle/lib/amd64/jli/libjli.so
7f03a051a000-7f03a0533000 r-xp 00000000 08:01 3943355                    /lib/x86_64-linux-gnu/libpthread-2.19.so
7f03a0533000-7f03a0732000 ---p 00019000 08:01 3943355                    /lib/x86_64-linux-gnu/libpthread-2.19.so
7f03a0732000-7f03a0733000 r--p 00018000 08:01 3943355                    /lib/x86_64-linux-gnu/libpthread-2.19.so
7f03a0733000-7f03a0734000 rw-p 00019000 08:01 3943355                    /lib/x86_64-linux-gnu/libpthread-2.19.so
7f03a0734000-7f03a0738000 rw-p 00000000 00:00 0 
7f03a0738000-7f03a075b000 r-xp 00000000 08:01 3943356                    /lib/x86_64-linux-gnu/ld-2.19.so
7f03a075d000-7f03a0830000 rw-p 00000000 00:00 0 
7f03a0830000-7f03a0833000 ---p 00000000 00:00 0 
7f03a0833000-7f03a0935000 rw-p 00000000 00:00 0 
7f03a093f000-7f03a0940000 rw-p 00000000 00:00 0 
7f03a0940000-7f03a094e000 r--s 000e0000 08:01 6426979                    /home/hemant/Android/Sdk/build-tools/25.0.2/lib/dx.jar
7f03a094e000-7f03a0956000 rw-s 00000000 08:01 4609090                    /tmp/hsperfdata_hemant/13757
7f03a0956000-7f03a0957000 rw-p 00000000 00:00 0 
7f03a0957000-7f03a0958000 ---p 00000000 00:00 0 
7f03a0958000-7f03a095a000 rw-p 00000000 00:00 0 
7f03a095a000-7f03a095b000 r--p 00022000 08:01 3943356                    /lib/x86_64-linux-gnu/ld-2.19.so
7f03a095b000-7f03a095c000 rw-p 00023000 08:01 3943356                    /lib/x86_64-linux-gnu/ld-2.19.so
7f03a095c000-7f03a095d000 rw-p 00000000 00:00 0 
7ffe1ca8c000-7ffe1caad000 rw-p 00000000 00:00 0                          [stack]
7ffe1cb5e000-7ffe1cb60000 r--p 00000000 00:00 0                          [vvar]
7ffe1cb60000-7ffe1cb62000 r-xp 00000000 00:00 0                          [vdso]
ffffffffff600000-ffffffffff601000 r-xp 00000000 00:00 0                  [vsyscall]

VM Arguments:
jvm_args: -Djava.awt.headless=true -Xmx4g -Dfile.encoding=UTF-8 -Duser.country=IN -Duser.language=en -Duser.variant 
java_command: com.android.dx.command.Main --dex --num-threads=4 --multi-dex --main-dex-list /home/hemant/Workspace/AndroidStudioProjects/android/MyCity4Kids/MyCity4Kids/build/intermediates/multi-dex/debug/maindexlist.txt --output /home/hemant/Workspace/AndroidStudioProjects/android/MyCity4Kids/MyCity4Kids/build/intermediates/transforms/dex/debug/folders/1000/1f/main /home/hemant/Workspace/AndroidStudioProjects/android/MyCity4Kids/MyCity4Kids/build/intermediates/transforms/jarMerging/debug/jars/1/1f/combined.jar
java_class_path (initial): /home/hemant/Android/Sdk/build-tools/25.0.2/lib/dx.jar
Launcher Type: SUN_STANDARD

Environment Variables:
JAVA_HOME=/usr/lib/jvm/java-8-oracle
PATH=/usr/local/sbin:/usr/local/bin:/usr/sbin:/usr/bin:/sbin:/bin:/usr/games:/usr/local/games:/usr/lib/jvm/java-8-oracle/bin:/usr/lib/jvm/java-8-oracle/db/bin:/usr/lib/jvm/java-8-oracle/jre/bin
SHELL=/bin/bash
DISPLAY=:0

Signal Handlers:
SIGSEGV: [libjvm.so+0xac78c0], sa_mask[0]=11111111011111111101111111111110, sa_flags=SA_RESTART|SA_SIGINFO
SIGBUS: [libjvm.so+0xac78c0], sa_mask[0]=11111111011111111101111111111110, sa_flags=SA_RESTART|SA_SIGINFO
SIGFPE: [libjvm.so+0x920ac0], sa_mask[0]=11111111011111111101111111111110, sa_flags=SA_RESTART|SA_SIGINFO
SIGPIPE: [libjvm.so+0x920ac0], sa_mask[0]=11111111011111111101111111111110, sa_flags=SA_RESTART|SA_SIGINFO
SIGXFSZ: [libjvm.so+0x920ac0], sa_mask[0]=11111111011111111101111111111110, sa_flags=SA_RESTART|SA_SIGINFO
SIGILL: [libjvm.so+0x920ac0], sa_mask[0]=11111111011111111101111111111110, sa_flags=SA_RESTART|SA_SIGINFO
SIGUSR1: SIG_DFL, sa_mask[0]=00000000000000000000000000000000, sa_flags=none
SIGUSR2: [libjvm.so+0x922300], sa_mask[0]=00100000000000000000000000000000, sa_flags=SA_RESTART|SA_SIGINFO
SIGHUP: [libjvm.so+0x923700], sa_mask[0]=11111111011111111101111111111110, sa_flags=SA_RESTART|SA_SIGINFO
SIGINT: [libjvm.so+0x923700], sa_mask[0]=11111111011111111101111111111110, sa_flags=SA_RESTART|SA_SIGINFO
SIGTERM: [libjvm.so+0x923700], sa_mask[0]=11111111011111111101111111111110, sa_flags=SA_RESTART|SA_SIGINFO
SIGQUIT: [libjvm.so+0x923700], sa_mask[0]=11111111011111111101111111111110, sa_flags=SA_RESTART|SA_SIGINFO


---------------  S Y S T E M  ---------------

OS:DISTRIB_ID=Ubuntu
DISTRIB_RELEASE=14.04
DISTRIB_CODENAME=trusty
DISTRIB_DESCRIPTION="Ubuntu 14.04.5 LTS"

uname:Linux 4.4.0-66-generic #87~14.04.1-Ubuntu SMP Fri Mar 3 17:32:36 UTC 2017 x86_64
libc:glibc 2.19 NPTL 2.19 
rlimit: STACK 8192k, CORE 0k, NPROC 30943, NOFILE 4096, AS infinity
load average:2.84 1.24 0.84

/proc/meminfo:
MemTotal:        8056312 kB
MemFree:          128640 kB
MemAvailable:      63224 kB
Buffers:             828 kB
Cached:           778924 kB
SwapCached:        37480 kB
Active:          6384264 kB
Inactive:        1182624 kB
Active(anon):    6338216 kB
Inactive(anon):  1150556 kB
Active(file):      46048 kB
Inactive(file):    32068 kB
Unevictable:         496 kB
Mlocked:             496 kB
SwapTotal:       7812092 kB
SwapFree:              0 kB
Dirty:                84 kB
Writeback:             0 kB
AnonPages:       6756268 kB
Mapped:           674208 kB
Shmem:            700544 kB
Slab:             132176 kB
SReclaimable:      64564 kB
SUnreclaim:        67612 kB
KernelStack:       20112 kB
PageTables:       119524 kB
NFS_Unstable:          0 kB
Bounce:                0 kB
WritebackTmp:          0 kB
CommitLimit:    11840248 kB
Committed_AS:   27055116 kB
VmallocTotal:   34359738367 kB
VmallocUsed:           0 kB
VmallocChunk:          0 kB
HardwareCorrupted:     0 kB
AnonHugePages:   1687552 kB
CmaTotal:              0 kB
CmaFree:               0 kB
HugePages_Total:       0
HugePages_Free:        0
HugePages_Rsvd:        0
HugePages_Surp:        0
Hugepagesize:       2048 kB
DirectMap4k:      270312 kB
DirectMap2M:     7999488 kB
DirectMap1G:           0 kB


CPU:total 4 (4 cores per cpu, 1 threads per core) family 6 model 94 stepping 3, cmov, cx8, fxsr, mmx, sse, sse2, sse3, ssse3, sse4.1, sse4.2, popcnt, avx, avx2, aes, clmul, erms, rtm, 3dnowpref, lzcnt, tsc, tscinvbit, bmi1, bmi2, adx

/proc/cpuinfo:
processor	: 0
vendor_id	: GenuineIntel
cpu family	: 6
model		: 94
model name	: Intel(R) Core(TM) i5-6600K CPU @ 3.50GHz
stepping	: 3
microcode	: 0x74
cpu MHz		: 3673.769
cache size	: 6144 KB
physical id	: 0
siblings	: 4
core id		: 0
cpu cores	: 4
apicid		: 0
initial apicid	: 0
fpu		: yes
fpu_exception	: yes
cpuid level	: 22
wp		: yes
flags		: fpu vme de pse tsc msr pae mce cx8 apic sep mtrr pge mca cmov pat pse36 clflush dts acpi mmx fxsr sse sse2 ss ht tm pbe syscall nx pdpe1gb rdtscp lm constant_tsc art arch_perfmon pebs bts rep_good nopl xtopology nonstop_tsc aperfmperf eagerfpu pni pclmulqdq dtes64 monitor ds_cpl vmx est tm2 ssse3 sdbg fma cx16 xtpr pdcm pcid sse4_1 sse4_2 x2apic movbe popcnt tsc_deadline_timer aes xsave avx f16c rdrand lahf_lm abm 3dnowprefetch intel_pt tpr_shadow vnmi flexpriority ept vpid fsgsbase tsc_adjust bmi1 hle avx2 smep bmi2 erms invpcid rtm mpx rdseed adx smap clflushopt xsaveopt xsavec xgetbv1 dtherm ida arat pln pts hwp hwp_notify hwp_act_window hwp_epp
bugs		:
bogomips	: 7007.90
clflush size	: 64
cache_alignment	: 64
address sizes	: 39 bits physical, 48 bits virtual
power management:

processor	: 1
vendor_id	: GenuineIntel
cpu family	: 6
model		: 94
model name	: Intel(R) Core(TM) i5-6600K CPU @ 3.50GHz
stepping	: 3
microcode	: 0x74
cpu MHz		: 3651.347
cache size	: 6144 KB
physical id	: 0
siblings	: 4
core id		: 1
cpu cores	: 4
apicid		: 2
initial apicid	: 2
fpu		: yes
fpu_exception	: yes
cpuid level	: 22
wp		: yes
flags		: fpu vme de pse tsc msr pae mce cx8 apic sep mtrr pge mca cmov pat pse36 clflush dts acpi mmx fxsr sse sse2 ss ht tm pbe syscall nx pdpe1gb rdtscp lm constant_tsc art arch_perfmon pebs bts rep_good nopl xtopology nonstop_tsc aperfmperf eagerfpu pni pclmulqdq dtes64 monitor ds_cpl vmx est tm2 ssse3 sdbg fma cx16 xtpr pdcm pcid sse4_1 sse4_2 x2apic movbe popcnt tsc_deadline_timer aes xsave avx f16c rdrand lahf_lm abm 3dnowprefetch intel_pt tpr_shadow vnmi flexpriority ept vpid fsgsbase tsc_adjust bmi1 hle avx2 smep bmi2 erms invpcid rtm mpx rdseed adx smap clflushopt xsaveopt xsavec xgetbv1 dtherm ida arat pln pts hwp hwp_notify hwp_act_window hwp_epp
bugs		:
bogomips	: 7007.90
clflush size	: 64
cache_alignment	: 64
address sizes	: 39 bits physical, 48 bits virtual
power management:

processor	: 2
vendor_id	: GenuineIntel
cpu family	: 6
model		: 94
model name	: Intel(R) Core(TM) i5-6600K CPU @ 3.50GHz
stepping	: 3
microcode	: 0x74
cpu MHz		: 3697.285
cache size	: 6144 KB
physical id	: 0
siblings	: 4
core id		: 2
cpu cores	: 4
apicid		: 4
initial apicid	: 4
fpu		: yes
fpu_exception	: yes
cpuid level	: 22
wp		: yes
flags		: fpu vme de pse tsc msr pae mce cx8 apic sep mtrr pge mca cmov pat pse36 clflush dts acpi mmx fxsr sse sse2 ss ht tm pbe syscall nx pdpe1gb rdtscp lm constant_tsc art arch_perfmon pebs bts rep_good nopl xtopology nonstop_tsc aperfmperf eagerfpu pni pclmulqdq dtes64 monitor ds_cpl vmx est tm2 ssse3 sdbg fma cx16 xtpr pdcm pcid sse4_1 sse4_2 x2apic movbe popcnt tsc_deadline_timer aes xsave avx f16c rdrand lahf_lm abm 3dnowprefetch intel_pt tpr_shadow vnmi flexpriority ept vpid fsgsbase tsc_adjust bmi1 hle avx2 smep bmi2 erms invpcid rtm mpx rdseed adx smap clflushopt xsaveopt xsavec xgetbv1 dtherm ida arat pln pts hwp hwp_notify hwp_act_window hwp_epp
bugs		:
bogomips	: 7007.90
clflush size	: 64
cache_alignment	: 64
address sizes	: 39 bits physical, 48 bits virtual
power management:

processor	: 3
vendor_id	: GenuineIntel
cpu family	: 6
model		: 94
model name	: Intel(R) Core(TM) i5-6600K CPU @ 3.50GHz
stepping	: 3
microcode	: 0x74
cpu MHz		: 3620.449
cache size	: 6144 KB
physical id	: 0
siblings	: 4
core id		: 3
cpu cores	: 4
apicid		: 6
initial apicid	: 6
fpu		: yes
fpu_exception	: yes
cpuid level	: 22
wp		: yes
flags		: fpu vme de pse tsc msr pae mce cx8 apic sep mtrr pge mca cmov pat pse36 clflush dts acpi mmx fxsr sse sse2 ss ht tm pbe syscall nx pdpe1gb rdtscp lm constant_tsc art arch_perfmon pebs bts rep_good nopl xtopology nonstop_tsc aperfmperf eagerfpu pni pclmulqdq dtes64 monitor ds_cpl vmx est tm2 ssse3 sdbg fma cx16 xtpr pdcm pcid sse4_1 sse4_2 x2apic movbe popcnt tsc_deadline_timer aes xsave avx f16c rdrand lahf_lm abm 3dnowprefetch intel_pt tpr_shadow vnmi flexpriority ept vpid fsgsbase tsc_adjust bmi1 hle avx2 smep bmi2 erms invpcid rtm mpx rdseed adx smap clflushopt xsaveopt xsavec xgetbv1 dtherm ida arat pln pts hwp hwp_notify hwp_act_window hwp_epp
bugs		:
bogomips	: 7007.90
clflush size	: 64
cache_alignment	: 64
address sizes	: 39 bits physical, 48 bits virtual
power management:



Memory: 4k page, physical 8056312k(128640k free), swap 7812092k(0k free)

vm_info: Java HotSpot(TM) 64-Bit Server VM (25.121-b13) for linux-amd64 JRE (1.8.0_121-b13), built on Dec 12 2016 16:36:53 by "java_re" with gcc 4.3.0 20080428 (Red Hat 4.3.0-8)

time: Tue Jun 27 13:23:16 2017
elapsed time: 22 seconds (0d 0h 0m 22s)

